2020-05-23 08:43:57.121 WARN  [http-nio-1001-exec-6]org.springframework.web.servlet.PageNotFound.noHandlerFound:1251 -No mapping for GET /null
2020-05-23 09:28:29.149 WARN  [http-nio-1001-exec-2]org.springframework.web.servlet.PageNotFound.noHandlerFound:1251 -No mapping for GET /login.jsp;jsessionid=20E127B779373A944601CD97F019AD50
2020-05-23 09:29:28.121 WARN  [http-nio-1001-exec-5]org.springframework.web.servlet.PageNotFound.noHandlerFound:1251 -No mapping for OPTIONS /login.jsp
2020-05-23 09:29:37.235 WARN  [http-nio-1001-exec-9]org.springframework.web.servlet.PageNotFound.noHandlerFound:1251 -No mapping for GET /null
2020-05-23 10:12:58.579 WARN  [http-nio-1001-exec-3]org.springframework.web.servlet.PageNotFound.noHandlerFound:1251 -No mapping for OPTIONS /login.jsp
2020-05-23 10:13:06.326 WARN  [http-nio-1001-exec-5]org.springframework.web.servlet.PageNotFound.noHandlerFound:1251 -No mapping for GET /null
2020-05-23 10:13:19.245 WARN  [http-nio-1001-exec-6]org.springframework.web.servlet.PageNotFound.noHandlerFound:1251 -No mapping for GET /null
2020-05-23 10:20:35.912 WARN  [http-nio-1001-exec-9]org.springframework.web.servlet.PageNotFound.noHandlerFound:1251 -No mapping for GET /null
2020-05-23 10:28:53.407 WARN  [http-nio-1001-exec-1]org.springframework.web.servlet.PageNotFound.noHandlerFound:1251 -No mapping for GET /null
2020-05-23 10:30:20.578 WARN  [http-nio-1001-exec-5]org.springframework.web.servlet.PageNotFound.noHandlerFound:1251 -No mapping for GET /null
2020-05-23 10:30:42.992 WARN  [http-nio-1001-exec-8]org.springframework.web.servlet.PageNotFound.noHandlerFound:1251 -No mapping for GET /null
2020-05-23 10:31:30.939 WARN  [http-nio-1001-exec-1]org.springframework.web.servlet.PageNotFound.noHandlerFound:1251 -No mapping for GET /null
2020-05-23 10:38:19.519 WARN  [http-nio-1001-exec-5]org.springframework.web.servlet.PageNotFound.noHandlerFound:1251 -No mapping for GET /null
2020-05-23 10:39:19.645 WARN  [http-nio-1001-exec-9]org.springframework.web.servlet.PageNotFound.noHandlerFound:1251 -No mapping for GET /null
2020-05-23 10:40:26.478 WARN  [http-nio-1001-exec-3]org.springframework.web.servlet.PageNotFound.noHandlerFound:1251 -No mapping for GET /null
2020-05-23 10:50:14.170 WARN  [http-nio-1001-exec-6]org.springframework.web.servlet.PageNotFound.noHandlerFound:1251 -No mapping for GET /null
2020-05-23 10:51:19.549 WARN  [http-nio-1001-exec-8]org.springframework.web.servlet.PageNotFound.noHandlerFound:1251 -No mapping for GET /null
2020-05-23 10:55:27.835 WARN  [http-nio-1001-exec-4]org.springframework.web.servlet.PageNotFound.noHandlerFound:1251 -No mapping for GET /null
2020-05-23 11:14:31.728 WARN  [http-nio-1001-exec-7]org.springframework.web.servlet.PageNotFound.noHandlerFound:1251 -No mapping for GET /null
2020-05-23 11:18:45.178 WARN  [http-nio-1001-exec-10]org.springframework.web.servlet.PageNotFound.noHandlerFound:1251 -No mapping for GET /null
2020-05-23 11:18:57.156 WARN  [http-nio-1001-exec-2]org.springframework.web.servlet.PageNotFound.noHandlerFound:1251 -No mapping for GET /null
2020-05-23 11:19:00.747 WARN  [http-nio-1001-exec-5]o.s.w.s.mvc.support.DefaultHandlerExceptionResolver.logException:199 -Resolved [org.springframework.web.method.annotation.MethodArgumentTypeMismatchException: Failed to convert value of type 'java.lang.String' to required type 'java.lang.Integer'; nested exception is java.lang.NumberFormatException: For input string: "{id}"]
2020-05-23 11:19:36.241 WARN  [http-nio-1001-exec-6]o.s.w.s.mvc.support.DefaultHandlerExceptionResolver.logException:199 -Resolved [org.springframework.web.method.annotation.MethodArgumentTypeMismatchException: Failed to convert value of type 'java.lang.String' to required type 'java.lang.Integer'; nested exception is java.lang.NumberFormatException: For input string: "{id}"]
2020-05-23 11:19:48.210 WARN  [http-nio-1001-exec-7]o.s.w.s.mvc.support.DefaultHandlerExceptionResolver.logException:199 -Resolved [org.springframework.web.method.annotation.MethodArgumentTypeMismatchException: Failed to convert value of type 'java.lang.String' to required type 'java.lang.Integer'; nested exception is java.lang.NumberFormatException: For input string: "{id}"]
2020-05-23 11:21:05.737 WARN  [http-nio-1001-exec-9]o.s.w.s.mvc.support.DefaultHandlerExceptionResolver.logException:199 -Resolved [org.springframework.web.method.annotation.MethodArgumentTypeMismatchException: Failed to convert value of type 'java.lang.String' to required type 'java.lang.Integer'; nested exception is java.lang.NumberFormatException: For input string: "{id}"]
2020-05-23 11:25:38.189 WARN  [http-nio-1001-exec-8]o.s.w.s.mvc.support.DefaultHandlerExceptionResolver.logException:199 -Resolved [org.springframework.web.method.annotation.MethodArgumentTypeMismatchException: Failed to convert value of type 'java.lang.String' to required type 'java.lang.Integer'; nested exception is java.lang.NumberFormatException: For input string: "{id}"]
2020-05-23 11:26:49.238 WARN  [http-nio-1001-exec-10]o.s.w.s.mvc.support.DefaultHandlerExceptionResolver.logException:199 -Resolved [org.springframework.web.method.annotation.MethodArgumentTypeMismatchException: Failed to convert value of type 'java.lang.String' to required type 'java.lang.Integer'; nested exception is java.lang.NumberFormatException: For input string: "{id}"]
2020-05-23 11:28:10.678 WARN  [http-nio-1001-exec-3]org.springframework.web.servlet.PageNotFound.noHandlerFound:1251 -No mapping for GET /null
2020-05-23 11:28:14.690 WARN  [http-nio-1001-exec-4]o.s.w.s.mvc.support.DefaultHandlerExceptionResolver.logException:199 -Resolved [org.springframework.web.method.annotation.MethodArgumentTypeMismatchException: Failed to convert value of type 'java.lang.String' to required type 'java.lang.Integer'; nested exception is java.lang.NumberFormatException: For input string: "{id}"]
2020-05-23 11:28:39.618 WARN  [http-nio-1001-exec-5]o.s.w.s.mvc.support.DefaultHandlerExceptionResolver.logException:199 -Resolved [org.springframework.web.method.annotation.MethodArgumentTypeMismatchException: Failed to convert value of type 'java.lang.String' to required type 'java.lang.Integer'; nested exception is java.lang.NumberFormatException: For input string: "{id}"]
2020-05-23 11:35:26.261 WARN  [http-nio-1001-exec-9]org.springframework.web.servlet.PageNotFound.noHandlerFound:1251 -No mapping for GET /null
2020-05-23 11:35:31.762 WARN  [http-nio-1001-exec-10]o.s.w.s.mvc.support.DefaultHandlerExceptionResolver.logException:199 -Resolved [org.springframework.web.method.annotation.MethodArgumentTypeMismatchException: Failed to convert value of type 'java.lang.String' to required type 'java.lang.Integer'; nested exception is java.lang.NumberFormatException: For input string: "{id}"]
2020-05-23 11:35:45.802 WARN  [http-nio-1001-exec-3]org.springframework.web.servlet.PageNotFound.noHandlerFound:1251 -No mapping for GET /null
2020-05-23 11:35:48.604 WARN  [http-nio-1001-exec-4]o.s.w.s.mvc.support.DefaultHandlerExceptionResolver.logException:199 -Resolved [org.springframework.web.method.annotation.MethodArgumentTypeMismatchException: Failed to convert value of type 'java.lang.String' to required type 'java.lang.Integer'; nested exception is java.lang.NumberFormatException: For input string: "{id}"]
2020-05-23 11:36:05.099 WARN  [http-nio-1001-exec-5]o.s.w.s.mvc.support.DefaultHandlerExceptionResolver.logException:199 -Resolved [org.springframework.web.method.annotation.MethodArgumentTypeMismatchException: Failed to convert value of type 'java.lang.String' to required type 'java.lang.Integer'; nested exception is java.lang.NumberFormatException: For input string: "{id}"]
2020-05-23 11:36:27.069 WARN  [http-nio-1001-exec-7]org.springframework.web.servlet.PageNotFound.noHandlerFound:1251 -No mapping for GET /null
2020-05-23 11:36:31.185 WARN  [http-nio-1001-exec-8]o.s.w.s.mvc.support.DefaultHandlerExceptionResolver.logException:199 -Resolved [org.springframework.web.method.annotation.MethodArgumentTypeMismatchException: Failed to convert value of type 'java.lang.String' to required type 'java.lang.Integer'; nested exception is java.lang.NumberFormatException: For input string: "{id}"]
2020-05-23 12:14:02.796 WARN  [http-nio-1001-exec-2]org.springframework.web.servlet.PageNotFound.noHandlerFound:1251 -No mapping for OPTIONS /login.jsp
2020-05-23 12:14:15.328 WARN  [http-nio-1001-exec-6]org.springframework.web.servlet.PageNotFound.noHandlerFound:1251 -No mapping for GET /null
2020-05-23 12:14:17.982 WARN  [http-nio-1001-exec-7]o.s.w.s.mvc.support.DefaultHandlerExceptionResolver.logException:199 -Resolved [org.springframework.web.HttpRequestMethodNotSupportedException: Request method 'DELETE' not supported]
2020-05-23 12:14:51.458 WARN  [http-nio-1001-exec-9]org.springframework.web.servlet.PageNotFound.noHandlerFound:1251 -No mapping for GET /null
2020-05-23 12:14:54.838 WARN  [http-nio-1001-exec-2]o.s.w.s.mvc.support.DefaultHandlerExceptionResolver.logException:199 -Resolved [org.springframework.web.method.annotation.MethodArgumentTypeMismatchException: Failed to convert value of type 'java.lang.String' to required type 'java.lang.Integer'; nested exception is java.lang.NumberFormatException: For input string: "{id}"]
2020-05-23 12:17:30.571 WARN  [http-nio-1001-exec-7]org.springframework.web.servlet.PageNotFound.noHandlerFound:1251 -No mapping for GET /null
2020-05-23 12:17:34.693 WARN  [http-nio-1001-exec-10]o.s.w.s.mvc.support.DefaultHandlerExceptionResolver.logException:199 -Resolved [org.springframework.web.method.annotation.MethodArgumentTypeMismatchException: Failed to convert value of type 'java.lang.String' to required type 'java.lang.Integer'; nested exception is java.lang.NumberFormatException: For input string: "{id}"]
2020-05-23 12:18:14.945 WARN  [http-nio-1001-exec-1]org.springframework.web.servlet.PageNotFound.noHandlerFound:1251 -No mapping for GET /null
2020-05-23 12:18:19.269 WARN  [http-nio-1001-exec-3]o.s.w.s.mvc.support.DefaultHandlerExceptionResolver.logException:199 -Resolved [org.springframework.web.method.annotation.MethodArgumentTypeMismatchException: Failed to convert value of type 'java.lang.String' to required type 'java.lang.Integer'; nested exception is java.lang.NumberFormatException: For input string: "{id}"]
2020-05-23 12:20:53.797 WARN  [http-nio-1001-exec-5]org.springframework.web.servlet.PageNotFound.noHandlerFound:1251 -No mapping for GET /null
2020-05-23 12:20:57.373 WARN  [http-nio-1001-exec-8]o.s.w.s.mvc.support.DefaultHandlerExceptionResolver.logException:199 -Resolved [org.springframework.web.method.annotation.MethodArgumentTypeMismatchException: Failed to convert value of type 'java.lang.String' to required type 'java.lang.Integer'; nested exception is java.lang.NumberFormatException: For input string: "{id}"]
2020-05-23 12:24:02.031 WARN  [http-nio-1001-exec-9]o.s.w.s.mvc.support.DefaultHandlerExceptionResolver.logException:199 -Resolved [org.springframework.web.method.annotation.MethodArgumentTypeMismatchException: Failed to convert value of type 'java.lang.String' to required type 'java.lang.Integer'; nested exception is java.lang.NumberFormatException: For input string: "{id}"]
2020-05-23 12:48:36.943 WARN  [http-nio-1001-exec-5]org.springframework.web.servlet.PageNotFound.noHandlerFound:1251 -No mapping for GET /null
2020-05-23 12:50:19.578 WARN  [http-nio-1001-exec-10]org.springframework.web.servlet.PageNotFound.noHandlerFound:1251 -No mapping for GET /null
2020-05-23 13:11:08.240 WARN  [http-nio-1001-exec-8]org.springframework.web.servlet.PageNotFound.noHandlerFound:1251 -No mapping for GET /null
2020-05-23 13:25:49.477 WARN  [http-nio-1001-exec-2]org.springframework.web.servlet.PageNotFound.noHandlerFound:1251 -No mapping for GET /null
2020-05-23 13:26:06.127 WARN  [http-nio-1001-exec-6]org.springframework.web.servlet.PageNotFound.noHandlerFound:1251 -No mapping for GET /null
2020-05-23 13:26:44.375 WARN  [http-nio-1001-exec-8]org.springframework.web.servlet.PageNotFound.noHandlerFound:1251 -No mapping for GET /null
2020-05-23 13:28:09.822 WARN  [http-nio-1001-exec-1]org.springframework.web.servlet.PageNotFound.noHandlerFound:1251 -No mapping for GET /null
2020-05-23 13:29:37.191 WARN  [http-nio-1001-exec-5]org.springframework.web.servlet.PageNotFound.noHandlerFound:1251 -No mapping for GET /null
2020-05-23 13:32:49.174 WARN  [http-nio-1001-exec-1]org.springframework.web.servlet.PageNotFound.noHandlerFound:1251 -No mapping for GET /null
2020-05-23 13:35:08.468 WARN  [http-nio-1001-exec-6]org.springframework.web.servlet.PageNotFound.noHandlerFound:1251 -No mapping for GET /null
2020-05-23 13:37:31.087 WARN  [http-nio-1001-exec-8]org.springframework.web.servlet.PageNotFound.noHandlerFound:1251 -No mapping for GET /null
2020-05-23 13:48:41.610 WARN  [http-nio-1001-exec-2]org.springframework.web.servlet.PageNotFound.noHandlerFound:1251 -No mapping for GET /null
2020-05-23 13:51:14.678 WARN  [http-nio-1001-exec-6]org.springframework.web.servlet.PageNotFound.noHandlerFound:1251 -No mapping for GET /null
2020-05-23 14:00:38.555 WARN  [http-nio-1001-exec-8]org.springframework.web.servlet.PageNotFound.noHandlerFound:1251 -No mapping for GET /null
2020-05-23 14:01:49.483 WARN  [http-nio-1001-exec-1]org.springframework.web.servlet.PageNotFound.noHandlerFound:1251 -No mapping for GET /null
2020-05-23 14:18:01.168 WARN  [http-nio-1001-exec-7]org.springframework.web.servlet.PageNotFound.noHandlerFound:1251 -No mapping for GET /null
2020-05-23 14:18:02.997 WARN  [http-nio-1001-exec-1]org.springframework.web.servlet.PageNotFound.noHandlerFound:1251 -No mapping for GET /null
2020-05-23 14:18:42.965 WARN  [http-nio-1001-exec-6]org.springframework.web.servlet.PageNotFound.noHandlerFound:1251 -No mapping for GET /null
2020-05-23 14:24:07.688 WARN  [http-nio-1001-exec-10]org.springframework.web.servlet.PageNotFound.noHandlerFound:1251 -No mapping for GET /null
2020-05-23 16:35:48.944 WARN  [http-nio-1001-exec-4]org.springframework.web.servlet.PageNotFound.noHandlerFound:1251 -No mapping for OPTIONS /login.jsp
2020-05-23 16:35:57.934 WARN  [http-nio-1001-exec-10]org.springframework.web.servlet.PageNotFound.noHandlerFound:1251 -No mapping for GET /null
2020-05-23 17:09:30.151 WARN  [http-nio-1001-exec-3]org.springframework.web.servlet.PageNotFound.noHandlerFound:1251 -No mapping for OPTIONS /login.jsp
2020-05-23 17:14:50.296 WARN  [http-nio-1001-exec-8]org.springframework.web.servlet.PageNotFound.noHandlerFound:1251 -No mapping for GET /null
2020-05-23 17:36:27.447 WARN  [http-nio-1001-exec-8]org.springframework.web.servlet.PageNotFound.noHandlerFound:1251 -No mapping for GET /null
2020-05-23 17:37:21.675 WARN  [http-nio-1001-exec-4]org.springframework.web.servlet.PageNotFound.noHandlerFound:1251 -No mapping for GET /null
2020-05-23 17:38:43.163 WARN  [http-nio-1001-exec-8]org.springframework.web.servlet.PageNotFound.noHandlerFound:1251 -No mapping for GET /null
2020-05-23 17:41:27.138 WARN  [http-nio-1001-exec-9]org.springframework.web.servlet.PageNotFound.noHandlerFound:1251 -No mapping for GET /null
2020-05-23 17:43:32.549 WARN  [http-nio-1001-exec-2]org.springframework.web.servlet.PageNotFound.noHandlerFound:1251 -No mapping for GET /null
2020-05-23 17:44:38.789 WARN  [http-nio-1001-exec-7]org.springframework.web.servlet.PageNotFound.noHandlerFound:1251 -No mapping for GET /null
2020-05-23 17:45:38.784 WARN  [http-nio-1001-exec-4]org.springframework.web.servlet.PageNotFound.noHandlerFound:1251 -No mapping for GET /null
2020-05-23 18:06:45.666 WARN  [http-nio-1001-exec-3]org.springframework.web.servlet.PageNotFound.noHandlerFound:1251 -No mapping for GET /null
2020-05-23 18:42:14.557 WARN  [http-nio-1001-exec-5]org.springframework.web.servlet.PageNotFound.noHandlerFound:1251 -No mapping for OPTIONS /login.jsp
2020-05-23 18:42:23.056 WARN  [http-nio-1001-exec-4]org.springframework.web.servlet.PageNotFound.noHandlerFound:1251 -No mapping for GET /null
2020-05-23 18:43:18.684 WARN  [http-nio-1001-exec-2]org.springframework.web.servlet.PageNotFound.noHandlerFound:1251 -No mapping for GET /null
2020-05-23 18:45:08.814 WARN  [http-nio-1001-exec-10]org.springframework.web.servlet.PageNotFound.noHandlerFound:1251 -No mapping for GET /null
2020-05-23 18:53:12.213 WARN  [http-nio-1001-exec-1]org.springframework.web.servlet.PageNotFound.noHandlerFound:1251 -No mapping for GET /16c223baf1160a63ed84.hot-update.json
2020-05-23 18:53:15.229 WARN  [http-nio-1001-exec-8]org.springframework.web.servlet.PageNotFound.noHandlerFound:1251 -No mapping for GET /null
2020-05-23 18:54:08.240 WARN  [http-nio-1001-exec-7]org.springframework.web.servlet.PageNotFound.noHandlerFound:1251 -No mapping for GET /null
2020-05-23 18:54:49.297 WARN  [http-nio-1001-exec-9]org.springframework.web.servlet.PageNotFound.noHandlerFound:1251 -No mapping for GET /f5b7bbc98651819b1941.hot-update.json
2020-05-23 18:54:51.196 WARN  [http-nio-1001-exec-3]org.springframework.web.servlet.PageNotFound.noHandlerFound:1251 -No mapping for GET /null
2020-05-23 18:55:39.746 WARN  [http-nio-1001-exec-5]org.springframework.web.servlet.PageNotFound.noHandlerFound:1251 -No mapping for GET /null
2020-05-23 19:09:02.954 WARN  [http-nio-1001-exec-4]org.springframework.web.servlet.PageNotFound.noHandlerFound:1251 -No mapping for GET /42cf9fc739249bbeb0a5.hot-update.json
2020-05-23 19:09:04.364 WARN  [http-nio-1001-exec-1]org.springframework.web.servlet.PageNotFound.noHandlerFound:1251 -No mapping for GET /null
2020-05-23 19:28:53.391 WARN  [http-nio-1001-exec-2]org.springframework.web.servlet.PageNotFound.noHandlerFound:1251 -No mapping for GET /7aa278d3887b659b5e0b.hot-update.json
2020-05-23 19:28:55.673 WARN  [http-nio-1001-exec-5]org.springframework.web.servlet.PageNotFound.noHandlerFound:1251 -No mapping for GET /null
2020-05-23 19:29:25.347 WARN  [http-nio-1001-exec-9]org.springframework.web.servlet.PageNotFound.noHandlerFound:1251 -No mapping for GET /null
2020-05-23 19:47:56.013 WARN  [http-nio-1001-exec-10]org.springframework.web.servlet.PageNotFound.noHandlerFound:1251 -No mapping for GET /null
2020-05-23 19:48:45.113 WARN  [http-nio-1001-exec-1]org.springframework.web.servlet.PageNotFound.noHandlerFound:1251 -No mapping for GET /null
2020-05-23 20:12:32.579 WARN  [http-nio-1001-exec-7]org.springframework.web.servlet.PageNotFound.noHandlerFound:1251 -No mapping for GET /4982ec3f7d6bae9ad482.hot-update.json
2020-05-23 20:12:34.964 WARN  [http-nio-1001-exec-4]org.springframework.web.servlet.PageNotFound.noHandlerFound:1251 -No mapping for GET /null
2020-05-23 20:14:26.918 WARN  [http-nio-1001-exec-8]org.springframework.web.servlet.PageNotFound.noHandlerFound:1251 -No mapping for GET /null
2020-05-23 20:15:24.714 WARN  [http-nio-1001-exec-7]org.springframework.web.servlet.PageNotFound.noHandlerFound:1251 -No mapping for GET /null
2020-05-23 20:15:57.693 WARN  [http-nio-1001-exec-3]org.springframework.web.servlet.PageNotFound.noHandlerFound:1251 -No mapping for GET /ec19198168f707cba66f.hot-update.json
2020-05-23 20:16:01.034 WARN  [http-nio-1001-exec-8]org.springframework.web.servlet.PageNotFound.noHandlerFound:1251 -No mapping for GET /null
2020-05-23 20:18:01.611 WARN  [http-nio-1001-exec-3]org.springframework.web.servlet.PageNotFound.noHandlerFound:1251 -No mapping for GET /null
