2020-11-12 19:18:00.902 INFO  [main]com.jg.blog.BlogApplication.logStarting:55 -Starting BlogApplication on DESKTOP-LD5PAQI with PID 2556 (E:\Ideadaima\blog\target\classes started by adminstrator in E:\Ideadaima\blog)
2020-11-12 19:18:00.958 INFO  [main]com.jg.blog.BlogApplication.logStartupProfileInfo:655 -The following profiles are active: dev
2020-11-12 19:18:06.705 INFO  [main]o.s.d.repository.config.RepositoryConfigurationDelegate.registerRepositoriesIn:127 -Bootstrapping Spring Data MongoDB repositories in DEFAULT mode.
2020-11-12 19:18:07.173 INFO  [main]o.s.d.repository.config.RepositoryConfigurationDelegate.registerRepositoriesIn:187 -Finished Spring Data repository scanning in 451ms. Found 4 MongoDB repository interfaces.
2020-11-12 19:18:08.414 INFO  [main]o.s.c.s.PostProcessorRegistrationDelegate$BeanPostProcessorChecker.postProcessAfterInitialization:330 -Bean 'org.springframework.transaction.annotation.ProxyTransactionManagementConfiguration' of type [org.springframework.transaction.annotation.ProxyTransactionManagementConfiguration] is not eligible for getting processed by all BeanPostProcessors (for example: not eligible for auto-proxying)
2020-11-12 19:18:09.229 INFO  [main]o.s.c.s.PostProcessorRegistrationDelegate$BeanPostProcessorChecker.postProcessAfterInitialization:330 -Bean 'shiroConfig' of type [com.jg.blog.config.ShiroConfig$$EnhancerBySpringCGLIB$$9f78793] is not eligible for getting processed by all BeanPostProcessors (for example: not eligible for auto-proxying)
2020-11-12 19:18:09.420 INFO  [main]o.s.c.s.PostProcessorRegistrationDelegate$BeanPostProcessorChecker.postProcessAfterInitialization:330 -Bean 'mybatis-org.mybatis.spring.boot.autoconfigure.MybatisProperties' of type [org.mybatis.spring.boot.autoconfigure.MybatisProperties] is not eligible for getting processed by all BeanPostProcessors (for example: not eligible for auto-proxying)
2020-11-12 19:18:09.457 INFO  [main]o.s.c.s.PostProcessorRegistrationDelegate$BeanPostProcessorChecker.postProcessAfterInitialization:330 -Bean 'org.mybatis.spring.boot.autoconfigure.MybatisAutoConfiguration' of type [org.mybatis.spring.boot.autoconfigure.MybatisAutoConfiguration$$EnhancerBySpringCGLIB$$f04ac60f] is not eligible for getting processed by all BeanPostProcessors (for example: not eligible for auto-proxying)
2020-11-12 19:18:09.473 INFO  [main]o.s.c.s.PostProcessorRegistrationDelegate$BeanPostProcessorChecker.postProcessAfterInitialization:330 -Bean 'com.alibaba.druid.spring.boot.autoconfigure.DruidDataSourceAutoConfigure' of type [com.alibaba.druid.spring.boot.autoconfigure.DruidDataSourceAutoConfigure$$EnhancerBySpringCGLIB$$d7226a51] is not eligible for getting processed by all BeanPostProcessors (for example: not eligible for auto-proxying)
2020-11-12 19:18:09.479 INFO  [main]c.a.d.s.boot.autoconfigure.DruidDataSourceAutoConfigure.dataSource:56 -Init DruidDataSource
2020-11-12 19:18:09.730 INFO  [main]o.s.c.s.PostProcessorRegistrationDelegate$BeanPostProcessorChecker.postProcessAfterInitialization:330 -Bean 'spring.datasource-org.springframework.boot.autoconfigure.jdbc.DataSourceProperties' of type [org.springframework.boot.autoconfigure.jdbc.DataSourceProperties] is not eligible for getting processed by all BeanPostProcessors (for example: not eligible for auto-proxying)
2020-11-12 19:18:09.753 INFO  [main]o.s.c.s.PostProcessorRegistrationDelegate$BeanPostProcessorChecker.postProcessAfterInitialization:330 -Bean 'com.alibaba.druid.spring.boot.autoconfigure.stat.DruidFilterConfiguration' of type [com.alibaba.druid.spring.boot.autoconfigure.stat.DruidFilterConfiguration] is not eligible for getting processed by all BeanPostProcessors (for example: not eligible for auto-proxying)
2020-11-12 19:18:09.885 INFO  [main]o.s.c.s.PostProcessorRegistrationDelegate$BeanPostProcessorChecker.postProcessAfterInitialization:330 -Bean 'statFilter' of type [com.alibaba.druid.filter.stat.StatFilter] is not eligible for getting processed by all BeanPostProcessors (for example: not eligible for auto-proxying)
2020-11-12 19:18:31.787 INFO  [main]com.alibaba.druid.pool.DruidDataSource.init:930 -{dataSource-1} inited
2020-11-12 19:18:31.846 INFO  [main]o.s.b.a.logging.ConditionEvaluationReportLoggingListener.logMessage:136 -

Error starting ApplicationContext. To display the conditions report re-run your application with 'debug' enabled.
2020-11-12 19:19:17.779 INFO  [main]com.jg.blog.BlogApplication.logStarting:55 -Starting BlogApplication on DESKTOP-LD5PAQI with PID 11652 (E:\Ideadaima\blog\target\classes started by adminstrator in E:\Ideadaima\blog)
2020-11-12 19:19:17.786 INFO  [main]com.jg.blog.BlogApplication.logStartupProfileInfo:655 -The following profiles are active: dev
2020-11-12 19:19:20.034 INFO  [main]o.s.d.repository.config.RepositoryConfigurationDelegate.registerRepositoriesIn:127 -Bootstrapping Spring Data MongoDB repositories in DEFAULT mode.
2020-11-12 19:19:20.182 INFO  [main]o.s.d.repository.config.RepositoryConfigurationDelegate.registerRepositoriesIn:187 -Finished Spring Data repository scanning in 132ms. Found 4 MongoDB repository interfaces.
2020-11-12 19:19:20.833 INFO  [main]o.s.c.s.PostProcessorRegistrationDelegate$BeanPostProcessorChecker.postProcessAfterInitialization:330 -Bean 'org.springframework.transaction.annotation.ProxyTransactionManagementConfiguration' of type [org.springframework.transaction.annotation.ProxyTransactionManagementConfiguration] is not eligible for getting processed by all BeanPostProcessors (for example: not eligible for auto-proxying)
2020-11-12 19:19:20.975 INFO  [main]o.s.c.s.PostProcessorRegistrationDelegate$BeanPostProcessorChecker.postProcessAfterInitialization:330 -Bean 'shiroConfig' of type [com.jg.blog.config.ShiroConfig$$EnhancerBySpringCGLIB$$32e44fcd] is not eligible for getting processed by all BeanPostProcessors (for example: not eligible for auto-proxying)
2020-11-12 19:19:21.042 INFO  [main]o.s.c.s.PostProcessorRegistrationDelegate$BeanPostProcessorChecker.postProcessAfterInitialization:330 -Bean 'mybatis-org.mybatis.spring.boot.autoconfigure.MybatisProperties' of type [org.mybatis.spring.boot.autoconfigure.MybatisProperties] is not eligible for getting processed by all BeanPostProcessors (for example: not eligible for auto-proxying)
2020-11-12 19:19:21.067 INFO  [main]o.s.c.s.PostProcessorRegistrationDelegate$BeanPostProcessorChecker.postProcessAfterInitialization:330 -Bean 'org.mybatis.spring.boot.autoconfigure.MybatisAutoConfiguration' of type [org.mybatis.spring.boot.autoconfigure.MybatisAutoConfiguration$$EnhancerBySpringCGLIB$$19378e49] is not eligible for getting processed by all BeanPostProcessors (for example: not eligible for auto-proxying)
2020-11-12 19:19:21.077 INFO  [main]o.s.c.s.PostProcessorRegistrationDelegate$BeanPostProcessorChecker.postProcessAfterInitialization:330 -Bean 'com.alibaba.druid.spring.boot.autoconfigure.DruidDataSourceAutoConfigure' of type [com.alibaba.druid.spring.boot.autoconfigure.DruidDataSourceAutoConfigure$$EnhancerBySpringCGLIB$$f328b] is not eligible for getting processed by all BeanPostProcessors (for example: not eligible for auto-proxying)
2020-11-12 19:19:21.085 INFO  [main]c.a.d.s.boot.autoconfigure.DruidDataSourceAutoConfigure.dataSource:56 -Init DruidDataSource
2020-11-12 19:19:21.192 INFO  [main]o.s.c.s.PostProcessorRegistrationDelegate$BeanPostProcessorChecker.postProcessAfterInitialization:330 -Bean 'spring.datasource-org.springframework.boot.autoconfigure.jdbc.DataSourceProperties' of type [org.springframework.boot.autoconfigure.jdbc.DataSourceProperties] is not eligible for getting processed by all BeanPostProcessors (for example: not eligible for auto-proxying)
2020-11-12 19:19:21.244 INFO  [main]o.s.c.s.PostProcessorRegistrationDelegate$BeanPostProcessorChecker.postProcessAfterInitialization:330 -Bean 'com.alibaba.druid.spring.boot.autoconfigure.stat.DruidFilterConfiguration' of type [com.alibaba.druid.spring.boot.autoconfigure.stat.DruidFilterConfiguration] is not eligible for getting processed by all BeanPostProcessors (for example: not eligible for auto-proxying)
2020-11-12 19:19:21.301 INFO  [main]o.s.c.s.PostProcessorRegistrationDelegate$BeanPostProcessorChecker.postProcessAfterInitialization:330 -Bean 'statFilter' of type [com.alibaba.druid.filter.stat.StatFilter] is not eligible for getting processed by all BeanPostProcessors (for example: not eligible for auto-proxying)
2020-11-12 19:19:42.943 INFO  [main]com.alibaba.druid.pool.DruidDataSource.init:930 -{dataSource-1} inited
2020-11-12 19:19:42.963 INFO  [main]o.s.b.a.logging.ConditionEvaluationReportLoggingListener.logMessage:136 -

Error starting ApplicationContext. To display the conditions report re-run your application with 'debug' enabled.
2020-11-12 19:21:34.604 INFO  [main]com.jg.blog.BlogApplication.logStarting:55 -Starting BlogApplication on DESKTOP-LD5PAQI with PID 13448 (E:\Ideadaima\blog\target\classes started by adminstrator in E:\Ideadaima\blog)
2020-11-12 19:21:34.610 INFO  [main]com.jg.blog.BlogApplication.logStartupProfileInfo:655 -The following profiles are active: dev
2020-11-12 19:21:35.933 INFO  [main]o.s.d.repository.config.RepositoryConfigurationDelegate.registerRepositoriesIn:127 -Bootstrapping Spring Data MongoDB repositories in DEFAULT mode.
2020-11-12 19:21:36.184 INFO  [main]o.s.d.repository.config.RepositoryConfigurationDelegate.registerRepositoriesIn:187 -Finished Spring Data repository scanning in 243ms. Found 4 MongoDB repository interfaces.
2020-11-12 19:21:36.770 INFO  [main]o.s.c.s.PostProcessorRegistrationDelegate$BeanPostProcessorChecker.postProcessAfterInitialization:330 -Bean 'org.springframework.transaction.annotation.ProxyTransactionManagementConfiguration' of type [org.springframework.transaction.annotation.ProxyTransactionManagementConfiguration] is not eligible for getting processed by all BeanPostProcessors (for example: not eligible for auto-proxying)
2020-11-12 19:21:36.930 INFO  [main]o.s.c.s.PostProcessorRegistrationDelegate$BeanPostProcessorChecker.postProcessAfterInitialization:330 -Bean 'shiroConfig' of type [com.jg.blog.config.ShiroConfig$$EnhancerBySpringCGLIB$$a3335aa1] is not eligible for getting processed by all BeanPostProcessors (for example: not eligible for auto-proxying)
2020-11-12 19:21:36.991 INFO  [main]o.s.c.s.PostProcessorRegistrationDelegate$BeanPostProcessorChecker.postProcessAfterInitialization:330 -Bean 'mybatis-org.mybatis.spring.boot.autoconfigure.MybatisProperties' of type [org.mybatis.spring.boot.autoconfigure.MybatisProperties] is not eligible for getting processed by all BeanPostProcessors (for example: not eligible for auto-proxying)
2020-11-12 19:21:37.010 INFO  [main]o.s.c.s.PostProcessorRegistrationDelegate$BeanPostProcessorChecker.postProcessAfterInitialization:330 -Bean 'org.mybatis.spring.boot.autoconfigure.MybatisAutoConfiguration' of type [org.mybatis.spring.boot.autoconfigure.MybatisAutoConfiguration$$EnhancerBySpringCGLIB$$8986991d] is not eligible for getting processed by all BeanPostProcessors (for example: not eligible for auto-proxying)
2020-11-12 19:21:37.016 INFO  [main]o.s.c.s.PostProcessorRegistrationDelegate$BeanPostProcessorChecker.postProcessAfterInitialization:330 -Bean 'com.alibaba.druid.spring.boot.autoconfigure.DruidDataSourceAutoConfigure' of type [com.alibaba.druid.spring.boot.autoconfigure.DruidDataSourceAutoConfigure$$EnhancerBySpringCGLIB$$705e3d5f] is not eligible for getting processed by all BeanPostProcessors (for example: not eligible for auto-proxying)
2020-11-12 19:21:37.022 INFO  [main]c.a.d.s.boot.autoconfigure.DruidDataSourceAutoConfigure.dataSource:56 -Init DruidDataSource
2020-11-12 19:21:37.086 INFO  [main]o.s.c.s.PostProcessorRegistrationDelegate$BeanPostProcessorChecker.postProcessAfterInitialization:330 -Bean 'spring.datasource-org.springframework.boot.autoconfigure.jdbc.DataSourceProperties' of type [org.springframework.boot.autoconfigure.jdbc.DataSourceProperties] is not eligible for getting processed by all BeanPostProcessors (for example: not eligible for auto-proxying)
2020-11-12 19:21:37.117 INFO  [main]o.s.c.s.PostProcessorRegistrationDelegate$BeanPostProcessorChecker.postProcessAfterInitialization:330 -Bean 'com.alibaba.druid.spring.boot.autoconfigure.stat.DruidFilterConfiguration' of type [com.alibaba.druid.spring.boot.autoconfigure.stat.DruidFilterConfiguration] is not eligible for getting processed by all BeanPostProcessors (for example: not eligible for auto-proxying)
2020-11-12 19:21:37.154 INFO  [main]o.s.c.s.PostProcessorRegistrationDelegate$BeanPostProcessorChecker.postProcessAfterInitialization:330 -Bean 'statFilter' of type [com.alibaba.druid.filter.stat.StatFilter] is not eligible for getting processed by all BeanPostProcessors (for example: not eligible for auto-proxying)
2020-11-12 19:21:58.660 INFO  [main]com.alibaba.druid.pool.DruidDataSource.init:930 -{dataSource-1} inited
2020-11-12 19:21:58.677 INFO  [main]o.s.b.a.logging.ConditionEvaluationReportLoggingListener.logMessage:136 -

Error starting ApplicationContext. To display the conditions report re-run your application with 'debug' enabled.
2020-11-12 19:28:01.930 INFO  [main]com.jg.blog.BlogApplication.logStarting:55 -Starting BlogApplication on DESKTOP-LD5PAQI with PID 8712 (E:\Ideadaima\blog\target\classes started by adminstrator in E:\Ideadaima\blog)
2020-11-12 19:28:01.941 INFO  [main]com.jg.blog.BlogApplication.logStartupProfileInfo:655 -The following profiles are active: dev
2020-11-12 19:28:03.394 INFO  [main]o.s.d.repository.config.RepositoryConfigurationDelegate.registerRepositoriesIn:127 -Bootstrapping Spring Data MongoDB repositories in DEFAULT mode.
2020-11-12 19:28:03.518 INFO  [main]o.s.d.repository.config.RepositoryConfigurationDelegate.registerRepositoriesIn:187 -Finished Spring Data repository scanning in 117ms. Found 4 MongoDB repository interfaces.
2020-11-12 19:28:03.927 INFO  [main]o.s.c.s.PostProcessorRegistrationDelegate$BeanPostProcessorChecker.postProcessAfterInitialization:330 -Bean 'org.springframework.transaction.annotation.ProxyTransactionManagementConfiguration' of type [org.springframework.transaction.annotation.ProxyTransactionManagementConfiguration] is not eligible for getting processed by all BeanPostProcessors (for example: not eligible for auto-proxying)
2020-11-12 19:28:04.078 INFO  [main]o.s.c.s.PostProcessorRegistrationDelegate$BeanPostProcessorChecker.postProcessAfterInitialization:330 -Bean 'shiroConfig' of type [com.jg.blog.config.ShiroConfig$$EnhancerBySpringCGLIB$$a71998b2] is not eligible for getting processed by all BeanPostProcessors (for example: not eligible for auto-proxying)
2020-11-12 19:28:04.159 INFO  [main]o.s.c.s.PostProcessorRegistrationDelegate$BeanPostProcessorChecker.postProcessAfterInitialization:330 -Bean 'mybatis-org.mybatis.spring.boot.autoconfigure.MybatisProperties' of type [org.mybatis.spring.boot.autoconfigure.MybatisProperties] is not eligible for getting processed by all BeanPostProcessors (for example: not eligible for auto-proxying)
2020-11-12 19:28:04.187 INFO  [main]o.s.c.s.PostProcessorRegistrationDelegate$BeanPostProcessorChecker.postProcessAfterInitialization:330 -Bean 'org.mybatis.spring.boot.autoconfigure.MybatisAutoConfiguration' of type [org.mybatis.spring.boot.autoconfigure.MybatisAutoConfiguration$$EnhancerBySpringCGLIB$$8d6cd72e] is not eligible for getting processed by all BeanPostProcessors (for example: not eligible for auto-proxying)
2020-11-12 19:28:04.198 INFO  [main]o.s.c.s.PostProcessorRegistrationDelegate$BeanPostProcessorChecker.postProcessAfterInitialization:330 -Bean 'com.alibaba.druid.spring.boot.autoconfigure.DruidDataSourceAutoConfigure' of type [com.alibaba.druid.spring.boot.autoconfigure.DruidDataSourceAutoConfigure$$EnhancerBySpringCGLIB$$74447b70] is not eligible for getting processed by all BeanPostProcessors (for example: not eligible for auto-proxying)
2020-11-12 19:28:04.208 INFO  [main]c.a.d.s.boot.autoconfigure.DruidDataSourceAutoConfigure.dataSource:56 -Init DruidDataSource
2020-11-12 19:28:04.293 INFO  [main]o.s.c.s.PostProcessorRegistrationDelegate$BeanPostProcessorChecker.postProcessAfterInitialization:330 -Bean 'spring.datasource-org.springframework.boot.autoconfigure.jdbc.DataSourceProperties' of type [org.springframework.boot.autoconfigure.jdbc.DataSourceProperties] is not eligible for getting processed by all BeanPostProcessors (for example: not eligible for auto-proxying)
2020-11-12 19:28:04.315 INFO  [main]o.s.c.s.PostProcessorRegistrationDelegate$BeanPostProcessorChecker.postProcessAfterInitialization:330 -Bean 'com.alibaba.druid.spring.boot.autoconfigure.stat.DruidFilterConfiguration' of type [com.alibaba.druid.spring.boot.autoconfigure.stat.DruidFilterConfiguration] is not eligible for getting processed by all BeanPostProcessors (for example: not eligible for auto-proxying)
2020-11-12 19:28:04.350 INFO  [main]o.s.c.s.PostProcessorRegistrationDelegate$BeanPostProcessorChecker.postProcessAfterInitialization:330 -Bean 'statFilter' of type [com.alibaba.druid.filter.stat.StatFilter] is not eligible for getting processed by all BeanPostProcessors (for example: not eligible for auto-proxying)
2020-11-12 19:28:09.631 INFO  [main]com.alibaba.druid.pool.DruidDataSource.init:930 -{dataSource-1} inited
2020-11-12 19:28:09.633 INFO  [main]o.s.c.s.PostProcessorRegistrationDelegate$BeanPostProcessorChecker.postProcessAfterInitialization:330 -Bean 'dataSource' of type [com.alibaba.druid.spring.boot.autoconfigure.DruidDataSourceWrapper] is not eligible for getting processed by all BeanPostProcessors (for example: not eligible for auto-proxying)
2020-11-12 19:28:09.783 INFO  [main]o.s.c.s.PostProcessorRegistrationDelegate$BeanPostProcessorChecker.postProcessAfterInitialization:330 -Bean 'org.springframework.boot.autoconfigure.jdbc.DataSourceInitializerInvoker' of type [org.springframework.boot.autoconfigure.jdbc.DataSourceInitializerInvoker] is not eligible for getting processed by all BeanPostProcessors (for example: not eligible for auto-proxying)
2020-11-12 19:28:11.582 INFO  [main]o.s.c.s.PostProcessorRegistrationDelegate$BeanPostProcessorChecker.postProcessAfterInitialization:330 -Bean 'sqlSessionFactory' of type [org.apache.ibatis.session.defaults.DefaultSqlSessionFactory] is not eligible for getting processed by all BeanPostProcessors (for example: not eligible for auto-proxying)
2020-11-12 19:28:11.606 INFO  [main]o.s.c.s.PostProcessorRegistrationDelegate$BeanPostProcessorChecker.postProcessAfterInitialization:330 -Bean 'sqlSessionTemplate' of type [org.mybatis.spring.SqlSessionTemplate] is not eligible for getting processed by all BeanPostProcessors (for example: not eligible for auto-proxying)
2020-11-12 19:28:11.634 INFO  [main]o.s.c.s.PostProcessorRegistrationDelegate$BeanPostProcessorChecker.postProcessAfterInitialization:330 -Bean 'adminMapper' of type [org.mybatis.spring.mapper.MapperFactoryBean] is not eligible for getting processed by all BeanPostProcessors (for example: not eligible for auto-proxying)
2020-11-12 19:28:11.639 INFO  [main]o.s.c.s.PostProcessorRegistrationDelegate$BeanPostProcessorChecker.postProcessAfterInitialization:330 -Bean 'adminMapper' of type [com.sun.proxy.$Proxy89] is not eligible for getting processed by all BeanPostProcessors (for example: not eligible for auto-proxying)
2020-11-12 19:28:11.642 INFO  [main]o.s.c.s.PostProcessorRegistrationDelegate$BeanPostProcessorChecker.postProcessAfterInitialization:330 -Bean 'adminServiceImpl' of type [com.jg.blog.service.impl.AdminServiceImpl] is not eligible for getting processed by all BeanPostProcessors (for example: not eligible for auto-proxying)
2020-11-12 19:28:11.648 INFO  [main]o.s.c.s.PostProcessorRegistrationDelegate$BeanPostProcessorChecker.postProcessAfterInitialization:330 -Bean 'userMapper' of type [org.mybatis.spring.mapper.MapperFactoryBean] is not eligible for getting processed by all BeanPostProcessors (for example: not eligible for auto-proxying)
2020-11-12 19:28:11.650 INFO  [main]o.s.c.s.PostProcessorRegistrationDelegate$BeanPostProcessorChecker.postProcessAfterInitialization:330 -Bean 'userMapper' of type [com.sun.proxy.$Proxy91] is not eligible for getting processed by all BeanPostProcessors (for example: not eligible for auto-proxying)
2020-11-12 19:28:11.689 INFO  [main]o.s.c.s.PostProcessorRegistrationDelegate$BeanPostProcessorChecker.postProcessAfterInitialization:330 -Bean '(inner bean)#26cb5207' of type [org.springframework.beans.factory.config.PropertiesFactoryBean] is not eligible for getting processed by all BeanPostProcessors (for example: not eligible for auto-proxying)
2020-11-12 19:28:11.692 INFO  [main]o.s.c.s.PostProcessorRegistrationDelegate$BeanPostProcessorChecker.postProcessAfterInitialization:330 -Bean '(inner bean)#26cb5207' of type [java.util.Properties] is not eligible for getting processed by all BeanPostProcessors (for example: not eligible for auto-proxying)
2020-11-12 19:28:11.742 INFO  [main]o.s.c.s.PostProcessorRegistrationDelegate$BeanPostProcessorChecker.postProcessAfterInitialization:330 -Bean '(inner bean)#3dffc764' of type [org.springframework.data.repository.core.support.PropertiesBasedNamedQueries] is not eligible for getting processed by all BeanPostProcessors (for example: not eligible for auto-proxying)
2020-11-12 19:28:11.756 INFO  [main]o.s.c.s.PostProcessorRegistrationDelegate$BeanPostProcessorChecker.postProcessAfterInitialization:330 -Bean '(inner bean)#1cd3b138' of type [org.springframework.data.repository.core.support.RepositoryFragmentsFactoryBean] is not eligible for getting processed by all BeanPostProcessors (for example: not eligible for auto-proxying)
2020-11-12 19:28:11.759 INFO  [main]o.s.c.s.PostProcessorRegistrationDelegate$BeanPostProcessorChecker.postProcessAfterInitialization:330 -Bean '(inner bean)#1cd3b138' of type [org.springframework.data.repository.core.support.RepositoryComposition$RepositoryFragments] is not eligible for getting processed by all BeanPostProcessors (for example: not eligible for auto-proxying)
2020-11-12 19:28:11.788 INFO  [main]o.s.c.s.PostProcessorRegistrationDelegate$BeanPostProcessorChecker.postProcessAfterInitialization:330 -Bean 'spring.data.mongodb-org.springframework.boot.autoconfigure.mongo.MongoProperties' of type [org.springframework.boot.autoconfigure.mongo.MongoProperties] is not eligible for getting processed by all BeanPostProcessors (for example: not eligible for auto-proxying)
2020-11-12 19:28:11.792 INFO  [main]o.s.c.s.PostProcessorRegistrationDelegate$BeanPostProcessorChecker.postProcessAfterInitialization:330 -Bean 'org.springframework.boot.autoconfigure.data.mongo.MongoDbFactoryDependentConfiguration' of type [org.springframework.boot.autoconfigure.data.mongo.MongoDbFactoryDependentConfiguration] is not eligible for getting processed by all BeanPostProcessors (for example: not eligible for auto-proxying)
2020-11-12 19:28:11.795 INFO  [main]o.s.c.s.PostProcessorRegistrationDelegate$BeanPostProcessorChecker.postProcessAfterInitialization:330 -Bean 'org.springframework.boot.autoconfigure.data.mongo.MongoDbFactoryConfiguration' of type [org.springframework.boot.autoconfigure.data.mongo.MongoDbFactoryConfiguration] is not eligible for getting processed by all BeanPostProcessors (for example: not eligible for auto-proxying)
2020-11-12 19:28:11.799 INFO  [main]o.s.c.s.PostProcessorRegistrationDelegate$BeanPostProcessorChecker.postProcessAfterInitialization:330 -Bean 'org.springframework.boot.autoconfigure.mongo.MongoAutoConfiguration' of type [org.springframework.boot.autoconfigure.mongo.MongoAutoConfiguration] is not eligible for getting processed by all BeanPostProcessors (for example: not eligible for auto-proxying)
2020-11-12 19:28:12.260 INFO  [main]org.mongodb.driver.cluster.info:71 -Cluster created with settings {hosts=[39.97.183.122:27017], mode=MULTIPLE, requiredClusterType=UNKNOWN, serverSelectionTimeout='30000 ms', maxWaitQueueSize=500}
2020-11-12 19:28:12.261 INFO  [main]org.mongodb.driver.cluster.info:71 -Adding discovered server 39.97.183.122:27017 to client view of cluster
2020-11-12 19:28:12.432 INFO  [main]o.s.c.s.PostProcessorRegistrationDelegate$BeanPostProcessorChecker.postProcessAfterInitialization:330 -Bean 'mongo' of type [com.mongodb.MongoClient] is not eligible for getting processed by all BeanPostProcessors (for example: not eligible for auto-proxying)
2020-11-12 19:28:12.461 INFO  [main]o.s.c.s.PostProcessorRegistrationDelegate$BeanPostProcessorChecker.postProcessAfterInitialization:330 -Bean 'mongoDbFactory' of type [org.springframework.data.mongodb.core.SimpleMongoDbFactory] is not eligible for getting processed by all BeanPostProcessors (for example: not eligible for auto-proxying)
2020-11-12 19:28:12.476 INFO  [main]o.s.c.s.PostProcessorRegistrationDelegate$BeanPostProcessorChecker.postProcessAfterInitialization:330 -Bean 'org.springframework.boot.autoconfigure.data.mongo.MongoDataConfiguration' of type [org.springframework.boot.autoconfigure.data.mongo.MongoDataConfiguration] is not eligible for getting processed by all BeanPostProcessors (for example: not eligible for auto-proxying)
2020-11-12 19:28:13.037 INFO  [main]o.s.c.s.PostProcessorRegistrationDelegate$BeanPostProcessorChecker.postProcessAfterInitialization:330 -Bean 'mongoCustomConversions' of type [org.springframework.data.mongodb.core.convert.MongoCustomConversions] is not eligible for getting processed by all BeanPostProcessors (for example: not eligible for auto-proxying)
2020-11-12 19:28:13.164 INFO  [main]o.s.c.s.PostProcessorRegistrationDelegate$BeanPostProcessorChecker.postProcessAfterInitialization:330 -Bean 'mongoMappingContext' of type [org.springframework.data.mongodb.core.mapping.MongoMappingContext] is not eligible for getting processed by all BeanPostProcessors (for example: not eligible for auto-proxying)
2020-11-12 19:28:13.311 INFO  [main]o.s.c.s.PostProcessorRegistrationDelegate$BeanPostProcessorChecker.postProcessAfterInitialization:330 -Bean 'mappingMongoConverter' of type [org.springframework.data.mongodb.core.convert.MappingMongoConverter] is not eligible for getting processed by all BeanPostProcessors (for example: not eligible for auto-proxying)
2020-11-12 19:28:13.572 INFO  [cluster-ClusterId{value='5fad1c4c8b518743b4838349', description='null'}-39.97.183.122:27017]org.mongodb.driver.cluster.info:76 -Exception in monitor thread while connecting to server 39.97.183.122:27017
com.mongodb.MongoSocketOpenException: Exception opening socket
	at com.mongodb.internal.connection.SocketStream.open(SocketStream.java:70)
	at com.mongodb.internal.connection.InternalStreamConnection.open(InternalStreamConnection.java:128)
	at com.mongodb.internal.connection.DefaultServerMonitor$ServerMonitorRunnable.run(DefaultServerMonitor.java:117)
	at java.lang.Thread.run(Thread.java:748)
Caused by: java.net.ConnectException: Connection refused: connect
	at java.net.DualStackPlainSocketImpl.waitForConnect(Native Method)
	at java.net.DualStackPlainSocketImpl.socketConnect(DualStackPlainSocketImpl.java:85)
	at java.net.AbstractPlainSocketImpl.doConnect(AbstractPlainSocketImpl.java:350)
	at java.net.AbstractPlainSocketImpl.connectToAddress(AbstractPlainSocketImpl.java:206)
	at java.net.AbstractPlainSocketImpl.connect(AbstractPlainSocketImpl.java:188)
	at java.net.PlainSocketImpl.connect(PlainSocketImpl.java:172)
	at java.net.SocksSocketImpl.connect(SocksSocketImpl.java:392)
	at java.net.Socket.connect(Socket.java:606)
	at com.mongodb.internal.connection.SocketStreamHelper.initialize(SocketStreamHelper.java:64)
	at com.mongodb.internal.connection.SocketStream.initializeSocket(SocketStream.java:79)
	at com.mongodb.internal.connection.SocketStream.open(SocketStream.java:65)
	... 3 common frames omitted
2020-11-12 19:28:13.961 INFO  [main]o.s.c.s.PostProcessorRegistrationDelegate$BeanPostProcessorChecker.postProcessAfterInitialization:330 -Bean 'mongoTemplate' of type [org.springframework.data.mongodb.core.MongoTemplate] is not eligible for getting processed by all BeanPostProcessors (for example: not eligible for auto-proxying)
2020-11-12 19:28:14.952 INFO  [main]o.s.c.s.PostProcessorRegistrationDelegate$BeanPostProcessorChecker.postProcessAfterInitialization:330 -Bean 'commentDao' of type [org.springframework.data.mongodb.repository.support.MongoRepositoryFactoryBean] is not eligible for getting processed by all BeanPostProcessors (for example: not eligible for auto-proxying)
2020-11-12 19:28:14.969 INFO  [main]o.s.c.s.PostProcessorRegistrationDelegate$BeanPostProcessorChecker.postProcessAfterInitialization:330 -Bean 'commentDao' of type [com.sun.proxy.$Proxy108] is not eligible for getting processed by all BeanPostProcessors (for example: not eligible for auto-proxying)
2020-11-12 19:28:15.011 INFO  [main]o.s.c.s.PostProcessorRegistrationDelegate$BeanPostProcessorChecker.postProcessAfterInitialization:330 -Bean '(inner bean)#7f7c420c' of type [org.springframework.beans.factory.config.PropertiesFactoryBean] is not eligible for getting processed by all BeanPostProcessors (for example: not eligible for auto-proxying)
2020-11-12 19:28:15.012 INFO  [main]o.s.c.s.PostProcessorRegistrationDelegate$BeanPostProcessorChecker.postProcessAfterInitialization:330 -Bean '(inner bean)#7f7c420c' of type [java.util.Properties] is not eligible for getting processed by all BeanPostProcessors (for example: not eligible for auto-proxying)
2020-11-12 19:28:15.013 INFO  [main]o.s.c.s.PostProcessorRegistrationDelegate$BeanPostProcessorChecker.postProcessAfterInitialization:330 -Bean '(inner bean)#66383c29' of type [org.springframework.data.repository.core.support.PropertiesBasedNamedQueries] is not eligible for getting processed by all BeanPostProcessors (for example: not eligible for auto-proxying)
2020-11-12 19:28:15.015 INFO  [main]o.s.c.s.PostProcessorRegistrationDelegate$BeanPostProcessorChecker.postProcessAfterInitialization:330 -Bean '(inner bean)#43cb5f38' of type [org.springframework.data.repository.core.support.RepositoryFragmentsFactoryBean] is not eligible for getting processed by all BeanPostProcessors (for example: not eligible for auto-proxying)
2020-11-12 19:28:15.016 INFO  [main]o.s.c.s.PostProcessorRegistrationDelegate$BeanPostProcessorChecker.postProcessAfterInitialization:330 -Bean '(inner bean)#43cb5f38' of type [org.springframework.data.repository.core.support.RepositoryComposition$RepositoryFragments] is not eligible for getting processed by all BeanPostProcessors (for example: not eligible for auto-proxying)
2020-11-12 19:28:15.032 INFO  [main]o.s.c.s.PostProcessorRegistrationDelegate$BeanPostProcessorChecker.postProcessAfterInitialization:330 -Bean 'collectionDao' of type [org.springframework.data.mongodb.repository.support.MongoRepositoryFactoryBean] is not eligible for getting processed by all BeanPostProcessors (for example: not eligible for auto-proxying)
2020-11-12 19:28:15.033 INFO  [main]o.s.c.s.PostProcessorRegistrationDelegate$BeanPostProcessorChecker.postProcessAfterInitialization:330 -Bean 'collectionDao' of type [com.sun.proxy.$Proxy109] is not eligible for getting processed by all BeanPostProcessors (for example: not eligible for auto-proxying)
2020-11-12 19:28:15.062 INFO  [main]o.s.c.s.PostProcessorRegistrationDelegate$BeanPostProcessorChecker.postProcessAfterInitialization:330 -Bean 'userServiceImpl' of type [com.jg.blog.service.impl.UserServiceImpl] is not eligible for getting processed by all BeanPostProcessors (for example: not eligible for auto-proxying)
2020-11-12 19:28:15.067 INFO  [main]o.s.c.s.PostProcessorRegistrationDelegate$BeanPostProcessorChecker.postProcessAfterInitialization:330 -Bean 'adminRealm' of type [com.jg.blog.Realm.AdminRealm] is not eligible for getting processed by all BeanPostProcessors (for example: not eligible for auto-proxying)
2020-11-12 19:28:15.175 INFO  [main]o.s.c.s.PostProcessorRegistrationDelegate$BeanPostProcessorChecker.postProcessAfterInitialization:330 -Bean 'securityManager' of type [org.apache.shiro.web.mgt.DefaultWebSecurityManager] is not eligible for getting processed by all BeanPostProcessors (for example: not eligible for auto-proxying)
2020-11-12 19:28:15.208 INFO  [main]o.s.c.s.PostProcessorRegistrationDelegate$BeanPostProcessorChecker.postProcessAfterInitialization:330 -Bean 'authorizationAttributeSourceAdvisor' of type [org.apache.shiro.spring.security.interceptor.AuthorizationAttributeSourceAdvisor] is not eligible for getting processed by all BeanPostProcessors (for example: not eligible for auto-proxying)
2020-11-12 19:28:16.379 INFO  [main]o.s.boot.web.embedded.tomcat.TomcatWebServer.initialize:92 -Tomcat initialized with port(s): 1001 (http)
2020-11-12 19:28:16.448 INFO  [main]org.apache.coyote.http11.Http11NioProtocol.log:173 -Initializing ProtocolHandler ["http-nio-1001"]
2020-11-12 19:28:16.449 INFO  [main]org.apache.catalina.core.StandardService.log:173 -Starting service [Tomcat]
2020-11-12 19:28:16.449 INFO  [main]org.apache.catalina.core.StandardEngine.log:173 -Starting Servlet engine: [Apache Tomcat/9.0.30]
2020-11-12 19:28:16.838 INFO  [main]o.a.catalina.core.ContainerBase.[Tomcat].[localhost].[/].log:173 -Initializing Spring embedded WebApplicationContext
2020-11-12 19:28:16.839 INFO  [main]org.springframework.web.context.ContextLoader.prepareWebApplicationContext:284 -Root WebApplicationContext: initialization completed in 14721 ms
2020-11-12 19:28:19.705 INFO  [main]org.apache.coyote.http11.Http11NioProtocol.log:173 -Starting ProtocolHandler ["http-nio-1001"]
2020-11-12 19:28:19.741 INFO  [main]o.s.boot.web.embedded.tomcat.TomcatWebServer.start:204 -Tomcat started on port(s): 1001 (http) with context path ''
2020-11-12 19:28:19.744 INFO  [main]com.jg.blog.BlogApplication.logStarted:61 -Started BlogApplication in 19.012 seconds (JVM running for 20.844)
2020-11-12 19:46:35.213 INFO  [http-nio-1001-exec-1]o.a.catalina.core.ContainerBase.[Tomcat].[localhost].[/].log:173 -Initializing Spring DispatcherServlet 'dispatcherServlet'
2020-11-12 19:46:35.214 INFO  [http-nio-1001-exec-1]org.springframework.web.servlet.DispatcherServlet.initServletBean:525 -Initializing Servlet 'dispatcherServlet'
2020-11-12 19:46:35.233 INFO  [http-nio-1001-exec-1]org.springframework.web.servlet.DispatcherServlet.initServletBean:547 -Completed initialization in 19 ms
2020-11-12 19:46:35.791 INFO  [http-nio-1001-exec-1]com.jg.blog.aspect.RequestAspect.printRequestLog:116 -请求地址 : /admin/login
2020-11-12 19:46:35.792 INFO  [http-nio-1001-exec-1]com.jg.blog.aspect.RequestAspect.printRequestLog:117 -请求方式 : POST
2020-11-12 19:46:35.792 INFO  [http-nio-1001-exec-1]com.jg.blog.aspect.RequestAspect.printRequestLog:120 -IP : 127.0.0.1
2020-11-12 19:46:35.825 INFO  [http-nio-1001-exec-1]com.jg.blog.aspect.RequestAspect.printRequestLog:122 -方法 : com.jg.blog.controller.AdminController.login
2020-11-12 19:46:35.826 INFO  [http-nio-1001-exec-1]com.jg.blog.aspect.RequestAspect.printRequestLog:124 -请求参数：[Admin(id=null, name=null, header=null, signature=null, comment=null, username=admin, password=e807f1fcf82d132f9bb018ca6738a19f)]
2020-11-12 19:46:36.238 INFO  [http-nio-1001-exec-1]com.jg.blog.aspect.RequestAspect.doAround:70 -耗时 : 447
2020-11-12 19:46:36.800 INFO  [http-nio-1001-exec-1]com.jg.blog.aspect.RequestAspect.doAfterReturning:84 -返回值：{"code":20000,"data":{"token":"69A4CA198EDB1F5BA8660983094D0516"},"msg":"操作成功！"}
2020-11-12 19:46:37.359 INFO  [http-nio-1001-exec-3]com.jg.blog.aspect.RequestAspect.printRequestLog:116 -请求地址 : /admin/info
2020-11-12 19:46:37.360 INFO  [http-nio-1001-exec-3]com.jg.blog.aspect.RequestAspect.printRequestLog:117 -请求方式 : GET
2020-11-12 19:46:37.360 INFO  [http-nio-1001-exec-3]com.jg.blog.aspect.RequestAspect.printRequestLog:120 -IP : 127.0.0.1
2020-11-12 19:46:37.361 INFO  [http-nio-1001-exec-3]com.jg.blog.aspect.RequestAspect.printRequestLog:122 -方法 : com.jg.blog.controller.AdminController.getLoginInfo
2020-11-12 19:46:37.361 INFO  [http-nio-1001-exec-3]com.jg.blog.aspect.RequestAspect.printRequestLog:124 -请求参数：[]
2020-11-12 19:46:37.362 INFO  [http-nio-1001-exec-3]com.jg.blog.aspect.RequestAspect.doAround:70 -耗时 : 3
2020-11-12 19:46:37.370 INFO  [http-nio-1001-exec-3]com.jg.blog.aspect.RequestAspect.doAfterReturning:84 -返回值：{"code":20000,"data":{"header":"http://39.97.183.122/group1/M00/00/00/rBGvAl7LcYyAZb8TAAf2zQ1Ix3Y328.gif","name":"稽哥66","password":"","username":"admin"},"msg":"操作成功！"}
2020-11-12 19:46:37.744 INFO  [http-nio-1001-exec-2]com.jg.blog.aspect.RequestAspect.printRequestLog:116 -请求地址 : /type/getList
2020-11-12 19:46:37.745 INFO  [http-nio-1001-exec-2]com.jg.blog.aspect.RequestAspect.printRequestLog:117 -请求方式 : GET
2020-11-12 19:46:37.745 INFO  [http-nio-1001-exec-2]com.jg.blog.aspect.RequestAspect.printRequestLog:120 -IP : 127.0.0.1
2020-11-12 19:46:37.746 INFO  [http-nio-1001-exec-2]com.jg.blog.aspect.RequestAspect.printRequestLog:122 -方法 : com.jg.blog.controller.TypeController.getList
2020-11-12 19:46:37.746 INFO  [http-nio-1001-exec-2]com.jg.blog.aspect.RequestAspect.printRequestLog:124 -请求参数：[]
2020-11-12 19:46:37.821 INFO  [http-nio-1001-exec-2]com.jg.blog.aspect.RequestAspect.doAround:70 -耗时 : 77
2020-11-12 19:46:37.835 INFO  [http-nio-1001-exec-2]com.jg.blog.aspect.RequestAspect.doAfterReturning:84 -返回值：{"code":20000,"data":[{"typeBlogCount":6,"typeId":1,"typeName":"java"},{"typeBlogCount":3,"typeId":2,"typeName":"linux"},{"typeBlogCount":0,"typeId":3,"typeName":"docker"},{"typeBlogCount":0,"typeId":4,"typeName":"springboot"},{"typeBlogCount":0,"typeId":5,"typeName":"nginx"},{"typeBlogCount":0,"typeId":6,"typeName":"mybatis"}],"msg":"操作成功！"}
2020-11-12 19:51:12.043 INFO  [http-nio-1001-exec-5]com.jg.blog.aspect.RequestAspect.printRequestLog:116 -请求地址 : /comment/getByPage
2020-11-12 19:51:12.044 INFO  [http-nio-1001-exec-5]com.jg.blog.aspect.RequestAspect.printRequestLog:117 -请求方式 : POST
2020-11-12 19:51:12.045 INFO  [http-nio-1001-exec-5]com.jg.blog.aspect.RequestAspect.printRequestLog:120 -IP : 127.0.0.1
2020-11-12 19:51:12.045 INFO  [http-nio-1001-exec-5]com.jg.blog.aspect.RequestAspect.printRequestLog:122 -方法 : com.jg.blog.controller.CommentController.getByPage
2020-11-12 19:51:12.046 INFO  [http-nio-1001-exec-5]com.jg.blog.aspect.RequestAspect.printRequestLog:124 -请求参数：[Page(currentPage=1, pageSize=10, totalPage=0, totalCount=0, list=[], params={}, sortColumn=null, sortMethod=asc)]
2020-11-12 19:51:12.506 INFO  [http-nio-1001-exec-5]org.mongodb.driver.cluster.info:71 -Cluster description not yet available. Waiting for 30000 ms before timing out
2020-11-12 20:08:23.683 INFO  [http-nio-1001-exec-4]com.jg.blog.aspect.RequestAspect.printRequestLog:116 -请求地址 : /user/getByPage
2020-11-12 20:08:23.684 INFO  [http-nio-1001-exec-4]com.jg.blog.aspect.RequestAspect.printRequestLog:117 -请求方式 : POST
2020-11-12 20:08:23.685 INFO  [http-nio-1001-exec-4]com.jg.blog.aspect.RequestAspect.printRequestLog:120 -IP : 127.0.0.1
2020-11-12 20:08:23.685 INFO  [http-nio-1001-exec-4]com.jg.blog.aspect.RequestAspect.printRequestLog:122 -方法 : com.jg.blog.controller.UserController.getByPage
2020-11-12 20:08:23.686 INFO  [http-nio-1001-exec-4]com.jg.blog.aspect.RequestAspect.printRequestLog:124 -请求参数：[Page(currentPage=1, pageSize=10, totalPage=0, totalCount=0, list=[], params={}, sortColumn=null, sortMethod=asc)]
2020-11-12 20:08:24.225 INFO  [http-nio-1001-exec-4]com.jg.blog.aspect.RequestAspect.doAround:70 -耗时 : 542
2020-11-12 20:08:24.233 INFO  [http-nio-1001-exec-4]com.jg.blog.aspect.RequestAspect.doAfterReturning:84 -返回值：{"code":20000,"data":{"currentPage":1,"index":0,"list":[{"createdTime":"2020-05-25 07:53:40","header":"http://39.97.183.122/group1/M00/00/00/rBGvAl7Ljp-AHExDAAArr4MOxxQ281.jpg","name":"23","nickname":"鲜肉","sex":1,"updateTime":"2020-05-25 11:08:30","userEmail":"123@qq.com","userId":1,"username":"鸡哥"},{"createdTime":"2020-05-25 09:09:48","header":"http://39.97.183.122/group1/M00/00/00/rBGvAl7Li1uAbVdHAAAy9lUatg0354.png","name":"张三","nickname":"张三","sex":1,"updateTime":"2020-05-25 11:08:30","userEmail":"12345678@qq.com","userId":3,"username":"test"}],"pageSize":10,"params":{},"sortMethod":"asc","totalCount":2,"totalPage":1},"msg":"操作成功！"}
2020-11-12 20:14:13.066 INFO  [http-nio-1001-exec-6]com.jg.blog.aspect.RequestAspect.printRequestLog:116 -请求地址 : /type/listBack
2020-11-12 20:14:13.067 INFO  [http-nio-1001-exec-6]com.jg.blog.aspect.RequestAspect.printRequestLog:117 -请求方式 : GET
2020-11-12 20:14:13.068 INFO  [http-nio-1001-exec-6]com.jg.blog.aspect.RequestAspect.printRequestLog:120 -IP : 127.0.0.1
2020-11-12 20:14:13.069 INFO  [http-nio-1001-exec-6]com.jg.blog.aspect.RequestAspect.printRequestLog:122 -方法 : com.jg.blog.controller.TypeController.list
2020-11-12 20:14:13.069 INFO  [http-nio-1001-exec-6]com.jg.blog.aspect.RequestAspect.printRequestLog:124 -请求参数：[]
2020-11-12 20:14:13.139 INFO  [http-nio-1001-exec-6]com.jg.blog.aspect.RequestAspect.doAround:70 -耗时 : 73
2020-11-12 20:14:13.139 INFO  [http-nio-1001-exec-6]com.jg.blog.aspect.RequestAspect.doAfterReturning:84 -返回值：{"code":20000,"data":[{"enable":1,"typeBlogCount":6,"typeId":1,"typeName":"java"},{"enable":1,"typeBlogCount":3,"typeId":2,"typeName":"linux"},{"enable":1,"typeBlogCount":0,"typeId":3,"typeName":"docker"},{"enable":1,"typeBlogCount":0,"typeId":4,"typeName":"springboot"},{"enable":1,"typeBlogCount":0,"typeId":5,"typeName":"nginx"},{"enable":1,"typeBlogCount":0,"typeId":6,"typeName":"mybatis"}],"msg":"操作成功！"}
2020-11-12 20:14:55.949 INFO  [http-nio-1001-exec-7]com.jg.blog.aspect.RequestAspect.printRequestLog:116 -请求地址 : /about/getByPage
2020-11-12 20:14:55.950 INFO  [http-nio-1001-exec-7]com.jg.blog.aspect.RequestAspect.printRequestLog:117 -请求方式 : POST
2020-11-12 20:14:55.951 INFO  [http-nio-1001-exec-7]com.jg.blog.aspect.RequestAspect.printRequestLog:120 -IP : 127.0.0.1
2020-11-12 20:14:55.951 INFO  [http-nio-1001-exec-7]com.jg.blog.aspect.RequestAspect.printRequestLog:122 -方法 : com.jg.blog.controller.AboutController.getByPage
2020-11-12 20:14:55.951 INFO  [http-nio-1001-exec-7]com.jg.blog.aspect.RequestAspect.printRequestLog:124 -请求参数：[Page(currentPage=1, pageSize=10, totalPage=0, totalCount=0, list=[], params={}, sortColumn=null, sortMethod=asc)]
2020-11-12 20:14:56.226 INFO  [http-nio-1001-exec-7]com.jg.blog.aspect.RequestAspect.doAround:70 -耗时 : 277
2020-11-12 20:14:56.231 INFO  [http-nio-1001-exec-7]com.jg.blog.aspect.RequestAspect.doAfterReturning:84 -返回值：{"code":20000,"data":{"currentPage":1,"index":0,"list":[{"aboutId":1,"aboutRead":0,"aboutTitle":"修改后的测试","createdTime":"2020-05-25 00:14:16","enable":0,"updateTime":"2020-05-25 01:01:50"},{"aboutId":2,"aboutRead":0,"aboutTitle":"测试2","createdTime":"2020-05-25 00:34:13","enable":0,"updateTime":"2020-05-25 00:39:48"},{"aboutId":4,"aboutRead":0,"aboutTitle":"关于稽哥","createdTime":"2020-05-25 00:54:33","enable":1,"updateTime":"2020-05-25 01:35:29"}],"pageSize":10,"params":{},"sortMethod":"asc","totalCount":3,"totalPage":1},"msg":"操作成功！"}
2020-11-12 20:14:58.816 INFO  [http-nio-1001-exec-8]com.jg.blog.aspect.RequestAspect.printRequestLog:116 -请求地址 : /type/listBack
2020-11-12 20:14:58.817 INFO  [http-nio-1001-exec-8]com.jg.blog.aspect.RequestAspect.printRequestLog:117 -请求方式 : GET
2020-11-12 20:14:58.817 INFO  [http-nio-1001-exec-8]com.jg.blog.aspect.RequestAspect.printRequestLog:120 -IP : 127.0.0.1
2020-11-12 20:14:58.818 INFO  [http-nio-1001-exec-8]com.jg.blog.aspect.RequestAspect.printRequestLog:122 -方法 : com.jg.blog.controller.TypeController.list
2020-11-12 20:14:58.818 INFO  [http-nio-1001-exec-8]com.jg.blog.aspect.RequestAspect.printRequestLog:124 -请求参数：[]
2020-11-12 20:14:58.890 INFO  [http-nio-1001-exec-8]com.jg.blog.aspect.RequestAspect.doAround:70 -耗时 : 74
2020-11-12 20:14:58.891 INFO  [http-nio-1001-exec-8]com.jg.blog.aspect.RequestAspect.doAfterReturning:84 -返回值：{"code":20000,"data":[{"enable":1,"typeBlogCount":6,"typeId":1,"typeName":"java"},{"enable":1,"typeBlogCount":3,"typeId":2,"typeName":"linux"},{"enable":1,"typeBlogCount":0,"typeId":3,"typeName":"docker"},{"enable":1,"typeBlogCount":0,"typeId":4,"typeName":"springboot"},{"enable":1,"typeBlogCount":0,"typeId":5,"typeName":"nginx"},{"enable":1,"typeBlogCount":0,"typeId":6,"typeName":"mybatis"}],"msg":"操作成功！"}
