2020-05-26 07:58:42.698 WARN  [http-nio-1001-exec-5]org.springframework.web.servlet.PageNotFound.noHandlerFound:1251 -No mapping for OPTIONS /login.jsp
2020-05-26 07:58:43.806 WARN  [http-nio-1001-exec-7]org.springframework.web.servlet.PageNotFound.noHandlerFound:1251 -No mapping for OPTIONS /login.jsp
2020-05-26 09:14:30.771 WARN  [http-nio-1001-exec-7]org.springframework.web.servlet.PageNotFound.noHandlerFound:1251 -No mapping for OPTIONS /login.jsp
2020-05-26 09:17:32.800 WARN  [http-nio-1001-exec-9]org.springframework.web.servlet.PageNotFound.noHandlerFound:1251 -No mapping for OPTIONS /login.jsp
2020-05-26 09:32:35.975 WARN  [http-nio-1001-exec-2]org.springframework.web.servlet.PageNotFound.noHandlerFound:1251 -No mapping for OPTIONS /login.jsp
2020-05-26 09:35:11.966 WARN  [http-nio-1001-exec-2]org.springframework.web.servlet.PageNotFound.noHandlerFound:1251 -No mapping for OPTIONS /login.jsp
2020-05-26 10:02:48.290 WARN  [http-nio-1001-exec-2]org.springframework.web.servlet.PageNotFound.noHandlerFound:1251 -No mapping for OPTIONS /login.jsp
2020-05-26 10:13:31.320 WARN  [http-nio-1001-exec-2]org.springframework.web.servlet.PageNotFound.noHandlerFound:1251 -No mapping for OPTIONS /login.jsp
2020-05-26 10:22:44.913 WARN  [http-nio-1001-exec-2]org.springframework.web.servlet.PageNotFound.noHandlerFound:1251 -No mapping for OPTIONS /login.jsp
2020-05-26 10:44:45.564 WARN  [http-nio-1001-exec-2]org.springframework.web.servlet.PageNotFound.noHandlerFound:1251 -No mapping for OPTIONS /login.jsp
2020-05-26 11:28:35.356 WARN  [http-nio-1001-exec-2]org.springframework.web.servlet.PageNotFound.noHandlerFound:1251 -No mapping for OPTIONS /login.jsp
2020-05-26 11:42:22.679 WARN  [http-nio-1001-exec-2]o.s.w.s.mvc.support.DefaultHandlerExceptionResolver.logException:199 -Resolved [org.springframework.http.converter.HttpMessageNotReadableException: Required request body is missing: public com.jg.blog.pojo.Result<java.lang.Object> com.jg.blog.controller.LogController.deleteByIds(java.util.List<java.lang.Integer>)]
2020-05-26 11:43:27.243 WARN  [http-nio-1001-exec-9]o.s.w.s.mvc.support.DefaultHandlerExceptionResolver.logException:199 -Resolved [org.springframework.http.converter.HttpMessageNotReadableException: Required request body is missing: public com.jg.blog.pojo.Result<java.lang.Object> com.jg.blog.controller.LogController.deleteByIds(java.util.List<java.lang.Integer>)]
2020-05-26 11:43:46.559 WARN  [http-nio-1001-exec-8]o.s.w.s.mvc.support.DefaultHandlerExceptionResolver.logException:199 -Resolved [org.springframework.http.converter.HttpMessageNotReadableException: Required request body is missing: public com.jg.blog.pojo.Result<java.lang.Object> com.jg.blog.controller.LogController.deleteByIds(java.util.List<java.lang.Integer>)]
2020-05-26 11:46:05.471 WARN  [http-nio-1001-exec-4]o.s.w.s.mvc.support.DefaultHandlerExceptionResolver.logException:199 -Resolved [org.springframework.http.converter.HttpMessageNotReadableException: Required request body is missing: public com.jg.blog.pojo.Result<java.lang.Object> com.jg.blog.controller.LogController.deleteByIds(java.util.List<java.lang.Integer>)]
2020-05-26 11:52:35.284 WARN  [http-nio-1001-exec-10]o.s.w.s.mvc.support.DefaultHandlerExceptionResolver.logException:199 -Resolved [org.springframework.http.converter.HttpMessageNotReadableException: Required request body is missing: public com.jg.blog.pojo.Result<java.lang.Object> com.jg.blog.controller.LogController.deleteByIds(java.util.List<java.lang.Integer>)]
2020-05-26 11:52:51.186 WARN  [http-nio-1001-exec-5]org.springframework.web.servlet.PageNotFound.noHandlerFound:1251 -No mapping for GET /log/deleteById
2020-05-26 11:53:35.628 WARN  [http-nio-1001-exec-8]o.s.w.s.mvc.support.DefaultHandlerExceptionResolver.logException:199 -Resolved [org.springframework.http.converter.HttpMessageNotReadableException: Required request body is missing: public com.jg.blog.pojo.Result<java.lang.Object> com.jg.blog.controller.LogController.deleteByIds(java.util.List<java.lang.Integer>)]
2020-05-26 11:54:18.644 WARN  [http-nio-1001-exec-6]o.s.w.s.mvc.support.DefaultHandlerExceptionResolver.logException:199 -Resolved [org.springframework.http.converter.HttpMessageNotReadableException: Required request body is missing: public com.jg.blog.pojo.Result<java.lang.Object> com.jg.blog.controller.LogController.deleteByIds(java.util.List<java.lang.Integer>)]
2020-05-26 11:55:00.306 WARN  [http-nio-1001-exec-5]org.springframework.web.servlet.PageNotFound.noHandlerFound:1251 -No mapping for GET /login.jsp;jsessionid=143CCFD8BC335ED4F430C6A8A5782FD0
2020-05-26 11:57:55.953 WARN  [http-nio-1001-exec-9]o.s.w.s.mvc.support.DefaultHandlerExceptionResolver.logException:199 -Resolved [org.springframework.http.converter.HttpMessageNotReadableException: Required request body is missing: public com.jg.blog.pojo.Result<java.lang.Object> com.jg.blog.controller.LogController.deleteByIds(java.util.List<java.lang.Integer>)]
2020-05-26 11:59:33.289 WARN  [http-nio-1001-exec-10]o.s.w.s.mvc.support.DefaultHandlerExceptionResolver.logException:199 -Resolved [org.springframework.http.converter.HttpMessageNotReadableException: Required request body is missing: public com.jg.blog.pojo.Result<java.lang.Object> com.jg.blog.controller.LogController.deleteByIds(java.util.List<java.lang.Integer>)]
2020-05-26 12:00:02.052 WARN  [http-nio-1001-exec-2]o.s.w.s.mvc.support.DefaultHandlerExceptionResolver.logException:199 -Resolved [org.springframework.http.converter.HttpMessageNotReadableException: Required request body is missing: public com.jg.blog.pojo.Result<java.lang.Object> com.jg.blog.controller.LogController.deleteByIds(java.util.List<java.lang.Integer>)]
2020-05-26 12:05:39.680 WARN  [http-nio-1001-exec-3]o.s.w.s.mvc.support.DefaultHandlerExceptionResolver.logException:199 -Resolved [org.springframework.http.converter.HttpMessageNotReadableException: Required request body is missing: public com.jg.blog.pojo.Result<java.lang.Object> com.jg.blog.controller.LogController.deleteByIds(java.util.List<java.lang.Integer>)]
2020-05-26 12:09:22.695 WARN  [http-nio-1001-exec-2]org.springframework.web.servlet.PageNotFound.noHandlerFound:1251 -No mapping for OPTIONS /login.jsp
2020-05-26 12:09:43.563 WARN  [http-nio-1001-exec-5]org.springframework.web.servlet.PageNotFound.noHandlerFound:1251 -No mapping for OPTIONS /login.jsp
2020-05-26 13:05:59.644 WARN  [http-nio-1001-exec-5]org.springframework.web.servlet.PageNotFound.noHandlerFound:1251 -No mapping for OPTIONS /login.jsp
2020-05-26 14:34:19.969 WARN  [http-nio-1001-exec-2]org.springframework.web.servlet.PageNotFound.noHandlerFound:1251 -No mapping for OPTIONS /login.jsp
2020-05-26 14:34:59.809 WARN  [http-nio-1001-exec-4]org.springframework.web.servlet.PageNotFound.noHandlerFound:1251 -No mapping for OPTIONS /login.jsp
2020-05-26 14:36:14.350 WARN  [http-nio-1001-exec-7]org.springframework.web.servlet.PageNotFound.noHandlerFound:1251 -No mapping for OPTIONS /login.jsp
2020-05-26 19:51:33.925 WARN  [main]o.s.b.w.s.c.AnnotationConfigServletWebServerApplicationContext.refresh:558 -Exception encountered during context initialization - cancelling refresh attempt: org.springframework.context.ApplicationContextException: Failed to start bean 'webServerStartStop'; nested exception is org.springframework.boot.web.server.PortInUseException: Port 1001 is already in use
