2020-06-01 10:25:42.963 ERROR [http-nio-1001-exec-5]com.jg.blog.advice.BlogExceptionAdvice.exceptionHandler:27 -统一异常处理：
com.jg.blog.exception.BlogException: 当前账号未登录！
	at com.jg.blog.interceptor.LoginInterceptor.preHandle(LoginInterceptor.java:46)
	at org.springframework.web.servlet.HandlerExecutionChain.applyPreHandle(HandlerExecutionChain.java:141)
	at org.springframework.web.servlet.DispatcherServlet.doDispatch(DispatcherServlet.java:1035)
	at org.springframework.web.servlet.DispatcherServlet.doService(DispatcherServlet.java:943)
	at org.springframework.web.servlet.FrameworkServlet.processRequest(FrameworkServlet.java:1006)
	at org.springframework.web.servlet.FrameworkServlet.doGet(FrameworkServlet.java:898)
	at javax.servlet.http.HttpServlet.service(HttpServlet.java:634)
	at org.springframework.web.servlet.FrameworkServlet.service(FrameworkServlet.java:883)
	at javax.servlet.http.HttpServlet.service(HttpServlet.java:741)
	at org.apache.catalina.core.ApplicationFilterChain.internalDoFilter(ApplicationFilterChain.java:231)
	at org.apache.catalina.core.ApplicationFilterChain.doFilter(ApplicationFilterChain.java:166)
	at org.springframework.web.filter.OncePerRequestFilter.doFilter(OncePerRequestFilter.java:103)
	at org.apache.catalina.core.ApplicationFilterChain.internalDoFilter(ApplicationFilterChain.java:193)
	at org.apache.catalina.core.ApplicationFilterChain.doFilter(ApplicationFilterChain.java:166)
	at org.apache.catalina.core.ApplicationDispatcher.invoke(ApplicationDispatcher.java:712)
	at org.apache.catalina.core.ApplicationDispatcher.processRequest(ApplicationDispatcher.java:461)
	at org.apache.catalina.core.ApplicationDispatcher.doForward(ApplicationDispatcher.java:384)
	at org.apache.catalina.core.ApplicationDispatcher.forward(ApplicationDispatcher.java:312)
	at org.apache.catalina.core.StandardHostValve.custom(StandardHostValve.java:394)
	at org.apache.catalina.core.StandardHostValve.status(StandardHostValve.java:253)
	at org.apache.catalina.core.StandardHostValve.invoke(StandardHostValve.java:175)
	at org.apache.catalina.valves.ErrorReportValve.invoke(ErrorReportValve.java:92)
	at org.apache.catalina.core.StandardEngineValve.invoke(StandardEngineValve.java:74)
	at org.apache.catalina.connector.CoyoteAdapter.service(CoyoteAdapter.java:343)
	at org.apache.coyote.http11.Http11Processor.service(Http11Processor.java:373)
	at org.apache.coyote.AbstractProcessorLight.process(AbstractProcessorLight.java:65)
	at org.apache.coyote.AbstractProtocol$ConnectionHandler.process(AbstractProtocol.java:868)
	at org.apache.tomcat.util.net.NioEndpoint$SocketProcessor.doRun(NioEndpoint.java:1590)
	at org.apache.tomcat.util.net.SocketProcessorBase.run(SocketProcessorBase.java:49)
	at java.util.concurrent.ThreadPoolExecutor.runWorker(ThreadPoolExecutor.java:1149)
	at java.util.concurrent.ThreadPoolExecutor$Worker.run(ThreadPoolExecutor.java:624)
	at org.apache.tomcat.util.threads.TaskThread$WrappingRunnable.run(TaskThread.java:61)
	at java.lang.Thread.run(Thread.java:748)
2020-06-01 10:28:39.938 ERROR [http-nio-1001-exec-10]com.jg.blog.advice.BlogExceptionAdvice.exceptionHandler:27 -统一异常处理：
com.jg.blog.exception.BlogException: 当前账号未登录！
	at com.jg.blog.interceptor.LoginInterceptor.preHandle(LoginInterceptor.java:46)
	at org.springframework.web.servlet.HandlerExecutionChain.applyPreHandle(HandlerExecutionChain.java:141)
	at org.springframework.web.servlet.DispatcherServlet.doDispatch(DispatcherServlet.java:1035)
	at org.springframework.web.servlet.DispatcherServlet.doService(DispatcherServlet.java:943)
	at org.springframework.web.servlet.FrameworkServlet.processRequest(FrameworkServlet.java:1006)
	at org.springframework.web.servlet.FrameworkServlet.doGet(FrameworkServlet.java:898)
	at javax.servlet.http.HttpServlet.service(HttpServlet.java:634)
	at org.springframework.web.servlet.FrameworkServlet.service(FrameworkServlet.java:883)
	at javax.servlet.http.HttpServlet.service(HttpServlet.java:741)
	at org.apache.catalina.core.ApplicationFilterChain.internalDoFilter(ApplicationFilterChain.java:231)
	at org.apache.catalina.core.ApplicationFilterChain.doFilter(ApplicationFilterChain.java:166)
	at org.springframework.web.filter.OncePerRequestFilter.doFilter(OncePerRequestFilter.java:103)
	at org.apache.catalina.core.ApplicationFilterChain.internalDoFilter(ApplicationFilterChain.java:193)
	at org.apache.catalina.core.ApplicationFilterChain.doFilter(ApplicationFilterChain.java:166)
	at org.apache.catalina.core.ApplicationDispatcher.invoke(ApplicationDispatcher.java:712)
	at org.apache.catalina.core.ApplicationDispatcher.processRequest(ApplicationDispatcher.java:461)
	at org.apache.catalina.core.ApplicationDispatcher.doForward(ApplicationDispatcher.java:384)
	at org.apache.catalina.core.ApplicationDispatcher.forward(ApplicationDispatcher.java:312)
	at org.apache.catalina.core.StandardHostValve.custom(StandardHostValve.java:394)
	at org.apache.catalina.core.StandardHostValve.status(StandardHostValve.java:253)
	at org.apache.catalina.core.StandardHostValve.invoke(StandardHostValve.java:175)
	at org.apache.catalina.valves.ErrorReportValve.invoke(ErrorReportValve.java:92)
	at org.apache.catalina.core.StandardEngineValve.invoke(StandardEngineValve.java:74)
	at org.apache.catalina.connector.CoyoteAdapter.service(CoyoteAdapter.java:343)
	at org.apache.coyote.http11.Http11Processor.service(Http11Processor.java:373)
	at org.apache.coyote.AbstractProcessorLight.process(AbstractProcessorLight.java:65)
	at org.apache.coyote.AbstractProtocol$ConnectionHandler.process(AbstractProtocol.java:868)
	at org.apache.tomcat.util.net.NioEndpoint$SocketProcessor.doRun(NioEndpoint.java:1590)
	at org.apache.tomcat.util.net.SocketProcessorBase.run(SocketProcessorBase.java:49)
	at java.util.concurrent.ThreadPoolExecutor.runWorker(ThreadPoolExecutor.java:1149)
	at java.util.concurrent.ThreadPoolExecutor$Worker.run(ThreadPoolExecutor.java:624)
	at org.apache.tomcat.util.threads.TaskThread$WrappingRunnable.run(TaskThread.java:61)
	at java.lang.Thread.run(Thread.java:748)
2020-06-01 10:29:22.026 ERROR [http-nio-1001-exec-1]com.jg.blog.advice.BlogExceptionAdvice.exceptionHandler:27 -统一异常处理：
com.jg.blog.exception.BlogException: 当前账号未登录！
	at com.jg.blog.interceptor.LoginInterceptor.preHandle(LoginInterceptor.java:46)
	at org.springframework.web.servlet.HandlerExecutionChain.applyPreHandle(HandlerExecutionChain.java:141)
	at org.springframework.web.servlet.DispatcherServlet.doDispatch(DispatcherServlet.java:1035)
	at org.springframework.web.servlet.DispatcherServlet.doService(DispatcherServlet.java:943)
	at org.springframework.web.servlet.FrameworkServlet.processRequest(FrameworkServlet.java:1006)
	at org.springframework.web.servlet.FrameworkServlet.doGet(FrameworkServlet.java:898)
	at javax.servlet.http.HttpServlet.service(HttpServlet.java:634)
	at org.springframework.web.servlet.FrameworkServlet.service(FrameworkServlet.java:883)
	at javax.servlet.http.HttpServlet.service(HttpServlet.java:741)
	at org.apache.catalina.core.ApplicationFilterChain.internalDoFilter(ApplicationFilterChain.java:231)
	at org.apache.catalina.core.ApplicationFilterChain.doFilter(ApplicationFilterChain.java:166)
	at org.springframework.web.filter.OncePerRequestFilter.doFilter(OncePerRequestFilter.java:103)
	at org.apache.catalina.core.ApplicationFilterChain.internalDoFilter(ApplicationFilterChain.java:193)
	at org.apache.catalina.core.ApplicationFilterChain.doFilter(ApplicationFilterChain.java:166)
	at org.apache.catalina.core.ApplicationDispatcher.invoke(ApplicationDispatcher.java:712)
	at org.apache.catalina.core.ApplicationDispatcher.processRequest(ApplicationDispatcher.java:461)
	at org.apache.catalina.core.ApplicationDispatcher.doForward(ApplicationDispatcher.java:384)
	at org.apache.catalina.core.ApplicationDispatcher.forward(ApplicationDispatcher.java:312)
	at org.apache.catalina.core.StandardHostValve.custom(StandardHostValve.java:394)
	at org.apache.catalina.core.StandardHostValve.status(StandardHostValve.java:253)
	at org.apache.catalina.core.StandardHostValve.invoke(StandardHostValve.java:175)
	at org.apache.catalina.valves.ErrorReportValve.invoke(ErrorReportValve.java:92)
	at org.apache.catalina.core.StandardEngineValve.invoke(StandardEngineValve.java:74)
	at org.apache.catalina.connector.CoyoteAdapter.service(CoyoteAdapter.java:343)
	at org.apache.coyote.http11.Http11Processor.service(Http11Processor.java:373)
	at org.apache.coyote.AbstractProcessorLight.process(AbstractProcessorLight.java:65)
	at org.apache.coyote.AbstractProtocol$ConnectionHandler.process(AbstractProtocol.java:868)
	at org.apache.tomcat.util.net.NioEndpoint$SocketProcessor.doRun(NioEndpoint.java:1590)
	at org.apache.tomcat.util.net.SocketProcessorBase.run(SocketProcessorBase.java:49)
	at java.util.concurrent.ThreadPoolExecutor.runWorker(ThreadPoolExecutor.java:1149)
	at java.util.concurrent.ThreadPoolExecutor$Worker.run(ThreadPoolExecutor.java:624)
	at org.apache.tomcat.util.threads.TaskThread$WrappingRunnable.run(TaskThread.java:61)
	at java.lang.Thread.run(Thread.java:748)
2020-06-01 10:29:35.460 ERROR [http-nio-1001-exec-9]com.jg.blog.advice.BlogExceptionAdvice.exceptionHandler:27 -统一异常处理：
com.jg.blog.exception.BlogException: 当前账号未登录！
	at com.jg.blog.interceptor.LoginInterceptor.preHandle(LoginInterceptor.java:46)
	at org.springframework.web.servlet.HandlerExecutionChain.applyPreHandle(HandlerExecutionChain.java:141)
	at org.springframework.web.servlet.DispatcherServlet.doDispatch(DispatcherServlet.java:1035)
	at org.springframework.web.servlet.DispatcherServlet.doService(DispatcherServlet.java:943)
	at org.springframework.web.servlet.FrameworkServlet.processRequest(FrameworkServlet.java:1006)
	at org.springframework.web.servlet.FrameworkServlet.doGet(FrameworkServlet.java:898)
	at javax.servlet.http.HttpServlet.service(HttpServlet.java:634)
	at org.springframework.web.servlet.FrameworkServlet.service(FrameworkServlet.java:883)
	at javax.servlet.http.HttpServlet.service(HttpServlet.java:741)
	at org.apache.catalina.core.ApplicationFilterChain.internalDoFilter(ApplicationFilterChain.java:231)
	at org.apache.catalina.core.ApplicationFilterChain.doFilter(ApplicationFilterChain.java:166)
	at org.springframework.web.filter.OncePerRequestFilter.doFilter(OncePerRequestFilter.java:103)
	at org.apache.catalina.core.ApplicationFilterChain.internalDoFilter(ApplicationFilterChain.java:193)
	at org.apache.catalina.core.ApplicationFilterChain.doFilter(ApplicationFilterChain.java:166)
	at org.apache.catalina.core.ApplicationDispatcher.invoke(ApplicationDispatcher.java:712)
	at org.apache.catalina.core.ApplicationDispatcher.processRequest(ApplicationDispatcher.java:461)
	at org.apache.catalina.core.ApplicationDispatcher.doForward(ApplicationDispatcher.java:384)
	at org.apache.catalina.core.ApplicationDispatcher.forward(ApplicationDispatcher.java:312)
	at org.apache.catalina.core.StandardHostValve.custom(StandardHostValve.java:394)
	at org.apache.catalina.core.StandardHostValve.status(StandardHostValve.java:253)
	at org.apache.catalina.core.StandardHostValve.invoke(StandardHostValve.java:175)
	at org.apache.catalina.valves.ErrorReportValve.invoke(ErrorReportValve.java:92)
	at org.apache.catalina.core.StandardEngineValve.invoke(StandardEngineValve.java:74)
	at org.apache.catalina.connector.CoyoteAdapter.service(CoyoteAdapter.java:343)
	at org.apache.coyote.http11.Http11Processor.service(Http11Processor.java:373)
	at org.apache.coyote.AbstractProcessorLight.process(AbstractProcessorLight.java:65)
	at org.apache.coyote.AbstractProtocol$ConnectionHandler.process(AbstractProtocol.java:868)
	at org.apache.tomcat.util.net.NioEndpoint$SocketProcessor.doRun(NioEndpoint.java:1590)
	at org.apache.tomcat.util.net.SocketProcessorBase.run(SocketProcessorBase.java:49)
	at java.util.concurrent.ThreadPoolExecutor.runWorker(ThreadPoolExecutor.java:1149)
	at java.util.concurrent.ThreadPoolExecutor$Worker.run(ThreadPoolExecutor.java:624)
	at org.apache.tomcat.util.threads.TaskThread$WrappingRunnable.run(TaskThread.java:61)
	at java.lang.Thread.run(Thread.java:748)
2020-06-01 10:30:49.456 ERROR [http-nio-1001-exec-5]com.jg.blog.advice.BlogExceptionAdvice.exceptionHandler:27 -统一异常处理：
com.jg.blog.exception.BlogException: 当前账号未登录！
	at com.jg.blog.interceptor.LoginInterceptor.preHandle(LoginInterceptor.java:46)
	at org.springframework.web.servlet.HandlerExecutionChain.applyPreHandle(HandlerExecutionChain.java:141)
	at org.springframework.web.servlet.DispatcherServlet.doDispatch(DispatcherServlet.java:1035)
	at org.springframework.web.servlet.DispatcherServlet.doService(DispatcherServlet.java:943)
	at org.springframework.web.servlet.FrameworkServlet.processRequest(FrameworkServlet.java:1006)
	at org.springframework.web.servlet.FrameworkServlet.doGet(FrameworkServlet.java:898)
	at javax.servlet.http.HttpServlet.service(HttpServlet.java:634)
	at org.springframework.web.servlet.FrameworkServlet.service(FrameworkServlet.java:883)
	at javax.servlet.http.HttpServlet.service(HttpServlet.java:741)
	at org.apache.catalina.core.ApplicationFilterChain.internalDoFilter(ApplicationFilterChain.java:231)
	at org.apache.catalina.core.ApplicationFilterChain.doFilter(ApplicationFilterChain.java:166)
	at org.springframework.web.filter.OncePerRequestFilter.doFilter(OncePerRequestFilter.java:103)
	at org.apache.catalina.core.ApplicationFilterChain.internalDoFilter(ApplicationFilterChain.java:193)
	at org.apache.catalina.core.ApplicationFilterChain.doFilter(ApplicationFilterChain.java:166)
	at org.apache.catalina.core.ApplicationDispatcher.invoke(ApplicationDispatcher.java:712)
	at org.apache.catalina.core.ApplicationDispatcher.processRequest(ApplicationDispatcher.java:461)
	at org.apache.catalina.core.ApplicationDispatcher.doForward(ApplicationDispatcher.java:384)
	at org.apache.catalina.core.ApplicationDispatcher.forward(ApplicationDispatcher.java:312)
	at org.apache.catalina.core.StandardHostValve.custom(StandardHostValve.java:394)
	at org.apache.catalina.core.StandardHostValve.status(StandardHostValve.java:253)
	at org.apache.catalina.core.StandardHostValve.invoke(StandardHostValve.java:175)
	at org.apache.catalina.valves.ErrorReportValve.invoke(ErrorReportValve.java:92)
	at org.apache.catalina.core.StandardEngineValve.invoke(StandardEngineValve.java:74)
	at org.apache.catalina.connector.CoyoteAdapter.service(CoyoteAdapter.java:343)
	at org.apache.coyote.http11.Http11Processor.service(Http11Processor.java:373)
	at org.apache.coyote.AbstractProcessorLight.process(AbstractProcessorLight.java:65)
	at org.apache.coyote.AbstractProtocol$ConnectionHandler.process(AbstractProtocol.java:868)
	at org.apache.tomcat.util.net.NioEndpoint$SocketProcessor.doRun(NioEndpoint.java:1590)
	at org.apache.tomcat.util.net.SocketProcessorBase.run(SocketProcessorBase.java:49)
	at java.util.concurrent.ThreadPoolExecutor.runWorker(ThreadPoolExecutor.java:1149)
	at java.util.concurrent.ThreadPoolExecutor$Worker.run(ThreadPoolExecutor.java:624)
	at org.apache.tomcat.util.threads.TaskThread$WrappingRunnable.run(TaskThread.java:61)
	at java.lang.Thread.run(Thread.java:748)
