2020-11-10 18:50:58.693 INFO  [main]com.jg.blog.BlogApplication.logStarting:55 -Starting BlogApplication on DESKTOP-LD5PAQI with PID 3460 (E:\Ideadaima\blog\target\classes started by adminstrator in E:\Ideadaima\blog)
2020-11-10 18:50:58.904 INFO  [main]com.jg.blog.BlogApplication.logStartupProfileInfo:655 -The following profiles are active: dev
2020-11-10 18:51:04.754 INFO  [main]o.s.d.repository.config.RepositoryConfigurationDelegate.registerRepositoriesIn:127 -Bootstrapping Spring Data MongoDB repositories in DEFAULT mode.
2020-11-10 18:51:05.145 INFO  [main]o.s.d.repository.config.RepositoryConfigurationDelegate.registerRepositoriesIn:187 -Finished Spring Data repository scanning in 346ms. Found 4 MongoDB repository interfaces.
2020-11-10 18:51:06.844 INFO  [main]o.s.c.s.PostProcessorRegistrationDelegate$BeanPostProcessorChecker.postProcessAfterInitialization:330 -Bean 'org.springframework.transaction.annotation.ProxyTransactionManagementConfiguration' of type [org.springframework.transaction.annotation.ProxyTransactionManagementConfiguration] is not eligible for getting processed by all BeanPostProcessors (for example: not eligible for auto-proxying)
2020-11-10 18:51:07.183 INFO  [main]o.s.c.s.PostProcessorRegistrationDelegate$BeanPostProcessorChecker.postProcessAfterInitialization:330 -Bean 'shiroConfig' of type [com.jg.blog.config.ShiroConfig$$EnhancerBySpringCGLIB$$66e312ba] is not eligible for getting processed by all BeanPostProcessors (for example: not eligible for auto-proxying)
2020-11-10 18:51:07.318 INFO  [main]o.s.c.s.PostProcessorRegistrationDelegate$BeanPostProcessorChecker.postProcessAfterInitialization:330 -Bean 'mybatis-org.mybatis.spring.boot.autoconfigure.MybatisProperties' of type [org.mybatis.spring.boot.autoconfigure.MybatisProperties] is not eligible for getting processed by all BeanPostProcessors (for example: not eligible for auto-proxying)
2020-11-10 18:51:07.333 INFO  [main]o.s.c.s.PostProcessorRegistrationDelegate$BeanPostProcessorChecker.postProcessAfterInitialization:330 -Bean 'org.mybatis.spring.boot.autoconfigure.MybatisAutoConfiguration' of type [org.mybatis.spring.boot.autoconfigure.MybatisAutoConfiguration$$EnhancerBySpringCGLIB$$4d365136] is not eligible for getting processed by all BeanPostProcessors (for example: not eligible for auto-proxying)
2020-11-10 18:51:07.341 INFO  [main]o.s.c.s.PostProcessorRegistrationDelegate$BeanPostProcessorChecker.postProcessAfterInitialization:330 -Bean 'com.alibaba.druid.spring.boot.autoconfigure.DruidDataSourceAutoConfigure' of type [com.alibaba.druid.spring.boot.autoconfigure.DruidDataSourceAutoConfigure$$EnhancerBySpringCGLIB$$340df578] is not eligible for getting processed by all BeanPostProcessors (for example: not eligible for auto-proxying)
2020-11-10 18:51:07.349 INFO  [main]c.a.d.s.boot.autoconfigure.DruidDataSourceAutoConfigure.dataSource:56 -Init DruidDataSource
2020-11-10 18:51:07.537 INFO  [main]o.s.c.s.PostProcessorRegistrationDelegate$BeanPostProcessorChecker.postProcessAfterInitialization:330 -Bean 'spring.datasource-org.springframework.boot.autoconfigure.jdbc.DataSourceProperties' of type [org.springframework.boot.autoconfigure.jdbc.DataSourceProperties] is not eligible for getting processed by all BeanPostProcessors (for example: not eligible for auto-proxying)
2020-11-10 18:51:07.570 INFO  [main]o.s.c.s.PostProcessorRegistrationDelegate$BeanPostProcessorChecker.postProcessAfterInitialization:330 -Bean 'com.alibaba.druid.spring.boot.autoconfigure.stat.DruidFilterConfiguration' of type [com.alibaba.druid.spring.boot.autoconfigure.stat.DruidFilterConfiguration] is not eligible for getting processed by all BeanPostProcessors (for example: not eligible for auto-proxying)
2020-11-10 18:51:07.669 INFO  [main]o.s.c.s.PostProcessorRegistrationDelegate$BeanPostProcessorChecker.postProcessAfterInitialization:330 -Bean 'statFilter' of type [com.alibaba.druid.filter.stat.StatFilter] is not eligible for getting processed by all BeanPostProcessors (for example: not eligible for auto-proxying)
2020-11-10 18:51:29.728 INFO  [main]com.alibaba.druid.pool.DruidDataSource.init:930 -{dataSource-1} inited
2020-11-10 18:51:29.750 INFO  [main]o.s.b.a.logging.ConditionEvaluationReportLoggingListener.logMessage:136 -

Error starting ApplicationContext. To display the conditions report re-run your application with 'debug' enabled.
2020-11-10 19:00:40.573 INFO  [main]com.jg.blog.BlogApplication.logStarting:55 -Starting BlogApplication on DESKTOP-LD5PAQI with PID 15172 (E:\Ideadaima\blog\target\classes started by adminstrator in E:\Ideadaima\blog)
2020-11-10 19:00:40.587 INFO  [main]com.jg.blog.BlogApplication.logStartupProfileInfo:655 -The following profiles are active: dev
2020-11-10 19:00:41.960 INFO  [main]o.s.d.repository.config.RepositoryConfigurationDelegate.registerRepositoriesIn:127 -Bootstrapping Spring Data MongoDB repositories in DEFAULT mode.
2020-11-10 19:00:42.072 INFO  [main]o.s.d.repository.config.RepositoryConfigurationDelegate.registerRepositoriesIn:187 -Finished Spring Data repository scanning in 105ms. Found 4 MongoDB repository interfaces.
2020-11-10 19:00:42.695 INFO  [main]o.s.c.s.PostProcessorRegistrationDelegate$BeanPostProcessorChecker.postProcessAfterInitialization:330 -Bean 'org.springframework.transaction.annotation.ProxyTransactionManagementConfiguration' of type [org.springframework.transaction.annotation.ProxyTransactionManagementConfiguration] is not eligible for getting processed by all BeanPostProcessors (for example: not eligible for auto-proxying)
2020-11-10 19:00:42.897 INFO  [main]o.s.c.s.PostProcessorRegistrationDelegate$BeanPostProcessorChecker.postProcessAfterInitialization:330 -Bean 'shiroConfig' of type [com.jg.blog.config.ShiroConfig$$EnhancerBySpringCGLIB$$1c5c0ba0] is not eligible for getting processed by all BeanPostProcessors (for example: not eligible for auto-proxying)
2020-11-10 19:00:43.018 INFO  [main]o.s.c.s.PostProcessorRegistrationDelegate$BeanPostProcessorChecker.postProcessAfterInitialization:330 -Bean 'mybatis-org.mybatis.spring.boot.autoconfigure.MybatisProperties' of type [org.mybatis.spring.boot.autoconfigure.MybatisProperties] is not eligible for getting processed by all BeanPostProcessors (for example: not eligible for auto-proxying)
2020-11-10 19:00:43.042 INFO  [main]o.s.c.s.PostProcessorRegistrationDelegate$BeanPostProcessorChecker.postProcessAfterInitialization:330 -Bean 'org.mybatis.spring.boot.autoconfigure.MybatisAutoConfiguration' of type [org.mybatis.spring.boot.autoconfigure.MybatisAutoConfiguration$$EnhancerBySpringCGLIB$$2af4a1c] is not eligible for getting processed by all BeanPostProcessors (for example: not eligible for auto-proxying)
2020-11-10 19:00:43.048 INFO  [main]o.s.c.s.PostProcessorRegistrationDelegate$BeanPostProcessorChecker.postProcessAfterInitialization:330 -Bean 'com.alibaba.druid.spring.boot.autoconfigure.DruidDataSourceAutoConfigure' of type [com.alibaba.druid.spring.boot.autoconfigure.DruidDataSourceAutoConfigure$$EnhancerBySpringCGLIB$$e986ee5e] is not eligible for getting processed by all BeanPostProcessors (for example: not eligible for auto-proxying)
2020-11-10 19:00:43.057 INFO  [main]c.a.d.s.boot.autoconfigure.DruidDataSourceAutoConfigure.dataSource:56 -Init DruidDataSource
2020-11-10 19:00:43.163 INFO  [main]o.s.c.s.PostProcessorRegistrationDelegate$BeanPostProcessorChecker.postProcessAfterInitialization:330 -Bean 'spring.datasource-org.springframework.boot.autoconfigure.jdbc.DataSourceProperties' of type [org.springframework.boot.autoconfigure.jdbc.DataSourceProperties] is not eligible for getting processed by all BeanPostProcessors (for example: not eligible for auto-proxying)
2020-11-10 19:00:43.200 INFO  [main]o.s.c.s.PostProcessorRegistrationDelegate$BeanPostProcessorChecker.postProcessAfterInitialization:330 -Bean 'com.alibaba.druid.spring.boot.autoconfigure.stat.DruidFilterConfiguration' of type [com.alibaba.druid.spring.boot.autoconfigure.stat.DruidFilterConfiguration] is not eligible for getting processed by all BeanPostProcessors (for example: not eligible for auto-proxying)
2020-11-10 19:00:43.281 INFO  [main]o.s.c.s.PostProcessorRegistrationDelegate$BeanPostProcessorChecker.postProcessAfterInitialization:330 -Bean 'statFilter' of type [com.alibaba.druid.filter.stat.StatFilter] is not eligible for getting processed by all BeanPostProcessors (for example: not eligible for auto-proxying)
2020-11-10 19:01:04.997 INFO  [main]com.alibaba.druid.pool.DruidDataSource.init:930 -{dataSource-1} inited
2020-11-10 19:01:05.043 INFO  [main]o.s.b.a.logging.ConditionEvaluationReportLoggingListener.logMessage:136 -

Error starting ApplicationContext. To display the conditions report re-run your application with 'debug' enabled.
2020-11-10 19:02:52.701 INFO  [main]com.jg.blog.BlogApplication.logStarting:55 -Starting BlogApplication on DESKTOP-LD5PAQI with PID 11816 (E:\Ideadaima\blog\target\classes started by adminstrator in E:\Ideadaima\blog)
2020-11-10 19:02:52.710 INFO  [main]com.jg.blog.BlogApplication.logStartupProfileInfo:655 -The following profiles are active: dev
2020-11-10 19:02:54.736 INFO  [main]o.s.d.repository.config.RepositoryConfigurationDelegate.registerRepositoriesIn:127 -Bootstrapping Spring Data MongoDB repositories in DEFAULT mode.
2020-11-10 19:02:54.902 INFO  [main]o.s.d.repository.config.RepositoryConfigurationDelegate.registerRepositoriesIn:187 -Finished Spring Data repository scanning in 156ms. Found 4 MongoDB repository interfaces.
2020-11-10 19:02:55.623 INFO  [main]o.s.c.s.PostProcessorRegistrationDelegate$BeanPostProcessorChecker.postProcessAfterInitialization:330 -Bean 'org.springframework.transaction.annotation.ProxyTransactionManagementConfiguration' of type [org.springframework.transaction.annotation.ProxyTransactionManagementConfiguration] is not eligible for getting processed by all BeanPostProcessors (for example: not eligible for auto-proxying)
2020-11-10 19:02:55.826 INFO  [main]o.s.c.s.PostProcessorRegistrationDelegate$BeanPostProcessorChecker.postProcessAfterInitialization:330 -Bean 'shiroConfig' of type [com.jg.blog.config.ShiroConfig$$EnhancerBySpringCGLIB$$267388c0] is not eligible for getting processed by all BeanPostProcessors (for example: not eligible for auto-proxying)
2020-11-10 19:02:55.918 INFO  [main]o.s.c.s.PostProcessorRegistrationDelegate$BeanPostProcessorChecker.postProcessAfterInitialization:330 -Bean 'mybatis-org.mybatis.spring.boot.autoconfigure.MybatisProperties' of type [org.mybatis.spring.boot.autoconfigure.MybatisProperties] is not eligible for getting processed by all BeanPostProcessors (for example: not eligible for auto-proxying)
2020-11-10 19:02:55.942 INFO  [main]o.s.c.s.PostProcessorRegistrationDelegate$BeanPostProcessorChecker.postProcessAfterInitialization:330 -Bean 'org.mybatis.spring.boot.autoconfigure.MybatisAutoConfiguration' of type [org.mybatis.spring.boot.autoconfigure.MybatisAutoConfiguration$$EnhancerBySpringCGLIB$$cc6c73c] is not eligible for getting processed by all BeanPostProcessors (for example: not eligible for auto-proxying)
2020-11-10 19:02:55.949 INFO  [main]o.s.c.s.PostProcessorRegistrationDelegate$BeanPostProcessorChecker.postProcessAfterInitialization:330 -Bean 'com.alibaba.druid.spring.boot.autoconfigure.DruidDataSourceAutoConfigure' of type [com.alibaba.druid.spring.boot.autoconfigure.DruidDataSourceAutoConfigure$$EnhancerBySpringCGLIB$$f39e6b7e] is not eligible for getting processed by all BeanPostProcessors (for example: not eligible for auto-proxying)
2020-11-10 19:02:55.956 INFO  [main]c.a.d.s.boot.autoconfigure.DruidDataSourceAutoConfigure.dataSource:56 -Init DruidDataSource
2020-11-10 19:02:56.056 INFO  [main]o.s.c.s.PostProcessorRegistrationDelegate$BeanPostProcessorChecker.postProcessAfterInitialization:330 -Bean 'spring.datasource-org.springframework.boot.autoconfigure.jdbc.DataSourceProperties' of type [org.springframework.boot.autoconfigure.jdbc.DataSourceProperties] is not eligible for getting processed by all BeanPostProcessors (for example: not eligible for auto-proxying)
2020-11-10 19:02:56.102 INFO  [main]o.s.c.s.PostProcessorRegistrationDelegate$BeanPostProcessorChecker.postProcessAfterInitialization:330 -Bean 'com.alibaba.druid.spring.boot.autoconfigure.stat.DruidFilterConfiguration' of type [com.alibaba.druid.spring.boot.autoconfigure.stat.DruidFilterConfiguration] is not eligible for getting processed by all BeanPostProcessors (for example: not eligible for auto-proxying)
2020-11-10 19:02:56.149 INFO  [main]o.s.c.s.PostProcessorRegistrationDelegate$BeanPostProcessorChecker.postProcessAfterInitialization:330 -Bean 'statFilter' of type [com.alibaba.druid.filter.stat.StatFilter] is not eligible for getting processed by all BeanPostProcessors (for example: not eligible for auto-proxying)
2020-11-10 19:03:17.788 INFO  [main]com.alibaba.druid.pool.DruidDataSource.init:930 -{dataSource-1} inited
2020-11-10 19:03:17.809 INFO  [main]o.s.b.a.logging.ConditionEvaluationReportLoggingListener.logMessage:136 -

Error starting ApplicationContext. To display the conditions report re-run your application with 'debug' enabled.
2020-11-10 19:03:45.987 INFO  [main]com.jg.blog.BlogApplication.logStarting:55 -Starting BlogApplication on DESKTOP-LD5PAQI with PID 16992 (E:\Ideadaima\blog\target\classes started by adminstrator in E:\Ideadaima\blog)
2020-11-10 19:03:45.995 INFO  [main]com.jg.blog.BlogApplication.logStartupProfileInfo:655 -The following profiles are active: dev
2020-11-10 19:03:48.119 INFO  [main]o.s.d.repository.config.RepositoryConfigurationDelegate.registerRepositoriesIn:127 -Bootstrapping Spring Data MongoDB repositories in DEFAULT mode.
2020-11-10 19:03:48.399 INFO  [main]o.s.d.repository.config.RepositoryConfigurationDelegate.registerRepositoriesIn:187 -Finished Spring Data repository scanning in 268ms. Found 4 MongoDB repository interfaces.
2020-11-10 19:03:49.178 INFO  [main]o.s.c.s.PostProcessorRegistrationDelegate$BeanPostProcessorChecker.postProcessAfterInitialization:330 -Bean 'org.springframework.transaction.annotation.ProxyTransactionManagementConfiguration' of type [org.springframework.transaction.annotation.ProxyTransactionManagementConfiguration] is not eligible for getting processed by all BeanPostProcessors (for example: not eligible for auto-proxying)
2020-11-10 19:03:49.414 INFO  [main]o.s.c.s.PostProcessorRegistrationDelegate$BeanPostProcessorChecker.postProcessAfterInitialization:330 -Bean 'shiroConfig' of type [com.jg.blog.config.ShiroConfig$$EnhancerBySpringCGLIB$$4eb43bba] is not eligible for getting processed by all BeanPostProcessors (for example: not eligible for auto-proxying)
2020-11-10 19:03:49.545 INFO  [main]o.s.c.s.PostProcessorRegistrationDelegate$BeanPostProcessorChecker.postProcessAfterInitialization:330 -Bean 'mybatis-org.mybatis.spring.boot.autoconfigure.MybatisProperties' of type [org.mybatis.spring.boot.autoconfigure.MybatisProperties] is not eligible for getting processed by all BeanPostProcessors (for example: not eligible for auto-proxying)
2020-11-10 19:03:49.589 INFO  [main]o.s.c.s.PostProcessorRegistrationDelegate$BeanPostProcessorChecker.postProcessAfterInitialization:330 -Bean 'org.mybatis.spring.boot.autoconfigure.MybatisAutoConfiguration' of type [org.mybatis.spring.boot.autoconfigure.MybatisAutoConfiguration$$EnhancerBySpringCGLIB$$35077a36] is not eligible for getting processed by all BeanPostProcessors (for example: not eligible for auto-proxying)
2020-11-10 19:03:49.608 INFO  [main]o.s.c.s.PostProcessorRegistrationDelegate$BeanPostProcessorChecker.postProcessAfterInitialization:330 -Bean 'com.alibaba.druid.spring.boot.autoconfigure.DruidDataSourceAutoConfigure' of type [com.alibaba.druid.spring.boot.autoconfigure.DruidDataSourceAutoConfigure$$EnhancerBySpringCGLIB$$1bdf1e78] is not eligible for getting processed by all BeanPostProcessors (for example: not eligible for auto-proxying)
2020-11-10 19:03:49.616 INFO  [main]c.a.d.s.boot.autoconfigure.DruidDataSourceAutoConfigure.dataSource:56 -Init DruidDataSource
2020-11-10 19:03:49.738 INFO  [main]o.s.c.s.PostProcessorRegistrationDelegate$BeanPostProcessorChecker.postProcessAfterInitialization:330 -Bean 'spring.datasource-org.springframework.boot.autoconfigure.jdbc.DataSourceProperties' of type [org.springframework.boot.autoconfigure.jdbc.DataSourceProperties] is not eligible for getting processed by all BeanPostProcessors (for example: not eligible for auto-proxying)
2020-11-10 19:03:49.779 INFO  [main]o.s.c.s.PostProcessorRegistrationDelegate$BeanPostProcessorChecker.postProcessAfterInitialization:330 -Bean 'com.alibaba.druid.spring.boot.autoconfigure.stat.DruidFilterConfiguration' of type [com.alibaba.druid.spring.boot.autoconfigure.stat.DruidFilterConfiguration] is not eligible for getting processed by all BeanPostProcessors (for example: not eligible for auto-proxying)
2020-11-10 19:03:49.836 INFO  [main]o.s.c.s.PostProcessorRegistrationDelegate$BeanPostProcessorChecker.postProcessAfterInitialization:330 -Bean 'statFilter' of type [com.alibaba.druid.filter.stat.StatFilter] is not eligible for getting processed by all BeanPostProcessors (for example: not eligible for auto-proxying)
2020-11-10 19:04:11.873 INFO  [main]com.alibaba.druid.pool.DruidDataSource.init:930 -{dataSource-1} inited
2020-11-10 19:04:11.896 INFO  [main]o.s.b.a.logging.ConditionEvaluationReportLoggingListener.logMessage:136 -

Error starting ApplicationContext. To display the conditions report re-run your application with 'debug' enabled.
2020-11-10 19:06:12.370 INFO  [main]com.jg.blog.BlogApplication.logStarting:55 -Starting BlogApplication on DESKTOP-LD5PAQI with PID 9592 (E:\Ideadaima\blog\target\classes started by adminstrator in E:\Ideadaima\blog)
2020-11-10 19:06:12.377 INFO  [main]com.jg.blog.BlogApplication.logStartupProfileInfo:655 -The following profiles are active: dev
2020-11-10 19:06:14.053 INFO  [main]o.s.d.repository.config.RepositoryConfigurationDelegate.registerRepositoriesIn:127 -Bootstrapping Spring Data MongoDB repositories in DEFAULT mode.
2020-11-10 19:06:14.201 INFO  [main]o.s.d.repository.config.RepositoryConfigurationDelegate.registerRepositoriesIn:187 -Finished Spring Data repository scanning in 141ms. Found 4 MongoDB repository interfaces.
2020-11-10 19:06:14.639 INFO  [main]o.s.c.s.PostProcessorRegistrationDelegate$BeanPostProcessorChecker.postProcessAfterInitialization:330 -Bean 'org.springframework.transaction.annotation.ProxyTransactionManagementConfiguration' of type [org.springframework.transaction.annotation.ProxyTransactionManagementConfiguration] is not eligible for getting processed by all BeanPostProcessors (for example: not eligible for auto-proxying)
2020-11-10 19:06:14.776 INFO  [main]o.s.c.s.PostProcessorRegistrationDelegate$BeanPostProcessorChecker.postProcessAfterInitialization:330 -Bean 'shiroConfig' of type [com.jg.blog.config.ShiroConfig$$EnhancerBySpringCGLIB$$5067a687] is not eligible for getting processed by all BeanPostProcessors (for example: not eligible for auto-proxying)
2020-11-10 19:06:14.830 INFO  [main]o.s.c.s.PostProcessorRegistrationDelegate$BeanPostProcessorChecker.postProcessAfterInitialization:330 -Bean 'mybatis-org.mybatis.spring.boot.autoconfigure.MybatisProperties' of type [org.mybatis.spring.boot.autoconfigure.MybatisProperties] is not eligible for getting processed by all BeanPostProcessors (for example: not eligible for auto-proxying)
2020-11-10 19:06:14.852 INFO  [main]o.s.c.s.PostProcessorRegistrationDelegate$BeanPostProcessorChecker.postProcessAfterInitialization:330 -Bean 'org.mybatis.spring.boot.autoconfigure.MybatisAutoConfiguration' of type [org.mybatis.spring.boot.autoconfigure.MybatisAutoConfiguration$$EnhancerBySpringCGLIB$$36bae503] is not eligible for getting processed by all BeanPostProcessors (for example: not eligible for auto-proxying)
2020-11-10 19:06:14.857 INFO  [main]o.s.c.s.PostProcessorRegistrationDelegate$BeanPostProcessorChecker.postProcessAfterInitialization:330 -Bean 'com.alibaba.druid.spring.boot.autoconfigure.DruidDataSourceAutoConfigure' of type [com.alibaba.druid.spring.boot.autoconfigure.DruidDataSourceAutoConfigure$$EnhancerBySpringCGLIB$$1d928945] is not eligible for getting processed by all BeanPostProcessors (for example: not eligible for auto-proxying)
2020-11-10 19:06:14.863 INFO  [main]c.a.d.s.boot.autoconfigure.DruidDataSourceAutoConfigure.dataSource:56 -Init DruidDataSource
2020-11-10 19:06:14.929 INFO  [main]o.s.c.s.PostProcessorRegistrationDelegate$BeanPostProcessorChecker.postProcessAfterInitialization:330 -Bean 'spring.datasource-org.springframework.boot.autoconfigure.jdbc.DataSourceProperties' of type [org.springframework.boot.autoconfigure.jdbc.DataSourceProperties] is not eligible for getting processed by all BeanPostProcessors (for example: not eligible for auto-proxying)
2020-11-10 19:06:14.960 INFO  [main]o.s.c.s.PostProcessorRegistrationDelegate$BeanPostProcessorChecker.postProcessAfterInitialization:330 -Bean 'com.alibaba.druid.spring.boot.autoconfigure.stat.DruidFilterConfiguration' of type [com.alibaba.druid.spring.boot.autoconfigure.stat.DruidFilterConfiguration] is not eligible for getting processed by all BeanPostProcessors (for example: not eligible for auto-proxying)
2020-11-10 19:06:14.986 INFO  [main]o.s.c.s.PostProcessorRegistrationDelegate$BeanPostProcessorChecker.postProcessAfterInitialization:330 -Bean 'statFilter' of type [com.alibaba.druid.filter.stat.StatFilter] is not eligible for getting processed by all BeanPostProcessors (for example: not eligible for auto-proxying)
2020-11-10 19:06:36.524 INFO  [main]com.alibaba.druid.pool.DruidDataSource.init:930 -{dataSource-1} inited
2020-11-10 19:06:36.557 INFO  [main]o.s.b.a.logging.ConditionEvaluationReportLoggingListener.logMessage:136 -

Error starting ApplicationContext. To display the conditions report re-run your application with 'debug' enabled.
2020-11-10 19:08:51.087 INFO  [main]com.jg.blog.BlogApplication.logStarting:55 -Starting BlogApplication on DESKTOP-LD5PAQI with PID 16516 (E:\Ideadaima\blog\target\classes started by adminstrator in E:\Ideadaima\blog)
2020-11-10 19:08:51.096 INFO  [main]com.jg.blog.BlogApplication.logStartupProfileInfo:655 -The following profiles are active: dev
2020-11-10 19:08:52.725 INFO  [main]o.s.d.repository.config.RepositoryConfigurationDelegate.registerRepositoriesIn:127 -Bootstrapping Spring Data MongoDB repositories in DEFAULT mode.
2020-11-10 19:08:52.912 INFO  [main]o.s.d.repository.config.RepositoryConfigurationDelegate.registerRepositoriesIn:187 -Finished Spring Data repository scanning in 172ms. Found 4 MongoDB repository interfaces.
2020-11-10 19:08:53.536 INFO  [main]o.s.c.s.PostProcessorRegistrationDelegate$BeanPostProcessorChecker.postProcessAfterInitialization:330 -Bean 'org.springframework.transaction.annotation.ProxyTransactionManagementConfiguration' of type [org.springframework.transaction.annotation.ProxyTransactionManagementConfiguration] is not eligible for getting processed by all BeanPostProcessors (for example: not eligible for auto-proxying)
2020-11-10 19:08:53.779 INFO  [main]o.s.c.s.PostProcessorRegistrationDelegate$BeanPostProcessorChecker.postProcessAfterInitialization:330 -Bean 'shiroConfig' of type [com.jg.blog.config.ShiroConfig$$EnhancerBySpringCGLIB$$e4c473eb] is not eligible for getting processed by all BeanPostProcessors (for example: not eligible for auto-proxying)
2020-11-10 19:08:53.927 INFO  [main]o.s.c.s.PostProcessorRegistrationDelegate$BeanPostProcessorChecker.postProcessAfterInitialization:330 -Bean 'mybatis-org.mybatis.spring.boot.autoconfigure.MybatisProperties' of type [org.mybatis.spring.boot.autoconfigure.MybatisProperties] is not eligible for getting processed by all BeanPostProcessors (for example: not eligible for auto-proxying)
2020-11-10 19:08:53.960 INFO  [main]o.s.c.s.PostProcessorRegistrationDelegate$BeanPostProcessorChecker.postProcessAfterInitialization:330 -Bean 'org.mybatis.spring.boot.autoconfigure.MybatisAutoConfiguration' of type [org.mybatis.spring.boot.autoconfigure.MybatisAutoConfiguration$$EnhancerBySpringCGLIB$$cb17b267] is not eligible for getting processed by all BeanPostProcessors (for example: not eligible for auto-proxying)
2020-11-10 19:08:53.980 INFO  [main]o.s.c.s.PostProcessorRegistrationDelegate$BeanPostProcessorChecker.postProcessAfterInitialization:330 -Bean 'com.alibaba.druid.spring.boot.autoconfigure.DruidDataSourceAutoConfigure' of type [com.alibaba.druid.spring.boot.autoconfigure.DruidDataSourceAutoConfigure$$EnhancerBySpringCGLIB$$b1ef56a9] is not eligible for getting processed by all BeanPostProcessors (for example: not eligible for auto-proxying)
2020-11-10 19:08:53.993 INFO  [main]c.a.d.s.boot.autoconfigure.DruidDataSourceAutoConfigure.dataSource:56 -Init DruidDataSource
2020-11-10 19:08:54.127 INFO  [main]o.s.c.s.PostProcessorRegistrationDelegate$BeanPostProcessorChecker.postProcessAfterInitialization:330 -Bean 'spring.datasource-org.springframework.boot.autoconfigure.jdbc.DataSourceProperties' of type [org.springframework.boot.autoconfigure.jdbc.DataSourceProperties] is not eligible for getting processed by all BeanPostProcessors (for example: not eligible for auto-proxying)
2020-11-10 19:08:54.164 INFO  [main]o.s.c.s.PostProcessorRegistrationDelegate$BeanPostProcessorChecker.postProcessAfterInitialization:330 -Bean 'com.alibaba.druid.spring.boot.autoconfigure.stat.DruidFilterConfiguration' of type [com.alibaba.druid.spring.boot.autoconfigure.stat.DruidFilterConfiguration] is not eligible for getting processed by all BeanPostProcessors (for example: not eligible for auto-proxying)
2020-11-10 19:08:54.216 INFO  [main]o.s.c.s.PostProcessorRegistrationDelegate$BeanPostProcessorChecker.postProcessAfterInitialization:330 -Bean 'statFilter' of type [com.alibaba.druid.filter.stat.StatFilter] is not eligible for getting processed by all BeanPostProcessors (for example: not eligible for auto-proxying)
2020-11-10 19:09:15.816 INFO  [main]com.alibaba.druid.pool.DruidDataSource.init:930 -{dataSource-1} inited
2020-11-10 19:09:15.841 INFO  [main]o.s.b.a.logging.ConditionEvaluationReportLoggingListener.logMessage:136 -

Error starting ApplicationContext. To display the conditions report re-run your application with 'debug' enabled.
2020-11-10 19:26:18.684 INFO  [main]com.jg.blog.BlogApplication.logStarting:55 -Starting BlogApplication on DESKTOP-LD5PAQI with PID 15936 (E:\Ideadaima\blog\target\classes started by adminstrator in E:\Ideadaima\blog)
2020-11-10 19:26:18.700 INFO  [main]com.jg.blog.BlogApplication.logStartupProfileInfo:655 -The following profiles are active: dev
2020-11-10 19:26:20.445 INFO  [main]o.s.d.repository.config.RepositoryConfigurationDelegate.registerRepositoriesIn:127 -Bootstrapping Spring Data MongoDB repositories in DEFAULT mode.
2020-11-10 19:26:20.584 INFO  [main]o.s.d.repository.config.RepositoryConfigurationDelegate.registerRepositoriesIn:187 -Finished Spring Data repository scanning in 132ms. Found 4 MongoDB repository interfaces.
2020-11-10 19:26:21.049 INFO  [main]o.s.c.s.PostProcessorRegistrationDelegate$BeanPostProcessorChecker.postProcessAfterInitialization:330 -Bean 'org.springframework.transaction.annotation.ProxyTransactionManagementConfiguration' of type [org.springframework.transaction.annotation.ProxyTransactionManagementConfiguration] is not eligible for getting processed by all BeanPostProcessors (for example: not eligible for auto-proxying)
2020-11-10 19:26:21.206 INFO  [main]o.s.c.s.PostProcessorRegistrationDelegate$BeanPostProcessorChecker.postProcessAfterInitialization:330 -Bean 'shiroConfig' of type [com.jg.blog.config.ShiroConfig$$EnhancerBySpringCGLIB$$e2ae82e5] is not eligible for getting processed by all BeanPostProcessors (for example: not eligible for auto-proxying)
2020-11-10 19:26:21.280 INFO  [main]o.s.c.s.PostProcessorRegistrationDelegate$BeanPostProcessorChecker.postProcessAfterInitialization:330 -Bean 'mybatis-org.mybatis.spring.boot.autoconfigure.MybatisProperties' of type [org.mybatis.spring.boot.autoconfigure.MybatisProperties] is not eligible for getting processed by all BeanPostProcessors (for example: not eligible for auto-proxying)
2020-11-10 19:26:21.301 INFO  [main]o.s.c.s.PostProcessorRegistrationDelegate$BeanPostProcessorChecker.postProcessAfterInitialization:330 -Bean 'org.mybatis.spring.boot.autoconfigure.MybatisAutoConfiguration' of type [org.mybatis.spring.boot.autoconfigure.MybatisAutoConfiguration$$EnhancerBySpringCGLIB$$c901c161] is not eligible for getting processed by all BeanPostProcessors (for example: not eligible for auto-proxying)
2020-11-10 19:26:21.306 INFO  [main]o.s.c.s.PostProcessorRegistrationDelegate$BeanPostProcessorChecker.postProcessAfterInitialization:330 -Bean 'com.alibaba.druid.spring.boot.autoconfigure.DruidDataSourceAutoConfigure' of type [com.alibaba.druid.spring.boot.autoconfigure.DruidDataSourceAutoConfigure$$EnhancerBySpringCGLIB$$afd965a3] is not eligible for getting processed by all BeanPostProcessors (for example: not eligible for auto-proxying)
2020-11-10 19:26:21.318 INFO  [main]c.a.d.s.boot.autoconfigure.DruidDataSourceAutoConfigure.dataSource:56 -Init DruidDataSource
2020-11-10 19:26:21.387 INFO  [main]o.s.c.s.PostProcessorRegistrationDelegate$BeanPostProcessorChecker.postProcessAfterInitialization:330 -Bean 'spring.datasource-org.springframework.boot.autoconfigure.jdbc.DataSourceProperties' of type [org.springframework.boot.autoconfigure.jdbc.DataSourceProperties] is not eligible for getting processed by all BeanPostProcessors (for example: not eligible for auto-proxying)
2020-11-10 19:26:21.411 INFO  [main]o.s.c.s.PostProcessorRegistrationDelegate$BeanPostProcessorChecker.postProcessAfterInitialization:330 -Bean 'com.alibaba.druid.spring.boot.autoconfigure.stat.DruidFilterConfiguration' of type [com.alibaba.druid.spring.boot.autoconfigure.stat.DruidFilterConfiguration] is not eligible for getting processed by all BeanPostProcessors (for example: not eligible for auto-proxying)
2020-11-10 19:26:21.444 INFO  [main]o.s.c.s.PostProcessorRegistrationDelegate$BeanPostProcessorChecker.postProcessAfterInitialization:330 -Bean 'statFilter' of type [com.alibaba.druid.filter.stat.StatFilter] is not eligible for getting processed by all BeanPostProcessors (for example: not eligible for auto-proxying)
2020-11-10 19:26:23.045 INFO  [main]com.alibaba.druid.pool.DruidDataSource.init:930 -{dataSource-1} inited
2020-11-10 19:26:23.061 INFO  [main]o.s.b.a.logging.ConditionEvaluationReportLoggingListener.logMessage:136 -

Error starting ApplicationContext. To display the conditions report re-run your application with 'debug' enabled.
2020-11-10 19:29:17.899 INFO  [main]com.jg.blog.BlogApplication.logStarting:55 -Starting BlogApplication on DESKTOP-LD5PAQI with PID 7220 (E:\Ideadaima\blog\target\classes started by adminstrator in E:\Ideadaima\blog)
2020-11-10 19:29:17.924 INFO  [main]com.jg.blog.BlogApplication.logStartupProfileInfo:655 -The following profiles are active: dev
2020-11-10 19:29:19.388 INFO  [main]o.s.d.repository.config.RepositoryConfigurationDelegate.registerRepositoriesIn:127 -Bootstrapping Spring Data MongoDB repositories in DEFAULT mode.
2020-11-10 19:29:19.522 INFO  [main]o.s.d.repository.config.RepositoryConfigurationDelegate.registerRepositoriesIn:187 -Finished Spring Data repository scanning in 125ms. Found 4 MongoDB repository interfaces.
2020-11-10 19:29:19.986 INFO  [main]o.s.c.s.PostProcessorRegistrationDelegate$BeanPostProcessorChecker.postProcessAfterInitialization:330 -Bean 'org.springframework.transaction.annotation.ProxyTransactionManagementConfiguration' of type [org.springframework.transaction.annotation.ProxyTransactionManagementConfiguration] is not eligible for getting processed by all BeanPostProcessors (for example: not eligible for auto-proxying)
2020-11-10 19:29:20.135 INFO  [main]o.s.c.s.PostProcessorRegistrationDelegate$BeanPostProcessorChecker.postProcessAfterInitialization:330 -Bean 'shiroConfig' of type [com.jg.blog.config.ShiroConfig$$EnhancerBySpringCGLIB$$1ed63760] is not eligible for getting processed by all BeanPostProcessors (for example: not eligible for auto-proxying)
2020-11-10 19:29:20.206 INFO  [main]o.s.c.s.PostProcessorRegistrationDelegate$BeanPostProcessorChecker.postProcessAfterInitialization:330 -Bean 'mybatis-org.mybatis.spring.boot.autoconfigure.MybatisProperties' of type [org.mybatis.spring.boot.autoconfigure.MybatisProperties] is not eligible for getting processed by all BeanPostProcessors (for example: not eligible for auto-proxying)
2020-11-10 19:29:20.229 INFO  [main]o.s.c.s.PostProcessorRegistrationDelegate$BeanPostProcessorChecker.postProcessAfterInitialization:330 -Bean 'org.mybatis.spring.boot.autoconfigure.MybatisAutoConfiguration' of type [org.mybatis.spring.boot.autoconfigure.MybatisAutoConfiguration$$EnhancerBySpringCGLIB$$52975dc] is not eligible for getting processed by all BeanPostProcessors (for example: not eligible for auto-proxying)
2020-11-10 19:29:20.237 INFO  [main]o.s.c.s.PostProcessorRegistrationDelegate$BeanPostProcessorChecker.postProcessAfterInitialization:330 -Bean 'com.alibaba.druid.spring.boot.autoconfigure.DruidDataSourceAutoConfigure' of type [com.alibaba.druid.spring.boot.autoconfigure.DruidDataSourceAutoConfigure$$EnhancerBySpringCGLIB$$ec011a1e] is not eligible for getting processed by all BeanPostProcessors (for example: not eligible for auto-proxying)
2020-11-10 19:29:20.246 INFO  [main]c.a.d.s.boot.autoconfigure.DruidDataSourceAutoConfigure.dataSource:56 -Init DruidDataSource
2020-11-10 19:29:20.335 INFO  [main]o.s.c.s.PostProcessorRegistrationDelegate$BeanPostProcessorChecker.postProcessAfterInitialization:330 -Bean 'spring.datasource-org.springframework.boot.autoconfigure.jdbc.DataSourceProperties' of type [org.springframework.boot.autoconfigure.jdbc.DataSourceProperties] is not eligible for getting processed by all BeanPostProcessors (for example: not eligible for auto-proxying)
2020-11-10 19:29:20.357 INFO  [main]o.s.c.s.PostProcessorRegistrationDelegate$BeanPostProcessorChecker.postProcessAfterInitialization:330 -Bean 'com.alibaba.druid.spring.boot.autoconfigure.stat.DruidFilterConfiguration' of type [com.alibaba.druid.spring.boot.autoconfigure.stat.DruidFilterConfiguration] is not eligible for getting processed by all BeanPostProcessors (for example: not eligible for auto-proxying)
2020-11-10 19:29:20.388 INFO  [main]o.s.c.s.PostProcessorRegistrationDelegate$BeanPostProcessorChecker.postProcessAfterInitialization:330 -Bean 'statFilter' of type [com.alibaba.druid.filter.stat.StatFilter] is not eligible for getting processed by all BeanPostProcessors (for example: not eligible for auto-proxying)
2020-11-10 19:29:25.397 INFO  [main]com.alibaba.druid.pool.DruidDataSource.init:930 -{dataSource-1} inited
2020-11-10 19:29:25.398 INFO  [main]o.s.c.s.PostProcessorRegistrationDelegate$BeanPostProcessorChecker.postProcessAfterInitialization:330 -Bean 'dataSource' of type [com.alibaba.druid.spring.boot.autoconfigure.DruidDataSourceWrapper] is not eligible for getting processed by all BeanPostProcessors (for example: not eligible for auto-proxying)
2020-11-10 19:29:25.489 INFO  [main]o.s.c.s.PostProcessorRegistrationDelegate$BeanPostProcessorChecker.postProcessAfterInitialization:330 -Bean 'org.springframework.boot.autoconfigure.jdbc.DataSourceInitializerInvoker' of type [org.springframework.boot.autoconfigure.jdbc.DataSourceInitializerInvoker] is not eligible for getting processed by all BeanPostProcessors (for example: not eligible for auto-proxying)
2020-11-10 19:29:26.788 INFO  [main]o.s.c.s.PostProcessorRegistrationDelegate$BeanPostProcessorChecker.postProcessAfterInitialization:330 -Bean 'sqlSessionFactory' of type [org.apache.ibatis.session.defaults.DefaultSqlSessionFactory] is not eligible for getting processed by all BeanPostProcessors (for example: not eligible for auto-proxying)
2020-11-10 19:29:26.811 INFO  [main]o.s.c.s.PostProcessorRegistrationDelegate$BeanPostProcessorChecker.postProcessAfterInitialization:330 -Bean 'sqlSessionTemplate' of type [org.mybatis.spring.SqlSessionTemplate] is not eligible for getting processed by all BeanPostProcessors (for example: not eligible for auto-proxying)
2020-11-10 19:29:26.821 INFO  [main]o.s.c.s.PostProcessorRegistrationDelegate$BeanPostProcessorChecker.postProcessAfterInitialization:330 -Bean 'adminMapper' of type [org.mybatis.spring.mapper.MapperFactoryBean] is not eligible for getting processed by all BeanPostProcessors (for example: not eligible for auto-proxying)
2020-11-10 19:29:26.826 INFO  [main]o.s.c.s.PostProcessorRegistrationDelegate$BeanPostProcessorChecker.postProcessAfterInitialization:330 -Bean 'adminMapper' of type [com.sun.proxy.$Proxy89] is not eligible for getting processed by all BeanPostProcessors (for example: not eligible for auto-proxying)
2020-11-10 19:29:26.831 INFO  [main]o.s.c.s.PostProcessorRegistrationDelegate$BeanPostProcessorChecker.postProcessAfterInitialization:330 -Bean 'adminServiceImpl' of type [com.jg.blog.service.impl.AdminServiceImpl] is not eligible for getting processed by all BeanPostProcessors (for example: not eligible for auto-proxying)
2020-11-10 19:29:26.838 INFO  [main]o.s.c.s.PostProcessorRegistrationDelegate$BeanPostProcessorChecker.postProcessAfterInitialization:330 -Bean 'userMapper' of type [org.mybatis.spring.mapper.MapperFactoryBean] is not eligible for getting processed by all BeanPostProcessors (for example: not eligible for auto-proxying)
2020-11-10 19:29:26.840 INFO  [main]o.s.c.s.PostProcessorRegistrationDelegate$BeanPostProcessorChecker.postProcessAfterInitialization:330 -Bean 'userMapper' of type [com.sun.proxy.$Proxy91] is not eligible for getting processed by all BeanPostProcessors (for example: not eligible for auto-proxying)
2020-11-10 19:29:26.896 INFO  [main]o.s.c.s.PostProcessorRegistrationDelegate$BeanPostProcessorChecker.postProcessAfterInitialization:330 -Bean '(inner bean)#68a4dcc6' of type [org.springframework.beans.factory.config.PropertiesFactoryBean] is not eligible for getting processed by all BeanPostProcessors (for example: not eligible for auto-proxying)
2020-11-10 19:29:26.900 INFO  [main]o.s.c.s.PostProcessorRegistrationDelegate$BeanPostProcessorChecker.postProcessAfterInitialization:330 -Bean '(inner bean)#68a4dcc6' of type [java.util.Properties] is not eligible for getting processed by all BeanPostProcessors (for example: not eligible for auto-proxying)
2020-11-10 19:29:26.962 INFO  [main]o.s.c.s.PostProcessorRegistrationDelegate$BeanPostProcessorChecker.postProcessAfterInitialization:330 -Bean '(inner bean)#6981f8f3' of type [org.springframework.data.repository.core.support.PropertiesBasedNamedQueries] is not eligible for getting processed by all BeanPostProcessors (for example: not eligible for auto-proxying)
2020-11-10 19:29:26.997 INFO  [main]o.s.c.s.PostProcessorRegistrationDelegate$BeanPostProcessorChecker.postProcessAfterInitialization:330 -Bean '(inner bean)#799ed4e8' of type [org.springframework.data.repository.core.support.RepositoryFragmentsFactoryBean] is not eligible for getting processed by all BeanPostProcessors (for example: not eligible for auto-proxying)
2020-11-10 19:29:27.006 INFO  [main]o.s.c.s.PostProcessorRegistrationDelegate$BeanPostProcessorChecker.postProcessAfterInitialization:330 -Bean '(inner bean)#799ed4e8' of type [org.springframework.data.repository.core.support.RepositoryComposition$RepositoryFragments] is not eligible for getting processed by all BeanPostProcessors (for example: not eligible for auto-proxying)
2020-11-10 19:29:27.095 INFO  [main]o.s.c.s.PostProcessorRegistrationDelegate$BeanPostProcessorChecker.postProcessAfterInitialization:330 -Bean 'spring.data.mongodb-org.springframework.boot.autoconfigure.mongo.MongoProperties' of type [org.springframework.boot.autoconfigure.mongo.MongoProperties] is not eligible for getting processed by all BeanPostProcessors (for example: not eligible for auto-proxying)
2020-11-10 19:29:27.103 INFO  [main]o.s.c.s.PostProcessorRegistrationDelegate$BeanPostProcessorChecker.postProcessAfterInitialization:330 -Bean 'org.springframework.boot.autoconfigure.data.mongo.MongoDbFactoryDependentConfiguration' of type [org.springframework.boot.autoconfigure.data.mongo.MongoDbFactoryDependentConfiguration] is not eligible for getting processed by all BeanPostProcessors (for example: not eligible for auto-proxying)
2020-11-10 19:29:27.105 INFO  [main]o.s.c.s.PostProcessorRegistrationDelegate$BeanPostProcessorChecker.postProcessAfterInitialization:330 -Bean 'org.springframework.boot.autoconfigure.data.mongo.MongoDbFactoryConfiguration' of type [org.springframework.boot.autoconfigure.data.mongo.MongoDbFactoryConfiguration] is not eligible for getting processed by all BeanPostProcessors (for example: not eligible for auto-proxying)
2020-11-10 19:29:27.141 INFO  [main]o.s.c.s.PostProcessorRegistrationDelegate$BeanPostProcessorChecker.postProcessAfterInitialization:330 -Bean 'org.springframework.boot.autoconfigure.mongo.MongoAutoConfiguration' of type [org.springframework.boot.autoconfigure.mongo.MongoAutoConfiguration] is not eligible for getting processed by all BeanPostProcessors (for example: not eligible for auto-proxying)
2020-11-10 19:29:27.608 INFO  [main]org.mongodb.driver.cluster.info:71 -Cluster created with settings {hosts=[39.97.183.122:27017], mode=MULTIPLE, requiredClusterType=UNKNOWN, serverSelectionTimeout='30000 ms', maxWaitQueueSize=500}
2020-11-10 19:29:27.610 INFO  [main]org.mongodb.driver.cluster.info:71 -Adding discovered server 39.97.183.122:27017 to client view of cluster
2020-11-10 19:29:27.770 INFO  [main]o.s.c.s.PostProcessorRegistrationDelegate$BeanPostProcessorChecker.postProcessAfterInitialization:330 -Bean 'mongo' of type [com.mongodb.MongoClient] is not eligible for getting processed by all BeanPostProcessors (for example: not eligible for auto-proxying)
2020-11-10 19:29:27.799 INFO  [main]o.s.c.s.PostProcessorRegistrationDelegate$BeanPostProcessorChecker.postProcessAfterInitialization:330 -Bean 'mongoDbFactory' of type [org.springframework.data.mongodb.core.SimpleMongoDbFactory] is not eligible for getting processed by all BeanPostProcessors (for example: not eligible for auto-proxying)
2020-11-10 19:29:27.820 INFO  [main]o.s.c.s.PostProcessorRegistrationDelegate$BeanPostProcessorChecker.postProcessAfterInitialization:330 -Bean 'org.springframework.boot.autoconfigure.data.mongo.MongoDataConfiguration' of type [org.springframework.boot.autoconfigure.data.mongo.MongoDataConfiguration] is not eligible for getting processed by all BeanPostProcessors (for example: not eligible for auto-proxying)
2020-11-10 19:29:28.491 INFO  [main]o.s.c.s.PostProcessorRegistrationDelegate$BeanPostProcessorChecker.postProcessAfterInitialization:330 -Bean 'mongoCustomConversions' of type [org.springframework.data.mongodb.core.convert.MongoCustomConversions] is not eligible for getting processed by all BeanPostProcessors (for example: not eligible for auto-proxying)
2020-11-10 19:29:28.647 INFO  [main]o.s.c.s.PostProcessorRegistrationDelegate$BeanPostProcessorChecker.postProcessAfterInitialization:330 -Bean 'mongoMappingContext' of type [org.springframework.data.mongodb.core.mapping.MongoMappingContext] is not eligible for getting processed by all BeanPostProcessors (for example: not eligible for auto-proxying)
2020-11-10 19:29:28.805 INFO  [main]o.s.c.s.PostProcessorRegistrationDelegate$BeanPostProcessorChecker.postProcessAfterInitialization:330 -Bean 'mappingMongoConverter' of type [org.springframework.data.mongodb.core.convert.MappingMongoConverter] is not eligible for getting processed by all BeanPostProcessors (for example: not eligible for auto-proxying)
2020-11-10 19:29:28.846 INFO  [cluster-ClusterId{value='5faa7997e47dfc0dd4d35e8b', description='null'}-39.97.183.122:27017]org.mongodb.driver.cluster.info:76 -Exception in monitor thread while connecting to server 39.97.183.122:27017
com.mongodb.MongoSocketOpenException: Exception opening socket
	at com.mongodb.internal.connection.SocketStream.open(SocketStream.java:70)
	at com.mongodb.internal.connection.InternalStreamConnection.open(InternalStreamConnection.java:128)
	at com.mongodb.internal.connection.DefaultServerMonitor$ServerMonitorRunnable.run(DefaultServerMonitor.java:117)
	at java.lang.Thread.run(Thread.java:748)
Caused by: java.net.ConnectException: Connection refused: connect
	at java.net.DualStackPlainSocketImpl.waitForConnect(Native Method)
	at java.net.DualStackPlainSocketImpl.socketConnect(DualStackPlainSocketImpl.java:85)
	at java.net.AbstractPlainSocketImpl.doConnect(AbstractPlainSocketImpl.java:350)
	at java.net.AbstractPlainSocketImpl.connectToAddress(AbstractPlainSocketImpl.java:206)
	at java.net.AbstractPlainSocketImpl.connect(AbstractPlainSocketImpl.java:188)
	at java.net.PlainSocketImpl.connect(PlainSocketImpl.java:172)
	at java.net.SocksSocketImpl.connect(SocksSocketImpl.java:392)
	at java.net.Socket.connect(Socket.java:606)
	at com.mongodb.internal.connection.SocketStreamHelper.initialize(SocketStreamHelper.java:64)
	at com.mongodb.internal.connection.SocketStream.initializeSocket(SocketStream.java:79)
	at com.mongodb.internal.connection.SocketStream.open(SocketStream.java:65)
	... 3 common frames omitted
2020-11-10 19:29:29.145 INFO  [main]o.s.c.s.PostProcessorRegistrationDelegate$BeanPostProcessorChecker.postProcessAfterInitialization:330 -Bean 'mongoTemplate' of type [org.springframework.data.mongodb.core.MongoTemplate] is not eligible for getting processed by all BeanPostProcessors (for example: not eligible for auto-proxying)
2020-11-10 19:29:29.900 INFO  [main]o.s.c.s.PostProcessorRegistrationDelegate$BeanPostProcessorChecker.postProcessAfterInitialization:330 -Bean 'commentDao' of type [org.springframework.data.mongodb.repository.support.MongoRepositoryFactoryBean] is not eligible for getting processed by all BeanPostProcessors (for example: not eligible for auto-proxying)
2020-11-10 19:29:29.915 INFO  [main]o.s.c.s.PostProcessorRegistrationDelegate$BeanPostProcessorChecker.postProcessAfterInitialization:330 -Bean 'commentDao' of type [com.sun.proxy.$Proxy108] is not eligible for getting processed by all BeanPostProcessors (for example: not eligible for auto-proxying)
2020-11-10 19:29:29.956 INFO  [main]o.s.c.s.PostProcessorRegistrationDelegate$BeanPostProcessorChecker.postProcessAfterInitialization:330 -Bean '(inner bean)#144ab983' of type [org.springframework.beans.factory.config.PropertiesFactoryBean] is not eligible for getting processed by all BeanPostProcessors (for example: not eligible for auto-proxying)
2020-11-10 19:29:29.957 INFO  [main]o.s.c.s.PostProcessorRegistrationDelegate$BeanPostProcessorChecker.postProcessAfterInitialization:330 -Bean '(inner bean)#144ab983' of type [java.util.Properties] is not eligible for getting processed by all BeanPostProcessors (for example: not eligible for auto-proxying)
2020-11-10 19:29:29.959 INFO  [main]o.s.c.s.PostProcessorRegistrationDelegate$BeanPostProcessorChecker.postProcessAfterInitialization:330 -Bean '(inner bean)#fd09e43' of type [org.springframework.data.repository.core.support.PropertiesBasedNamedQueries] is not eligible for getting processed by all BeanPostProcessors (for example: not eligible for auto-proxying)
2020-11-10 19:29:29.961 INFO  [main]o.s.c.s.PostProcessorRegistrationDelegate$BeanPostProcessorChecker.postProcessAfterInitialization:330 -Bean '(inner bean)#609319c3' of type [org.springframework.data.repository.core.support.RepositoryFragmentsFactoryBean] is not eligible for getting processed by all BeanPostProcessors (for example: not eligible for auto-proxying)
2020-11-10 19:29:29.963 INFO  [main]o.s.c.s.PostProcessorRegistrationDelegate$BeanPostProcessorChecker.postProcessAfterInitialization:330 -Bean '(inner bean)#609319c3' of type [org.springframework.data.repository.core.support.RepositoryComposition$RepositoryFragments] is not eligible for getting processed by all BeanPostProcessors (for example: not eligible for auto-proxying)
2020-11-10 19:29:29.975 INFO  [main]o.s.c.s.PostProcessorRegistrationDelegate$BeanPostProcessorChecker.postProcessAfterInitialization:330 -Bean 'collectionDao' of type [org.springframework.data.mongodb.repository.support.MongoRepositoryFactoryBean] is not eligible for getting processed by all BeanPostProcessors (for example: not eligible for auto-proxying)
2020-11-10 19:29:29.977 INFO  [main]o.s.c.s.PostProcessorRegistrationDelegate$BeanPostProcessorChecker.postProcessAfterInitialization:330 -Bean 'collectionDao' of type [com.sun.proxy.$Proxy109] is not eligible for getting processed by all BeanPostProcessors (for example: not eligible for auto-proxying)
2020-11-10 19:29:30.008 INFO  [main]o.s.c.s.PostProcessorRegistrationDelegate$BeanPostProcessorChecker.postProcessAfterInitialization:330 -Bean 'userServiceImpl' of type [com.jg.blog.service.impl.UserServiceImpl] is not eligible for getting processed by all BeanPostProcessors (for example: not eligible for auto-proxying)
2020-11-10 19:29:30.012 INFO  [main]o.s.c.s.PostProcessorRegistrationDelegate$BeanPostProcessorChecker.postProcessAfterInitialization:330 -Bean 'adminRealm' of type [com.jg.blog.Realm.AdminRealm] is not eligible for getting processed by all BeanPostProcessors (for example: not eligible for auto-proxying)
2020-11-10 19:29:30.129 INFO  [main]o.s.c.s.PostProcessorRegistrationDelegate$BeanPostProcessorChecker.postProcessAfterInitialization:330 -Bean 'securityManager' of type [org.apache.shiro.web.mgt.DefaultWebSecurityManager] is not eligible for getting processed by all BeanPostProcessors (for example: not eligible for auto-proxying)
2020-11-10 19:29:30.206 INFO  [main]o.s.c.s.PostProcessorRegistrationDelegate$BeanPostProcessorChecker.postProcessAfterInitialization:330 -Bean 'authorizationAttributeSourceAdvisor' of type [org.apache.shiro.spring.security.interceptor.AuthorizationAttributeSourceAdvisor] is not eligible for getting processed by all BeanPostProcessors (for example: not eligible for auto-proxying)
2020-11-10 19:29:31.452 INFO  [main]o.s.boot.web.embedded.tomcat.TomcatWebServer.initialize:92 -Tomcat initialized with port(s): 1001 (http)
2020-11-10 19:29:31.530 INFO  [main]org.apache.coyote.http11.Http11NioProtocol.log:173 -Initializing ProtocolHandler ["http-nio-1001"]
2020-11-10 19:29:31.531 INFO  [main]org.apache.catalina.core.StandardService.log:173 -Starting service [Tomcat]
2020-11-10 19:29:31.532 INFO  [main]org.apache.catalina.core.StandardEngine.log:173 -Starting Servlet engine: [Apache Tomcat/9.0.30]
2020-11-10 19:29:32.141 INFO  [main]o.a.catalina.core.ContainerBase.[Tomcat].[localhost].[/].log:173 -Initializing Spring embedded WebApplicationContext
2020-11-10 19:29:32.141 INFO  [main]org.springframework.web.context.ContextLoader.prepareWebApplicationContext:284 -Root WebApplicationContext: initialization completed in 14088 ms
2020-11-10 19:29:35.017 INFO  [main]org.apache.coyote.http11.Http11NioProtocol.log:173 -Starting ProtocolHandler ["http-nio-1001"]
2020-11-10 19:29:35.098 INFO  [main]o.s.boot.web.embedded.tomcat.TomcatWebServer.start:204 -Tomcat started on port(s): 1001 (http) with context path ''
2020-11-10 19:29:35.101 INFO  [main]com.jg.blog.BlogApplication.logStarted:61 -Started BlogApplication in 18.659 seconds (JVM running for 21.011)
2020-11-10 19:30:00.123 INFO  [http-nio-1001-exec-1]o.a.catalina.core.ContainerBase.[Tomcat].[localhost].[/].log:173 -Initializing Spring DispatcherServlet 'dispatcherServlet'
2020-11-10 19:30:00.123 INFO  [http-nio-1001-exec-1]org.springframework.web.servlet.DispatcherServlet.initServletBean:525 -Initializing Servlet 'dispatcherServlet'
2020-11-10 19:30:00.148 INFO  [http-nio-1001-exec-1]org.springframework.web.servlet.DispatcherServlet.initServletBean:547 -Completed initialization in 25 ms
2020-11-10 19:30:00.599 INFO  [http-nio-1001-exec-1]com.jg.blog.aspect.RequestAspect.printRequestLog:116 - : /admin/login
2020-11-10 19:30:00.602 INFO  [http-nio-1001-exec-1]com.jg.blog.aspect.RequestAspect.printRequestLog:117 - : POST
2020-11-10 19:30:00.605 INFO  [http-nio-1001-exec-1]com.jg.blog.aspect.RequestAspect.printRequestLog:120 -IP : 127.0.0.1
2020-11-10 19:30:00.617 INFO  [http-nio-1001-exec-1]com.jg.blog.aspect.RequestAspect.printRequestLog:122 - : com.jg.blog.controller.AdminController.login
2020-11-10 19:30:00.619 INFO  [http-nio-1001-exec-1]com.jg.blog.aspect.RequestAspect.printRequestLog:124 -[Admin(id=null, name=null, header=null, signature=null, comment=null, username=admin, password=e807f1fcf82d132f9bb018ca6738a19f)]
2020-11-10 19:30:01.211 INFO  [http-nio-1001-exec-1]com.jg.blog.aspect.RequestAspect.doAround:70 - : 614
2020-11-10 19:30:01.408 INFO  [http-nio-1001-exec-1]com.jg.blog.aspect.RequestAspect.doAfterReturning:84 -{"code":20000,"data":{"token":"2D77890907A2AFA741E3AB9569421D88"},"msg":""}
2020-11-10 19:30:01.898 INFO  [http-nio-1001-exec-2]com.jg.blog.aspect.RequestAspect.printRequestLog:116 - : /admin/info
2020-11-10 19:30:01.934 INFO  [http-nio-1001-exec-2]com.jg.blog.aspect.RequestAspect.printRequestLog:117 - : GET
2020-11-10 19:30:01.936 INFO  [http-nio-1001-exec-2]com.jg.blog.aspect.RequestAspect.printRequestLog:120 -IP : 127.0.0.1
2020-11-10 19:30:01.937 INFO  [http-nio-1001-exec-2]com.jg.blog.aspect.RequestAspect.printRequestLog:122 - : com.jg.blog.controller.AdminController.getLoginInfo
2020-11-10 19:30:01.939 INFO  [http-nio-1001-exec-2]com.jg.blog.aspect.RequestAspect.printRequestLog:124 -[]
2020-11-10 19:30:01.944 INFO  [http-nio-1001-exec-2]com.jg.blog.aspect.RequestAspect.doAround:70 - : 46
2020-11-10 19:30:01.966 INFO  [http-nio-1001-exec-2]com.jg.blog.aspect.RequestAspect.doAfterReturning:84 -{"code":20000,"data":{"header":"http://39.97.183.122/group1/M00/00/00/rBGvAl7LcYyAZb8TAAf2zQ1Ix3Y328.gif","name":"66","password":"","username":"admin"},"msg":""}
2020-11-10 19:30:02.602 INFO  [http-nio-1001-exec-3]com.jg.blog.aspect.RequestAspect.printRequestLog:116 - : /type/getList
2020-11-10 19:30:02.603 INFO  [http-nio-1001-exec-3]com.jg.blog.aspect.RequestAspect.printRequestLog:117 - : GET
2020-11-10 19:30:02.603 INFO  [http-nio-1001-exec-3]com.jg.blog.aspect.RequestAspect.printRequestLog:120 -IP : 127.0.0.1
2020-11-10 19:30:02.604 INFO  [http-nio-1001-exec-3]com.jg.blog.aspect.RequestAspect.printRequestLog:122 - : com.jg.blog.controller.TypeController.getList
2020-11-10 19:30:02.604 INFO  [http-nio-1001-exec-3]com.jg.blog.aspect.RequestAspect.printRequestLog:124 -[]
2020-11-10 19:30:02.692 INFO  [http-nio-1001-exec-3]com.jg.blog.aspect.RequestAspect.doAround:70 - : 90
2020-11-10 19:30:02.699 INFO  [http-nio-1001-exec-3]com.jg.blog.aspect.RequestAspect.doAfterReturning:84 -{"code":20000,"data":[{"typeBlogCount":6,"typeId":1,"typeName":"java"},{"typeBlogCount":3,"typeId":2,"typeName":"linux"},{"typeBlogCount":0,"typeId":3,"typeName":"docker"},{"typeBlogCount":0,"typeId":4,"typeName":"springboot"},{"typeBlogCount":0,"typeId":5,"typeName":"nginx"},{"typeBlogCount":0,"typeId":6,"typeName":"mybatis"}],"msg":""}
2020-11-10 19:30:12.596 INFO  [http-nio-1001-exec-4]com.jg.blog.aspect.RequestAspect.printRequestLog:116 - : /blog/getByPage
2020-11-10 19:30:12.597 INFO  [http-nio-1001-exec-4]com.jg.blog.aspect.RequestAspect.printRequestLog:117 - : POST
2020-11-10 19:30:12.598 INFO  [http-nio-1001-exec-4]com.jg.blog.aspect.RequestAspect.printRequestLog:120 -IP : 127.0.0.1
2020-11-10 19:30:12.599 INFO  [http-nio-1001-exec-4]com.jg.blog.aspect.RequestAspect.printRequestLog:122 - : com.jg.blog.controller.BlogController.getByPage
2020-11-10 19:30:12.600 INFO  [http-nio-1001-exec-4]com.jg.blog.aspect.RequestAspect.printRequestLog:124 -[Page(currentPage=1, pageSize=10, totalPage=0, totalCount=0, list=[], params={}, sortColumn=null, sortMethod=asc)]
2020-11-10 19:30:13.020 INFO  [http-nio-1001-exec-4]com.jg.blog.aspect.RequestAspect.doAround:70 - : 424
2020-11-10 19:30:13.035 INFO  [http-nio-1001-exec-4]com.jg.blog.aspect.RequestAspect.doAfterReturning:84 -{"code":20000,"data":{"currentPage":1,"index":0,"list":[{"blogCollection":0,"blogComment":0,"blogGoods":0,"blogId":"1264357690636476416","blogImage":"http://39.97.183.122/group1/M00/00/00/rBGvAl7KbfWAMxLPAABgjnKno8E447.jpg","blogRead":0,"blogTitle":"","createdTime":"2020-05-24 00:49:00","typeName":"java","updateTime":"2020-05-24 12:52:13"},{"blogCollection":0,"blogComment":0,"blogGoods":0,"blogId":"1264358056178458624","blogImage":"http://39.97.183.122/group1/M00/00/00/rBGvAl7KbwqAAb-IAAAILq5d_SI847.png","blogRead":0,"blogTitle":"Mybatis SqlSession","createdTime":"2020-05-24 00:50:27","typeName":"linux","updateTime":"2020-05-25 02:28:09"},{"blogCollection":0,"blogComment":0,"blogGoods":0,"blogId":"1264358089300877312","blogRead":0,"blogTitle":"Mybatis SqlSession","createdTime":"2020-05-24 00:50:35","typeName":"java","updateTime":"2020-05-24 00:50:35"},{"blogCollection":0,"blogComment":0,"blogGoods":0,"blogId":"1264358511910559744","blogRead":0,"blogTitle":"Java","createdTime":"2020-05-24 00:52:15","typeName":"linux","updateTime":"2020-05-24 00:52:15"},{"blogCollection":0,"blogComment":0,"blogGoods":0,"blogId":"1264363719424188416","blogRead":0,"blogTitle":"java","createdTime":"2020-05-24 01:12:57","typeName":"java","updateTime":"2020-05-24 01:12:57"},{"blogCollection":0,"blogComment":0,"blogGoods":0,"blogId":"1264365258452664320","blogRead":0,"blogTitle":"","createdTime":"2020-05-24 01:19:04","typeName":"java","updateTime":"2020-05-24 01:19:04"},{"blogCollection":0,"blogComment":0,"blogGoods":0,"blogId":"1264365631460507648","blogRead":0,"blogTitle":"FlutterReactNativeuniapp","createdTime":"2020-05-24 01:20:33","typeName":"linux","updateTime":"2020-05-24 01:20:33"},{"blogCollection":0,"blogComment":0,"blogGoods":0,"blogId":"1264726600279891968","blogImage":"http://39.97.183.122/group1/M00/00/00/rBGvAl7LHAuAP_m_AAAzoN3Frv0553.jpg","blogRead":0,"blogTitle":"","createdTime":"2020-05-25 01:14:56","typeName":"java","updateTime":"2020-05-25 01:14:56"}],"pageSize":10,"params":{},"sortMethod":"asc","totalCount":8,"totalPage":1},"msg":""}
