2020-05-22 08:53:25.790 DEBUG [main]com.jg.blog.BlogApplication.logStarting:56 -Running with Spring Boot v2.3.0.RELEASE, Spring v5.2.6.RELEASE
2020-05-22 09:19:42.105 DEBUG [main]com.jg.blog.BlogApplication.logStarting:56 -Running with Spring Boot v2.3.0.RELEASE, Spring v5.2.6.RELEASE
2020-05-22 09:40:12.274 DEBUG [main]com.jg.blog.BlogApplication.logStarting:56 -Running with Spring Boot v2.3.0.RELEASE, Spring v5.2.6.RELEASE
2020-05-22 09:41:35.675 DEBUG [main]com.jg.blog.BlogApplication.logStarting:56 -Running with Spring Boot v2.3.0.RELEASE, Spring v5.2.6.RELEASE
2020-05-22 11:47:44.320 DEBUG [main]com.jg.blog.BlogApplication.logStarting:56 -Running with Spring Boot v2.3.0.RELEASE, Spring v5.2.6.RELEASE
2020-05-22 11:48:13.354 DEBUG [http-nio-1001-exec-2]com.jg.blog.mapper.AdminMapper.getByUsername.debug:159 -==>  Preparing: select name, header, signature, username, password from bl_admin where username = ? 
2020-05-22 11:48:13.469 DEBUG [http-nio-1001-exec-2]com.jg.blog.mapper.AdminMapper.getByUsername.debug:159 -==> Parameters: admin(String)
2020-05-22 11:48:13.575 DEBUG [http-nio-1001-exec-2]com.jg.blog.mapper.AdminMapper.getByUsername.debug:159 -<==      Total: 1
2020-05-22 11:48:14.105 DEBUG [http-nio-1001-exec-2]com.jg.blog.mapper.LogMapper.save.debug:159 -==>  Preparing: insert into bl_log( log_url, log_params, log_status, log_message, log_method, log_time, log_result, log_ip ) values ( ?, ?, ?, ?, ?, ?, ?, ? ) 
2020-05-22 11:48:14.118 DEBUG [http-nio-1001-exec-2]com.jg.blog.mapper.LogMapper.save.debug:159 -==> Parameters: /admin/login(String), [Admin(id=null, name=null, header=null, signature=null, comment=null, username=admin, password=e10adc3949ba59abbe56e057f20f883e)](String), 1(Integer), null, POST(String), 480(Long), {"code":20000,"data":{"token":"F462193208168FA0889E5CDEA1C1C981"},"msg":"操作成功！"}(String), 0:0:0:0:0:0:0:1(String)
2020-05-22 11:48:14.213 DEBUG [http-nio-1001-exec-2]com.jg.blog.mapper.LogMapper.save.debug:159 -<==    Updates: 1
2020-05-22 13:31:31.029 DEBUG [main]com.jg.blog.BlogApplication.logStarting:56 -Running with Spring Boot v2.3.0.RELEASE, Spring v5.2.6.RELEASE
2020-05-22 15:49:40.705 DEBUG [main]com.jg.blog.BlogApplication.logStarting:56 -Running with Spring Boot v2.3.0.RELEASE, Spring v5.2.6.RELEASE
2020-05-22 15:51:17.605 DEBUG [main]com.jg.blog.BlogApplication.logStarting:56 -Running with Spring Boot v2.3.0.RELEASE, Spring v5.2.6.RELEASE
2020-05-22 15:57:48.405 DEBUG [http-nio-1001-exec-1]com.jg.blog.mapper.AdminMapper.getByUsername.debug:159 -==>  Preparing: select name, header, signature, username, password from bl_admin where username = ? 
2020-05-22 15:57:48.472 DEBUG [http-nio-1001-exec-1]com.jg.blog.mapper.AdminMapper.getByUsername.debug:159 -==> Parameters: admin(String)
2020-05-22 15:57:48.554 DEBUG [http-nio-1001-exec-1]com.jg.blog.mapper.AdminMapper.getByUsername.debug:159 -<==      Total: 1
2020-05-22 15:57:48.848 DEBUG [http-nio-1001-exec-1]com.jg.blog.mapper.LogMapper.save.debug:159 -==>  Preparing: insert into bl_log( log_url, log_params, log_status, log_message, log_method, log_time, log_result, log_ip ) values ( ?, ?, ?, ?, ?, ?, ?, ? ) 
2020-05-22 15:57:48.851 DEBUG [http-nio-1001-exec-1]com.jg.blog.mapper.LogMapper.save.debug:159 -==> Parameters: /admin/login(String), [Admin(id=null, name=null, header=null, signature=null, comment=null, username=admin, password=e10adc3949ba59abbe56e057f20f883e)](String), 1(Integer), null, POST(String), 534(Long), {"code":20000,"data":{"token":"5A9768CF4B58EA99F2C72096C32564B9"},"msg":"操作成功！"}(String), 127.0.0.1(String)
2020-05-22 15:57:49.196 DEBUG [http-nio-1001-exec-1]com.jg.blog.mapper.LogMapper.save.debug:159 -<==    Updates: 1
2020-05-22 15:59:26.619 DEBUG [http-nio-1001-exec-1]com.jg.blog.mapper.AdminMapper.getByUsername.debug:159 -==>  Preparing: select name, header, signature, username, password from bl_admin where username = ? 
2020-05-22 15:59:26.620 DEBUG [http-nio-1001-exec-1]com.jg.blog.mapper.AdminMapper.getByUsername.debug:159 -==> Parameters: admin(String)
2020-05-22 15:59:26.911 DEBUG [http-nio-1001-exec-1]com.jg.blog.mapper.AdminMapper.getByUsername.debug:159 -<==      Total: 1
2020-05-22 15:59:26.963 DEBUG [http-nio-1001-exec-1]com.jg.blog.mapper.LogMapper.save.debug:159 -==>  Preparing: insert into bl_log( log_url, log_params, log_status, log_message, log_method, log_time, log_result, log_ip ) values ( ?, ?, ?, ?, ?, ?, ?, ? ) 
2020-05-22 15:59:26.965 DEBUG [http-nio-1001-exec-1]com.jg.blog.mapper.LogMapper.save.debug:159 -==> Parameters: /admin/login(String), [Admin(id=null, name=null, header=null, signature=null, comment=null, username=admin, password=e10adc3949ba59abbe56e057f20f883e)](String), 1(Integer), null, POST(String), 579(Long), {"code":20000,"data":{"token":"5A9768CF4B58EA99F2C72096C32564B9"},"msg":"操作成功！"}(String), 127.0.0.1(String)
2020-05-22 15:59:27.065 DEBUG [http-nio-1001-exec-1]com.jg.blog.mapper.LogMapper.save.debug:159 -<==    Updates: 1
2020-05-22 16:07:49.722 DEBUG [http-nio-1001-exec-7]com.jg.blog.mapper.AdminMapper.getByUsername.debug:159 -==>  Preparing: select name, header, signature, username, password from bl_admin where username = ? 
2020-05-22 16:07:49.725 DEBUG [http-nio-1001-exec-7]com.jg.blog.mapper.AdminMapper.getByUsername.debug:159 -==> Parameters: admin(String)
2020-05-22 16:07:49.778 DEBUG [http-nio-1001-exec-7]com.jg.blog.mapper.AdminMapper.getByUsername.debug:159 -<==      Total: 1
2020-05-22 16:07:49.848 DEBUG [http-nio-1001-exec-7]com.jg.blog.mapper.LogMapper.save.debug:159 -==>  Preparing: insert into bl_log( log_url, log_params, log_status, log_message, log_method, log_time, log_result, log_ip ) values ( ?, ?, ?, ?, ?, ?, ?, ? ) 
2020-05-22 16:07:49.855 DEBUG [http-nio-1001-exec-7]com.jg.blog.mapper.LogMapper.save.debug:159 -==> Parameters: /admin/login(String), [Admin(id=null, name=null, header=null, signature=null, comment=null, username=admin, password=e10adc3949ba59abbe56e057f20f883e)](String), 1(Integer), null, POST(String), 139(Long), {"code":20000,"data":{"token":"5A9768CF4B58EA99F2C72096C32564B9"},"msg":"操作成功！"}(String), 127.0.0.1(String)
2020-05-22 16:07:49.954 DEBUG [http-nio-1001-exec-7]com.jg.blog.mapper.LogMapper.save.debug:159 -<==    Updates: 1
2020-05-22 21:20:40.777 DEBUG [main]com.jg.blog.BlogApplication.logStarting:56 -Running with Spring Boot v2.3.0.RELEASE, Spring v5.2.6.RELEASE
2020-05-22 21:23:48.066 DEBUG [http-nio-1001-exec-1]com.jg.blog.mapper.AdminMapper.getByUsername.debug:159 -==>  Preparing: select name, header, signature, username, password from bl_admin where username = ? 
2020-05-22 21:23:48.137 DEBUG [http-nio-1001-exec-1]com.jg.blog.mapper.AdminMapper.getByUsername.debug:159 -==> Parameters: admin(String)
2020-05-22 21:23:48.254 DEBUG [http-nio-1001-exec-1]com.jg.blog.mapper.AdminMapper.getByUsername.debug:159 -<==      Total: 1
2020-05-22 21:23:48.488 DEBUG [http-nio-1001-exec-1]com.jg.blog.mapper.LogMapper.save.debug:159 -==>  Preparing: insert into bl_log( log_url, log_params, log_status, log_message, log_method, log_time, log_result, log_ip ) values ( ?, ?, ?, ?, ?, ?, ?, ? ) 
2020-05-22 21:23:48.492 DEBUG [http-nio-1001-exec-1]com.jg.blog.mapper.LogMapper.save.debug:159 -==> Parameters: /admin/login(String), [Admin(id=null, name=null, header=null, signature=null, comment=null, username=admin, password=3ea1d7abbca2b03d2ef5b295244eeebb)](String), 1(Integer), null, POST(String), 356(Long), {"code":40002,"msg":"用户名或密码错误!"}(String), 127.0.0.1(String)
2020-05-22 21:23:48.585 DEBUG [http-nio-1001-exec-1]com.jg.blog.mapper.LogMapper.save.debug:159 -<==    Updates: 1
2020-05-22 21:23:56.774 DEBUG [http-nio-1001-exec-2]com.jg.blog.mapper.AdminMapper.getByUsername.debug:159 -==>  Preparing: select name, header, signature, username, password from bl_admin where username = ? 
2020-05-22 21:23:56.776 DEBUG [http-nio-1001-exec-2]com.jg.blog.mapper.AdminMapper.getByUsername.debug:159 -==> Parameters: admin(String)
2020-05-22 21:23:56.824 DEBUG [http-nio-1001-exec-2]com.jg.blog.mapper.AdminMapper.getByUsername.debug:159 -<==      Total: 1
2020-05-22 21:23:56.936 DEBUG [http-nio-1001-exec-2]com.jg.blog.mapper.LogMapper.save.debug:159 -==>  Preparing: insert into bl_log( log_url, log_params, log_status, log_message, log_method, log_time, log_result, log_ip ) values ( ?, ?, ?, ?, ?, ?, ?, ? ) 
2020-05-22 21:23:56.938 DEBUG [http-nio-1001-exec-2]com.jg.blog.mapper.LogMapper.save.debug:159 -==> Parameters: /admin/login(String), [Admin(id=null, name=null, header=null, signature=null, comment=null, username=admin, password=e10adc3949ba59abbe56e057f20f883e)](String), 1(Integer), null, POST(String), 264(Long), {"code":20000,"data":{"token":"6363F7E3EF4E256B4633A80DE9C8B3D6"},"msg":"操作成功！"}(String), 127.0.0.1(String)
2020-05-22 21:23:57.032 DEBUG [http-nio-1001-exec-2]com.jg.blog.mapper.LogMapper.save.debug:159 -<==    Updates: 1
2020-05-22 21:26:20.212 DEBUG [http-nio-1001-exec-4]com.jg.blog.mapper.AdminMapper.getByUsername.debug:159 -==>  Preparing: select name, header, signature, username, password from bl_admin where username = ? 
2020-05-22 21:26:20.213 DEBUG [http-nio-1001-exec-4]com.jg.blog.mapper.AdminMapper.getByUsername.debug:159 -==> Parameters: admin(String)
2020-05-22 21:26:20.260 DEBUG [http-nio-1001-exec-4]com.jg.blog.mapper.AdminMapper.getByUsername.debug:159 -<==      Total: 1
2020-05-22 21:26:20.312 DEBUG [http-nio-1001-exec-4]com.jg.blog.mapper.LogMapper.save.debug:159 -==>  Preparing: insert into bl_log( log_url, log_params, log_status, log_message, log_method, log_time, log_result, log_ip ) values ( ?, ?, ?, ?, ?, ?, ?, ? ) 
2020-05-22 21:26:20.314 DEBUG [http-nio-1001-exec-4]com.jg.blog.mapper.LogMapper.save.debug:159 -==> Parameters: /admin/login(String), [Admin(id=null, name=null, header=null, signature=null, comment=null, username=admin, password=e10adc3949ba59abbe56e057f20f883e)](String), 1(Integer), null, POST(String), 109(Long), {"code":20000,"data":{"token":"E9AB66E8CF01174F39C295A4377E3211"},"msg":"操作成功！"}(String), 127.0.0.1(String)
2020-05-22 21:26:20.405 DEBUG [http-nio-1001-exec-4]com.jg.blog.mapper.LogMapper.save.debug:159 -<==    Updates: 1
2020-05-22 21:27:16.056 DEBUG [http-nio-1001-exec-6]com.jg.blog.mapper.AdminMapper.getByUsername.debug:159 -==>  Preparing: select name, header, signature, username, password from bl_admin where username = ? 
2020-05-22 21:27:16.057 DEBUG [http-nio-1001-exec-6]com.jg.blog.mapper.AdminMapper.getByUsername.debug:159 -==> Parameters: admin(String)
2020-05-22 21:27:16.256 DEBUG [http-nio-1001-exec-6]com.jg.blog.mapper.AdminMapper.getByUsername.debug:159 -<==      Total: 1
2020-05-22 21:27:16.305 DEBUG [http-nio-1001-exec-6]com.jg.blog.mapper.LogMapper.save.debug:159 -==>  Preparing: insert into bl_log( log_url, log_params, log_status, log_message, log_method, log_time, log_result, log_ip ) values ( ?, ?, ?, ?, ?, ?, ?, ? ) 
2020-05-22 21:27:16.306 DEBUG [http-nio-1001-exec-6]com.jg.blog.mapper.LogMapper.save.debug:159 -==> Parameters: /admin/login(String), [Admin(id=null, name=null, header=null, signature=null, comment=null, username=admin, password=e10adc3949ba59abbe56e057f20f883e)](String), 1(Integer), null, POST(String), 352(Long), {"code":20000,"data":{"token":"E9AB66E8CF01174F39C295A4377E3211"},"msg":"操作成功！"}(String), 127.0.0.1(String)
2020-05-22 21:27:16.423 DEBUG [http-nio-1001-exec-6]com.jg.blog.mapper.LogMapper.save.debug:159 -<==    Updates: 1
2020-05-22 21:27:53.636 DEBUG [http-nio-1001-exec-8]com.jg.blog.mapper.AdminMapper.getByUsername.debug:159 -==>  Preparing: select name, header, signature, username, password from bl_admin where username = ? 
2020-05-22 21:27:53.637 DEBUG [http-nio-1001-exec-8]com.jg.blog.mapper.AdminMapper.getByUsername.debug:159 -==> Parameters: admin(String)
2020-05-22 21:27:53.686 DEBUG [http-nio-1001-exec-8]com.jg.blog.mapper.AdminMapper.getByUsername.debug:159 -<==      Total: 1
2020-05-22 21:27:53.740 DEBUG [http-nio-1001-exec-8]com.jg.blog.mapper.LogMapper.save.debug:159 -==>  Preparing: insert into bl_log( log_url, log_params, log_status, log_message, log_method, log_time, log_result, log_ip ) values ( ?, ?, ?, ?, ?, ?, ?, ? ) 
2020-05-22 21:27:53.742 DEBUG [http-nio-1001-exec-8]com.jg.blog.mapper.LogMapper.save.debug:159 -==> Parameters: /admin/login(String), [Admin(id=null, name=null, header=null, signature=null, comment=null, username=admin, password=e10adc3949ba59abbe56e057f20f883e)](String), 1(Integer), null, POST(String), 215(Long), {"code":20000,"data":{"token":"E9AB66E8CF01174F39C295A4377E3211"},"msg":"操作成功！"}(String), 127.0.0.1(String)
2020-05-22 21:27:53.834 DEBUG [http-nio-1001-exec-8]com.jg.blog.mapper.LogMapper.save.debug:159 -<==    Updates: 1
2020-05-22 21:29:37.089 DEBUG [main]com.jg.blog.BlogApplication.logStarting:56 -Running with Spring Boot v2.3.0.RELEASE, Spring v5.2.6.RELEASE
2020-05-22 21:30:37.758 DEBUG [http-nio-1001-exec-3]com.jg.blog.mapper.AdminMapper.getByUsername.debug:159 -==>  Preparing: select name, header, signature, username, password from bl_admin where username = ? 
2020-05-22 21:30:37.787 DEBUG [http-nio-1001-exec-3]com.jg.blog.mapper.AdminMapper.getByUsername.debug:159 -==> Parameters: admin(String)
2020-05-22 21:30:37.856 DEBUG [http-nio-1001-exec-3]com.jg.blog.mapper.AdminMapper.getByUsername.debug:159 -<==      Total: 1
2020-05-22 21:30:38.004 DEBUG [http-nio-1001-exec-3]com.jg.blog.mapper.LogMapper.save.debug:159 -==>  Preparing: insert into bl_log( log_url, log_params, log_status, log_message, log_method, log_time, log_result, log_ip ) values ( ?, ?, ?, ?, ?, ?, ?, ? ) 
2020-05-22 21:30:38.010 DEBUG [http-nio-1001-exec-3]com.jg.blog.mapper.LogMapper.save.debug:159 -==> Parameters: /admin/login(String), [Admin(id=null, name=null, header=null, signature=null, comment=null, username=admin, password=e10adc3949ba59abbe56e057f20f883e)](String), 1(Integer), null, POST(String), 187(Long), {"code":20000,"data":{"token":"421BC13EE0030E3653B70AF106AC7004"},"msg":"操作成功！"}(String), 127.0.0.1(String)
2020-05-22 21:30:38.467 DEBUG [http-nio-1001-exec-3]com.jg.blog.mapper.LogMapper.save.debug:159 -<==    Updates: 1
2020-05-22 21:30:38.572 DEBUG [http-nio-1001-exec-4]com.jg.blog.mapper.LogMapper.save.debug:159 -==>  Preparing: insert into bl_log( log_url, log_params, log_status, log_message, log_method, log_time, log_result, log_ip ) values ( ?, ?, ?, ?, ?, ?, ?, ? ) 
2020-05-22 21:30:38.573 DEBUG [http-nio-1001-exec-4]com.jg.blog.mapper.LogMapper.save.debug:159 -==> Parameters: /admin/info(String), [](String), 1(Integer), null, GET(String), 5(Long), {"code":20000,"data":{"name":"稽哥","password":"","signature":"1213343","username":"admin"},"msg":"操作成功！"}(String), 127.0.0.1(String)
2020-05-22 21:30:38.665 DEBUG [http-nio-1001-exec-4]com.jg.blog.mapper.LogMapper.save.debug:159 -<==    Updates: 1
