2020-05-19 08:36:09.239 DEBUG [main]com.jg.blog.BlogApplication.logStarting:56 -Running with Spring Boot v2.3.0.RELEASE, Spring v5.2.6.RELEASE
2020-05-19 10:12:00.587 DEBUG [http-nio-1001-exec-2]com.jg.blog.mapper.AdminMapper.getByUsername.debug:159 -==>  Preparing: select name, header, signature, username, password from bl_admin where username = ? 
2020-05-19 10:12:00.682 DEBUG [http-nio-1001-exec-2]com.jg.blog.mapper.AdminMapper.getByUsername.debug:159 -==> Parameters: admin(String)
2020-05-19 10:12:00.784 DEBUG [http-nio-1001-exec-2]com.jg.blog.mapper.AdminMapper.getByUsername.debug:159 -<==      Total: 1
2020-05-19 10:12:01.101 DEBUG [http-nio-1001-exec-2]com.jg.blog.mapper.LogMapper.save.debug:159 -==>  Preparing: insert into bl_log( log_url, log_params, log_status, log_message, log_method, log_time, log_result, log_ip ) values ( ?, ?, ?, ?, ?, ?, ?, ? ) 
2020-05-19 10:12:01.110 DEBUG [http-nio-1001-exec-2]com.jg.blog.mapper.LogMapper.save.debug:159 -==> Parameters: /admin/login(String), [Admin(id=null, name=null, header=null, signature=null, comment=null, username=admin, password=e10adc3949ba59abbe56e057f20f883e)](String), 1(Integer), null, POST(String), 2471(Long), {"code":20000,"data":{"token":"7EBC78BBCE00DB8C86CCB1F4BBA8D520"},"msg":"操作成功！"}(String), 0:0:0:0:0:0:0:1(String)
2020-05-19 10:12:01.196 DEBUG [http-nio-1001-exec-2]com.jg.blog.mapper.LogMapper.save.debug:159 -<==    Updates: 1
2020-05-19 10:12:30.971 DEBUG [http-nio-1001-exec-3]com.jg.blog.mapper.TypeMapper.getAll.debug:159 -==>  Preparing: select type_id, type_name, type_blog_count, enable from bl_type where deleted = 0 
2020-05-19 10:12:30.972 DEBUG [http-nio-1001-exec-3]com.jg.blog.mapper.TypeMapper.getAll.debug:159 -==> Parameters: 
2020-05-19 10:12:31.014 DEBUG [http-nio-1001-exec-3]com.jg.blog.mapper.TypeMapper.getAll.debug:159 -<==      Total: 3
2020-05-19 10:12:31.074 DEBUG [http-nio-1001-exec-3]com.jg.blog.mapper.LogMapper.save.debug:159 -==>  Preparing: insert into bl_log( log_url, log_params, log_status, log_message, log_method, log_time, log_result, log_ip ) values ( ?, ?, ?, ?, ?, ?, ?, ? ) 
2020-05-19 10:12:31.075 DEBUG [http-nio-1001-exec-3]com.jg.blog.mapper.LogMapper.save.debug:159 -==> Parameters: /type/listBack(String), [](String), 1(Integer), null, GET(String), 103(Long), {"code":20000,"data":[{"enable":1,"typeBlogCount":0,"typeId":6,"typeName":"Java"},{"enable":1,"typeBlogCount":0,"typeId":7,"typeName":"lINUX"},{"enable":1,"typeBlogCount":0,"typeId":8,"typeName":"docker"}],"msg":"操作成功！"}(String), 0:0:0:0:0:0:0:1(String)
2020-05-19 10:12:31.161 DEBUG [http-nio-1001-exec-3]com.jg.blog.mapper.LogMapper.save.debug:159 -<==    Updates: 1
2020-05-19 10:19:17.743 DEBUG [http-nio-1001-exec-7]com.jg.blog.mapper.TypeMapper.getByName.debug:159 -==>  Preparing: select type_id, type_name, type_blog_count from bl_type where deleted = 0 and type_name = ? 
2020-05-19 10:19:17.746 DEBUG [http-nio-1001-exec-7]com.jg.blog.mapper.TypeMapper.getByName.debug:159 -==> Parameters: springBoot(String)
2020-05-19 10:19:17.802 DEBUG [http-nio-1001-exec-7]com.jg.blog.mapper.TypeMapper.getByName.debug:159 -<==      Total: 0
2020-05-19 10:19:17.874 DEBUG [http-nio-1001-exec-7]com.jg.blog.mapper.TypeMapper.insert.debug:159 -==>  Preparing: insert into bl_type(type_name) values( ? ) 
2020-05-19 10:19:17.877 DEBUG [http-nio-1001-exec-7]com.jg.blog.mapper.TypeMapper.insert.debug:159 -==> Parameters: springBoot(String)
2020-05-19 10:19:17.965 DEBUG [http-nio-1001-exec-7]com.jg.blog.mapper.TypeMapper.insert.debug:159 -<==    Updates: 1
2020-05-19 10:19:18.024 DEBUG [http-nio-1001-exec-7]com.jg.blog.mapper.LogMapper.save.debug:159 -==>  Preparing: insert into bl_log( log_url, log_params, log_status, log_message, log_method, log_time, log_result, log_ip ) values ( ?, ?, ?, ?, ?, ?, ?, ? ) 
2020-05-19 10:19:18.026 DEBUG [http-nio-1001-exec-7]com.jg.blog.mapper.LogMapper.save.debug:159 -==> Parameters: /type/save(String), [Type(typeId=null, typeName=springBoot, typeBlogCount=null, enable=null, deleted=null)](String), 1(Integer), null, POST(String), 290(Long), {"code":20000,"msg":"添加成功"}(String), 0:0:0:0:0:0:0:1(String)
2020-05-19 10:19:18.111 DEBUG [http-nio-1001-exec-7]com.jg.blog.mapper.LogMapper.save.debug:159 -<==    Updates: 1
2020-05-19 10:19:24.534 DEBUG [http-nio-1001-exec-8]com.jg.blog.mapper.TypeMapper.getAll.debug:159 -==>  Preparing: select type_id, type_name, type_blog_count, enable from bl_type where deleted = 0 
2020-05-19 10:19:24.536 DEBUG [http-nio-1001-exec-8]com.jg.blog.mapper.TypeMapper.getAll.debug:159 -==> Parameters: 
2020-05-19 10:19:24.581 DEBUG [http-nio-1001-exec-8]com.jg.blog.mapper.TypeMapper.getAll.debug:159 -<==      Total: 4
2020-05-19 10:19:24.637 DEBUG [http-nio-1001-exec-8]com.jg.blog.mapper.LogMapper.save.debug:159 -==>  Preparing: insert into bl_log( log_url, log_params, log_status, log_message, log_method, log_time, log_result, log_ip ) values ( ?, ?, ?, ?, ?, ?, ?, ? ) 
2020-05-19 10:19:24.639 DEBUG [http-nio-1001-exec-8]com.jg.blog.mapper.LogMapper.save.debug:159 -==> Parameters: /type/listBack(String), [](String), 1(Integer), null, GET(String), 106(Long), {"code":20000,"data":[{"enable":1,"typeBlogCount":0,"typeId":6,"typeName":"Java"},{"enable":1,"typeBlogCount":0,"typeId":7,"typeName":"lINUX"},{"enable":1,"typeBlogCount":0,"typeId":8,"typeName":"docker"},{"enable":1,"typeBlogCount":0,"typeId":9,"typeName":"springBoot"}],"msg":"操作成功！"}(String), 0:0:0:0:0:0:0:1(String)
2020-05-19 10:19:24.724 DEBUG [http-nio-1001-exec-8]com.jg.blog.mapper.LogMapper.save.debug:159 -<==    Updates: 1
2020-05-19 10:57:01.729 DEBUG [main]com.jg.blog.BlogApplication.logStarting:56 -Running with Spring Boot v2.3.0.RELEASE, Spring v5.2.6.RELEASE
2020-05-19 10:57:43.986 DEBUG [http-nio-1001-exec-1]com.jg.blog.mapper.AdminMapper.getByUsername.debug:159 -==>  Preparing: select name, header, signature, username, password from bl_admin where username = ? 
2020-05-19 10:57:44.037 DEBUG [http-nio-1001-exec-1]com.jg.blog.mapper.AdminMapper.getByUsername.debug:159 -==> Parameters: admin(String)
2020-05-19 10:57:44.129 DEBUG [http-nio-1001-exec-1]com.jg.blog.mapper.AdminMapper.getByUsername.debug:159 -<==      Total: 1
2020-05-19 10:57:44.307 DEBUG [http-nio-1001-exec-1]com.jg.blog.mapper.LogMapper.save.debug:159 -==>  Preparing: insert into bl_log( log_url, log_params, log_status, log_message, log_method, log_time, log_result, log_ip ) values ( ?, ?, ?, ?, ?, ?, ?, ? ) 
2020-05-19 10:57:44.310 DEBUG [http-nio-1001-exec-1]com.jg.blog.mapper.LogMapper.save.debug:159 -==> Parameters: /admin/login(String), [Admin(id=null, name=null, header=null, signature=null, comment=null, username=admin, password=e10adc3949ba59abbe56e057f20f883e)](String), 1(Integer), null, POST(String), 253(Long), {"code":20000,"data":{"token":"12B89EC7813F651B87F571BFFFCB95F2"},"msg":"操作成功！"}(String), 0:0:0:0:0:0:0:1(String)
2020-05-19 10:57:44.396 DEBUG [http-nio-1001-exec-1]com.jg.blog.mapper.LogMapper.save.debug:159 -<==    Updates: 1
2020-05-19 10:58:19.666 DEBUG [http-nio-1001-exec-3]com.jg.blog.mapper.TypeMapper.getAll.debug:159 -==>  Preparing: select type_id, type_name, type_blog_count, enable from bl_type where deleted = 0 
2020-05-19 10:58:19.667 DEBUG [http-nio-1001-exec-3]com.jg.blog.mapper.TypeMapper.getAll.debug:159 -==> Parameters: 
2020-05-19 10:58:19.715 DEBUG [http-nio-1001-exec-3]com.jg.blog.mapper.TypeMapper.getAll.debug:159 -<==      Total: 4
2020-05-19 10:58:19.793 DEBUG [http-nio-1001-exec-3]com.jg.blog.mapper.LogMapper.save.debug:159 -==>  Preparing: insert into bl_log( log_url, log_params, log_status, log_message, log_method, log_time, log_result, log_ip ) values ( ?, ?, ?, ?, ?, ?, ?, ? ) 
2020-05-19 10:58:19.798 DEBUG [http-nio-1001-exec-3]com.jg.blog.mapper.LogMapper.save.debug:159 -==> Parameters: /type/listBack(String), [](String), 1(Integer), null, GET(String), 107(Long), {"code":20000,"data":[{"enable":1,"typeBlogCount":0,"typeId":6,"typeName":"Java"},{"enable":1,"typeBlogCount":0,"typeId":7,"typeName":"lINUX"},{"enable":1,"typeBlogCount":0,"typeId":8,"typeName":"docker"},{"enable":1,"typeBlogCount":0,"typeId":9,"typeName":"springBoot"}],"msg":"操作成功！"}(String), 0:0:0:0:0:0:0:1(String)
2020-05-19 10:58:19.884 DEBUG [http-nio-1001-exec-3]com.jg.blog.mapper.LogMapper.save.debug:159 -<==    Updates: 1
2020-05-19 11:00:30.431 DEBUG [http-nio-1001-exec-5]com.jg.blog.mapper.TypeMapper.update.debug:159 -==>  Preparing: update bl_type SET type_name = ?, enable = ? where type_id = ? 
2020-05-19 11:00:30.435 DEBUG [http-nio-1001-exec-5]com.jg.blog.mapper.TypeMapper.update.debug:159 -==> Parameters: JavaBoot(String), 1(Integer), 6(Integer)
2020-05-19 11:00:30.538 DEBUG [http-nio-1001-exec-5]com.jg.blog.mapper.TypeMapper.update.debug:159 -<==    Updates: 1
2020-05-19 11:00:30.587 DEBUG [http-nio-1001-exec-5]com.jg.blog.mapper.LogMapper.save.debug:159 -==>  Preparing: insert into bl_log( log_url, log_params, log_status, log_message, log_method, log_time, log_result, log_ip ) values ( ?, ?, ?, ?, ?, ?, ?, ? ) 
2020-05-19 11:00:30.589 DEBUG [http-nio-1001-exec-5]com.jg.blog.mapper.LogMapper.save.debug:159 -==> Parameters: /type/update(String), [Type(typeId=6, typeName=JavaBoot, typeBlogCount=0, enable=1, deleted=null)](String), 1(Integer), null, PUT(String), 212(Long), {"code":20000,"msg":"更新成功"}(String), 0:0:0:0:0:0:0:1(String)
2020-05-19 11:00:30.676 DEBUG [http-nio-1001-exec-5]com.jg.blog.mapper.LogMapper.save.debug:159 -<==    Updates: 1
2020-05-19 11:00:39.943 DEBUG [http-nio-1001-exec-7]com.jg.blog.mapper.TypeMapper.getAll.debug:159 -==>  Preparing: select type_id, type_name, type_blog_count, enable from bl_type where deleted = 0 
2020-05-19 11:00:39.944 DEBUG [http-nio-1001-exec-7]com.jg.blog.mapper.TypeMapper.getAll.debug:159 -==> Parameters: 
2020-05-19 11:00:39.993 DEBUG [http-nio-1001-exec-7]com.jg.blog.mapper.TypeMapper.getAll.debug:159 -<==      Total: 4
2020-05-19 11:00:40.047 DEBUG [http-nio-1001-exec-7]com.jg.blog.mapper.LogMapper.save.debug:159 -==>  Preparing: insert into bl_log( log_url, log_params, log_status, log_message, log_method, log_time, log_result, log_ip ) values ( ?, ?, ?, ?, ?, ?, ?, ? ) 
2020-05-19 11:00:40.049 DEBUG [http-nio-1001-exec-7]com.jg.blog.mapper.LogMapper.save.debug:159 -==> Parameters: /type/listBack(String), [](String), 1(Integer), null, GET(String), 100(Long), {"code":20000,"data":[{"enable":1,"typeBlogCount":0,"typeId":6,"typeName":"JavaBoot"},{"enable":1,"typeBlogCount":0,"typeId":7,"typeName":"lINUX"},{"enable":1,"typeBlogCount":0,"typeId":8,"typeName":"docker"},{"enable":1,"typeBlogCount":0,"typeId":9,"typeName":"springBoot"}],"msg":"操作成功！"}(String), 0:0:0:0:0:0:0:1(String)
2020-05-19 11:00:40.233 DEBUG [http-nio-1001-exec-7]com.jg.blog.mapper.LogMapper.save.debug:159 -<==    Updates: 1
2020-05-19 11:04:45.314 DEBUG [http-nio-1001-exec-10]com.jg.blog.mapper.TypeMapper.getById.debug:159 -==>  Preparing: select type_id, type_name, type_blog_count, enable from bl_type where type_id = ? and deleted = 0 
2020-05-19 11:04:45.315 DEBUG [http-nio-1001-exec-10]com.jg.blog.mapper.TypeMapper.getById.debug:159 -==> Parameters: 6(Integer)
2020-05-19 11:04:45.363 DEBUG [http-nio-1001-exec-10]com.jg.blog.mapper.TypeMapper.getById.debug:159 -<==      Total: 1
2020-05-19 11:04:45.411 DEBUG [http-nio-1001-exec-10]com.jg.blog.mapper.LogMapper.save.debug:159 -==>  Preparing: insert into bl_log( log_url, log_params, log_status, log_message, log_method, log_time, log_result, log_ip ) values ( ?, ?, ?, ?, ?, ?, ?, ? ) 
2020-05-19 11:04:45.412 DEBUG [http-nio-1001-exec-10]com.jg.blog.mapper.LogMapper.save.debug:159 -==> Parameters: /type/get/6(String), [6](String), 1(Integer), null, POST(String), 158(Long), {"code":20000,"data":{"enable":1,"typeBlogCount":0,"typeId":6,"typeName":"JavaBoot"},"msg":"操作成功！"}(String), 0:0:0:0:0:0:0:1(String)
2020-05-19 11:04:45.497 DEBUG [http-nio-1001-exec-10]com.jg.blog.mapper.LogMapper.save.debug:159 -<==    Updates: 1
2020-05-19 11:08:23.414 DEBUG [http-nio-1001-exec-3]com.jg.blog.mapper.TypeMapper.getTypeList.debug:159 -==>  Preparing: select type_id, type_name, type_blog_count from bl_type where deleted = 0 and enable = 1 
2020-05-19 11:08:23.415 DEBUG [http-nio-1001-exec-3]com.jg.blog.mapper.TypeMapper.getTypeList.debug:159 -==> Parameters: 
2020-05-19 11:08:23.723 DEBUG [http-nio-1001-exec-3]com.jg.blog.mapper.TypeMapper.getTypeList.debug:159 -<==      Total: 4
2020-05-19 11:08:23.769 DEBUG [http-nio-1001-exec-3]com.jg.blog.mapper.LogMapper.save.debug:159 -==>  Preparing: insert into bl_log( log_url, log_params, log_status, log_message, log_method, log_time, log_result, log_ip ) values ( ?, ?, ?, ?, ?, ?, ?, ? ) 
2020-05-19 11:08:23.770 DEBUG [http-nio-1001-exec-3]com.jg.blog.mapper.LogMapper.save.debug:159 -==> Parameters: /type/getList(String), [](String), 1(Integer), null, GET(String), 362(Long), {"code":20000,"data":[{"typeBlogCount":0,"typeId":6,"typeName":"JavaBoot"},{"typeBlogCount":0,"typeId":7,"typeName":"lINUX"},{"typeBlogCount":0,"typeId":8,"typeName":"docker"},{"typeBlogCount":0,"typeId":9,"typeName":"springBoot"}],"msg":"操作成功！"}(String), 0:0:0:0:0:0:0:1(String)
2020-05-19 11:08:23.856 DEBUG [http-nio-1001-exec-3]com.jg.blog.mapper.LogMapper.save.debug:159 -<==    Updates: 1
2020-05-19 11:10:28.924 DEBUG [http-nio-1001-exec-7]com.jg.blog.mapper.AdminMapper.getByUsername.debug:159 -==>  Preparing: select name, header, signature, username, password from bl_admin where username = ? 
2020-05-19 11:10:28.925 DEBUG [http-nio-1001-exec-7]com.jg.blog.mapper.AdminMapper.getByUsername.debug:159 -==> Parameters: admin(String)
2020-05-19 11:10:28.969 DEBUG [http-nio-1001-exec-7]com.jg.blog.mapper.AdminMapper.getByUsername.debug:159 -<==      Total: 1
2020-05-19 11:10:29.024 DEBUG [http-nio-1001-exec-7]com.jg.blog.mapper.LogMapper.save.debug:159 -==>  Preparing: insert into bl_log( log_url, log_params, log_status, log_message, log_method, log_time, log_result, log_ip ) values ( ?, ?, ?, ?, ?, ?, ?, ? ) 
2020-05-19 11:10:29.027 DEBUG [http-nio-1001-exec-7]com.jg.blog.mapper.LogMapper.save.debug:159 -==> Parameters: /admin/login(String), [Admin(id=null, name=null, header=null, signature=null, comment=null, username=admin, password=e10adc3949ba59abbe56e057f20f883e)](String), 1(Integer), null, POST(String), 130(Long), {"code":20000,"data":{"token":"12B89EC7813F651B87F571BFFFCB95F2"},"msg":"操作成功！"}(String), 0:0:0:0:0:0:0:1(String)
2020-05-19 11:10:29.112 DEBUG [http-nio-1001-exec-7]com.jg.blog.mapper.LogMapper.save.debug:159 -<==    Updates: 1
2020-05-19 11:11:12.591 DEBUG [http-nio-1001-exec-9]com.jg.blog.mapper.TypeMapper.getById.debug:159 -==>  Preparing: select type_id, type_name, type_blog_count, enable from bl_type where type_id = ? and deleted = 0 
2020-05-19 11:11:12.593 DEBUG [http-nio-1001-exec-9]com.jg.blog.mapper.TypeMapper.getById.debug:159 -==> Parameters: 6(Integer)
2020-05-19 11:11:12.643 DEBUG [http-nio-1001-exec-9]com.jg.blog.mapper.TypeMapper.getById.debug:159 -<==      Total: 1
2020-05-19 11:11:12.696 DEBUG [http-nio-1001-exec-9]com.jg.blog.mapper.TypeMapper.update.debug:159 -==>  Preparing: update bl_type SET type_name = ?, enable = ? where type_id = ? 
2020-05-19 11:11:12.698 DEBUG [http-nio-1001-exec-9]com.jg.blog.mapper.TypeMapper.update.debug:159 -==> Parameters: JavaBoot(String), 0(Integer), 6(Integer)
2020-05-19 11:11:12.795 DEBUG [http-nio-1001-exec-9]com.jg.blog.mapper.TypeMapper.update.debug:159 -<==    Updates: 1
2020-05-19 11:11:12.860 DEBUG [http-nio-1001-exec-9]com.jg.blog.mapper.LogMapper.save.debug:159 -==>  Preparing: insert into bl_log( log_url, log_params, log_status, log_message, log_method, log_time, log_result, log_ip ) values ( ?, ?, ?, ?, ?, ?, ?, ? ) 
2020-05-19 11:11:12.864 DEBUG [http-nio-1001-exec-9]com.jg.blog.mapper.LogMapper.save.debug:159 -==> Parameters: /type/disabled/6(String), [6](String), 1(Integer), null, PUT(String), 263(Long), {"code":20000,"msg":"未启用"}(String), 0:0:0:0:0:0:0:1(String)
2020-05-19 11:11:12.952 DEBUG [http-nio-1001-exec-9]com.jg.blog.mapper.LogMapper.save.debug:159 -<==    Updates: 1
2020-05-19 11:11:23.235 DEBUG [http-nio-1001-exec-10]com.jg.blog.mapper.TypeMapper.getTypeList.debug:159 -==>  Preparing: select type_id, type_name, type_blog_count from bl_type where deleted = 0 and enable = 1 
2020-05-19 11:11:23.236 DEBUG [http-nio-1001-exec-10]com.jg.blog.mapper.TypeMapper.getTypeList.debug:159 -==> Parameters: 
2020-05-19 11:11:23.285 DEBUG [http-nio-1001-exec-10]com.jg.blog.mapper.TypeMapper.getTypeList.debug:159 -<==      Total: 3
2020-05-19 11:11:23.340 DEBUG [http-nio-1001-exec-10]com.jg.blog.mapper.LogMapper.save.debug:159 -==>  Preparing: insert into bl_log( log_url, log_params, log_status, log_message, log_method, log_time, log_result, log_ip ) values ( ?, ?, ?, ?, ?, ?, ?, ? ) 
2020-05-19 11:11:23.342 DEBUG [http-nio-1001-exec-10]com.jg.blog.mapper.LogMapper.save.debug:159 -==> Parameters: /type/getList(String), [](String), 1(Integer), null, GET(String), 98(Long), {"code":20000,"data":[{"typeBlogCount":0,"typeId":7,"typeName":"lINUX"},{"typeBlogCount":0,"typeId":8,"typeName":"docker"},{"typeBlogCount":0,"typeId":9,"typeName":"springBoot"}],"msg":"操作成功！"}(String), 0:0:0:0:0:0:0:1(String)
2020-05-19 11:11:23.430 DEBUG [http-nio-1001-exec-10]com.jg.blog.mapper.LogMapper.save.debug:159 -<==    Updates: 1
2020-05-19 11:11:27.568 DEBUG [http-nio-1001-exec-2]com.jg.blog.mapper.TypeMapper.getAll.debug:159 -==>  Preparing: select type_id, type_name, type_blog_count, enable from bl_type where deleted = 0 
2020-05-19 11:11:27.569 DEBUG [http-nio-1001-exec-2]com.jg.blog.mapper.TypeMapper.getAll.debug:159 -==> Parameters: 
2020-05-19 11:11:27.616 DEBUG [http-nio-1001-exec-2]com.jg.blog.mapper.TypeMapper.getAll.debug:159 -<==      Total: 4
2020-05-19 11:11:27.672 DEBUG [http-nio-1001-exec-2]com.jg.blog.mapper.LogMapper.save.debug:159 -==>  Preparing: insert into bl_log( log_url, log_params, log_status, log_message, log_method, log_time, log_result, log_ip ) values ( ?, ?, ?, ?, ?, ?, ?, ? ) 
2020-05-19 11:11:27.675 DEBUG [http-nio-1001-exec-2]com.jg.blog.mapper.LogMapper.save.debug:159 -==> Parameters: /type/listBack(String), [](String), 1(Integer), null, GET(String), 120(Long), {"code":20000,"data":[{"enable":0,"typeBlogCount":0,"typeId":6,"typeName":"JavaBoot"},{"enable":1,"typeBlogCount":0,"typeId":7,"typeName":"lINUX"},{"enable":1,"typeBlogCount":0,"typeId":8,"typeName":"docker"},{"enable":1,"typeBlogCount":0,"typeId":9,"typeName":"springBoot"}],"msg":"操作成功！"}(String), 0:0:0:0:0:0:0:1(String)
2020-05-19 11:11:27.760 DEBUG [http-nio-1001-exec-2]com.jg.blog.mapper.LogMapper.save.debug:159 -<==    Updates: 1
2020-05-19 11:15:28.698 DEBUG [main]com.jg.blog.BlogApplication.logStarting:56 -Running with Spring Boot v2.3.0.RELEASE, Spring v5.2.6.RELEASE
2020-05-19 11:15:50.121 DEBUG [http-nio-1001-exec-2]com.jg.blog.mapper.AdminMapper.getByUsername.debug:159 -==>  Preparing: select name, header, signature, username, password from bl_admin where username = ? 
2020-05-19 11:15:50.157 DEBUG [http-nio-1001-exec-2]com.jg.blog.mapper.AdminMapper.getByUsername.debug:159 -==> Parameters: admin(String)
2020-05-19 11:15:50.229 DEBUG [http-nio-1001-exec-2]com.jg.blog.mapper.AdminMapper.getByUsername.debug:159 -<==      Total: 1
2020-05-19 11:15:50.381 DEBUG [http-nio-1001-exec-2]com.jg.blog.mapper.LogMapper.save.debug:159 -==>  Preparing: insert into bl_log( log_url, log_params, log_status, log_message, log_method, log_time, log_result, log_ip ) values ( ?, ?, ?, ?, ?, ?, ?, ? ) 
2020-05-19 11:15:50.385 DEBUG [http-nio-1001-exec-2]com.jg.blog.mapper.LogMapper.save.debug:159 -==> Parameters: /admin/login(String), [Admin(id=null, name=null, header=null, signature=null, comment=null, username=admin, password=e10adc3949ba59abbe56e057f20f883e)](String), 1(Integer), null, POST(String), 240(Long), {"code":20000,"data":{"token":"3401153963FA073AF409EC7B70EE5A32"},"msg":"操作成功！"}(String), 0:0:0:0:0:0:0:1(String)
2020-05-19 11:15:50.472 DEBUG [http-nio-1001-exec-2]com.jg.blog.mapper.LogMapper.save.debug:159 -<==    Updates: 1
2020-05-19 11:16:26.198 DEBUG [http-nio-1001-exec-3]com.jg.blog.mapper.TypeMapper.getTypeList.debug:159 -==>  Preparing: select type_id, type_name, type_blog_count from bl_type where deleted = 0 and enable = 1 
2020-05-19 11:16:26.200 DEBUG [http-nio-1001-exec-3]com.jg.blog.mapper.TypeMapper.getTypeList.debug:159 -==> Parameters: 
2020-05-19 11:16:26.249 DEBUG [http-nio-1001-exec-3]com.jg.blog.mapper.TypeMapper.getTypeList.debug:159 -<==      Total: 3
2020-05-19 11:16:26.309 DEBUG [http-nio-1001-exec-3]com.jg.blog.mapper.LogMapper.save.debug:159 -==>  Preparing: insert into bl_log( log_url, log_params, log_status, log_message, log_method, log_time, log_result, log_ip ) values ( ?, ?, ?, ?, ?, ?, ?, ? ) 
2020-05-19 11:16:26.311 DEBUG [http-nio-1001-exec-3]com.jg.blog.mapper.LogMapper.save.debug:159 -==> Parameters: /type/getList(String), [](String), 1(Integer), null, GET(String), 127(Long), {"code":20000,"data":[{"typeBlogCount":0,"typeId":7,"typeName":"lINUX"},{"typeBlogCount":0,"typeId":8,"typeName":"docker"},{"typeBlogCount":0,"typeId":9,"typeName":"springBoot"}],"msg":"操作成功！"}(String), 0:0:0:0:0:0:0:1(String)
2020-05-19 11:16:26.399 DEBUG [http-nio-1001-exec-3]com.jg.blog.mapper.LogMapper.save.debug:159 -<==    Updates: 1
2020-05-19 11:17:57.179 DEBUG [http-nio-1001-exec-7]com.jg.blog.mapper.TypeMapper.getById.debug:159 -==>  Preparing: select type_id, type_name, type_blog_count, enable from bl_type where type_id = ? and deleted = 0 
2020-05-19 11:17:57.181 DEBUG [http-nio-1001-exec-7]com.jg.blog.mapper.TypeMapper.getById.debug:159 -==> Parameters: 6(Integer)
2020-05-19 11:17:57.230 DEBUG [http-nio-1001-exec-7]com.jg.blog.mapper.TypeMapper.getById.debug:159 -<==      Total: 1
2020-05-19 11:17:57.313 DEBUG [http-nio-1001-exec-7]com.jg.blog.mapper.TypeMapper.update.debug:159 -==>  Preparing: update bl_type SET type_name = ?, enable = ? where type_id = ? 
2020-05-19 11:17:57.314 DEBUG [http-nio-1001-exec-7]com.jg.blog.mapper.TypeMapper.update.debug:159 -==> Parameters: JavaBoot(String), 1(Integer), 6(Integer)
2020-05-19 11:17:57.402 DEBUG [http-nio-1001-exec-7]com.jg.blog.mapper.TypeMapper.update.debug:159 -<==    Updates: 1
2020-05-19 11:17:57.462 DEBUG [http-nio-1001-exec-7]com.jg.blog.mapper.LogMapper.save.debug:159 -==>  Preparing: insert into bl_log( log_url, log_params, log_status, log_message, log_method, log_time, log_result, log_ip ) values ( ?, ?, ?, ?, ?, ?, ?, ? ) 
2020-05-19 11:17:57.465 DEBUG [http-nio-1001-exec-7]com.jg.blog.mapper.LogMapper.save.debug:159 -==> Parameters: /type/enabled/6(String), [6](String), 1(Integer), null, PUT(String), 281(Long), {"code":20000,"msg":"已启用"}(String), 0:0:0:0:0:0:0:1(String)
2020-05-19 11:17:57.812 DEBUG [http-nio-1001-exec-7]com.jg.blog.mapper.LogMapper.save.debug:159 -<==    Updates: 1
2020-05-19 11:18:01.721 DEBUG [http-nio-1001-exec-8]com.jg.blog.mapper.TypeMapper.getTypeList.debug:159 -==>  Preparing: select type_id, type_name, type_blog_count from bl_type where deleted = 0 and enable = 1 
2020-05-19 11:18:01.722 DEBUG [http-nio-1001-exec-8]com.jg.blog.mapper.TypeMapper.getTypeList.debug:159 -==> Parameters: 
2020-05-19 11:18:01.769 DEBUG [http-nio-1001-exec-8]com.jg.blog.mapper.TypeMapper.getTypeList.debug:159 -<==      Total: 4
2020-05-19 11:18:01.819 DEBUG [http-nio-1001-exec-8]com.jg.blog.mapper.LogMapper.save.debug:159 -==>  Preparing: insert into bl_log( log_url, log_params, log_status, log_message, log_method, log_time, log_result, log_ip ) values ( ?, ?, ?, ?, ?, ?, ?, ? ) 
2020-05-19 11:18:01.820 DEBUG [http-nio-1001-exec-8]com.jg.blog.mapper.LogMapper.save.debug:159 -==> Parameters: /type/getList(String), [](String), 1(Integer), null, GET(String), 106(Long), {"code":20000,"data":[{"typeBlogCount":0,"typeId":6,"typeName":"JavaBoot"},{"typeBlogCount":0,"typeId":7,"typeName":"lINUX"},{"typeBlogCount":0,"typeId":8,"typeName":"docker"},{"typeBlogCount":0,"typeId":9,"typeName":"springBoot"}],"msg":"操作成功！"}(String), 0:0:0:0:0:0:0:1(String)
2020-05-19 11:18:01.908 DEBUG [http-nio-1001-exec-8]com.jg.blog.mapper.LogMapper.save.debug:159 -<==    Updates: 1
2020-05-19 13:50:01.608 DEBUG [main]com.jg.blog.BlogApplication.logStarting:56 -Running with Spring Boot v2.3.0.RELEASE, Spring v5.2.6.RELEASE
2020-05-19 13:50:36.447 DEBUG [http-nio-1001-exec-1]com.jg.blog.mapper.AdminMapper.getByUsername.debug:159 -==>  Preparing: select name, header, signature, username, password from bl_admin where username = ? 
2020-05-19 13:50:36.485 DEBUG [http-nio-1001-exec-1]com.jg.blog.mapper.AdminMapper.getByUsername.debug:159 -==> Parameters: admin(String)
2020-05-19 13:50:36.565 DEBUG [http-nio-1001-exec-1]com.jg.blog.mapper.AdminMapper.getByUsername.debug:159 -<==      Total: 1
2020-05-19 13:50:36.742 DEBUG [http-nio-1001-exec-1]com.jg.blog.mapper.LogMapper.save.debug:159 -==>  Preparing: insert into bl_log( log_url, log_params, log_status, log_message, log_method, log_time, log_result, log_ip ) values ( ?, ?, ?, ?, ?, ?, ?, ? ) 
2020-05-19 13:50:36.748 DEBUG [http-nio-1001-exec-1]com.jg.blog.mapper.LogMapper.save.debug:159 -==> Parameters: /admin/login(String), [Admin(id=null, name=null, header=null, signature=null, comment=null, username=admin, password=e10adc3949ba59abbe56e057f20f883e)](String), 1(Integer), null, POST(String), 247(Long), {"code":20000,"data":{"token":"F02A3B0CA855DC2B68CDEEEF7847F4D6"},"msg":"操作成功！"}(String), 0:0:0:0:0:0:0:1(String)
2020-05-19 13:50:36.843 DEBUG [http-nio-1001-exec-1]com.jg.blog.mapper.LogMapper.save.debug:159 -<==    Updates: 1
2020-05-19 13:55:34.700 DEBUG [http-nio-1001-exec-5]com.jg.blog.mapper.LinkMapper.save.debug:159 -==>  Preparing: insert into bl_link(link_name, link_url) values(?, ?) 
2020-05-19 13:55:34.701 DEBUG [http-nio-1001-exec-5]com.jg.blog.mapper.LinkMapper.save.debug:159 -==> Parameters: baidu(String), www.baidu.com(String)
2020-05-19 13:55:34.797 DEBUG [http-nio-1001-exec-5]com.jg.blog.mapper.LinkMapper.save.debug:159 -<==    Updates: 1
2020-05-19 13:55:34.859 DEBUG [http-nio-1001-exec-5]com.jg.blog.mapper.LogMapper.save.debug:159 -==>  Preparing: insert into bl_log( log_url, log_params, log_status, log_message, log_method, log_time, log_result, log_ip ) values ( ?, ?, ?, ?, ?, ?, ?, ? ) 
2020-05-19 13:55:34.862 DEBUG [http-nio-1001-exec-5]com.jg.blog.mapper.LogMapper.save.debug:159 -==> Parameters: /link/save(String), [Link(linkId=null, linkName=baidu, linkUrl=www.baidu.com, createdTime=null, updateTime=null, version=null, deleted=null)](String), 1(Integer), null, POST(String), 163(Long), {"code":20000,"msg":"添加成功"}(String), 0:0:0:0:0:0:0:1(String)
2020-05-19 13:55:34.948 DEBUG [http-nio-1001-exec-5]com.jg.blog.mapper.LogMapper.save.debug:159 -<==    Updates: 1
2020-05-19 14:01:46.710 DEBUG [http-nio-1001-exec-7]com.jg.blog.mapper.LinkMapper.update.debug:159 -==>  Preparing: update bl_link set version = version+1 ,link_name = ? ,link_url = ? where link_id = ? and version = ? 
2020-05-19 14:01:46.712 DEBUG [http-nio-1001-exec-7]com.jg.blog.mapper.LinkMapper.update.debug:159 -==> Parameters: taobao(String), www.baidu.com(String), null, null
2020-05-19 14:01:46.804 DEBUG [http-nio-1001-exec-7]com.jg.blog.mapper.LinkMapper.update.debug:159 -<==    Updates: 0
2020-05-19 14:01:46.862 DEBUG [http-nio-1001-exec-7]com.jg.blog.mapper.LogMapper.save.debug:159 -==>  Preparing: insert into bl_log( log_url, log_params, log_status, log_message, log_method, log_time, log_result, log_ip ) values ( ?, ?, ?, ?, ?, ?, ?, ? ) 
2020-05-19 14:01:46.865 DEBUG [http-nio-1001-exec-7]com.jg.blog.mapper.LogMapper.save.debug:159 -==> Parameters: /link/update(String), [Link(linkId=null, linkName=taobao, linkUrl=www.baidu.com, createdTime=null, updateTime=null, version=null, deleted=null)](String), 1(Integer), null, PUT(String), 233(Long), {"code":20000,"msg":"更新成功"}(String), 0:0:0:0:0:0:0:1(String)
2020-05-19 14:01:46.975 DEBUG [http-nio-1001-exec-7]com.jg.blog.mapper.LogMapper.save.debug:159 -<==    Updates: 1
2020-05-19 14:04:06.709 DEBUG [http-nio-1001-exec-10]com.jg.blog.mapper.LinkMapper.getAll.debug:159 -==>  Preparing: select link_id, link_name, link_url, created_time, update_time from bl_link where deleted = 0 
2020-05-19 14:04:06.711 DEBUG [http-nio-1001-exec-10]com.jg.blog.mapper.LinkMapper.getAll.debug:159 -==> Parameters: 
2020-05-19 14:04:06.776 DEBUG [http-nio-1001-exec-10]com.jg.blog.mapper.LinkMapper.getAll.debug:159 -<==      Total: 1
2020-05-19 14:04:06.851 DEBUG [http-nio-1001-exec-10]com.jg.blog.mapper.LogMapper.save.debug:159 -==>  Preparing: insert into bl_log( log_url, log_params, log_status, log_message, log_method, log_time, log_result, log_ip ) values ( ?, ?, ?, ?, ?, ?, ?, ? ) 
2020-05-19 14:04:06.853 DEBUG [http-nio-1001-exec-10]com.jg.blog.mapper.LogMapper.save.debug:159 -==> Parameters: /link/list(String), [](String), 1(Integer), null, GET(String), 157(Long), {"code":20000,"data":[{"createdTime":"2020-05-19 05:55:36","linkId":1,"linkName":"baidu","linkUrl":"www.baidu.com","updateTime":"2020-05-19 05:55:36"}],"msg":"操作成功！"}(String), 0:0:0:0:0:0:0:1(String)
2020-05-19 14:04:06.944 DEBUG [http-nio-1001-exec-10]com.jg.blog.mapper.LogMapper.save.debug:159 -<==    Updates: 1
2020-05-19 14:06:06.985 DEBUG [http-nio-1001-exec-3]com.jg.blog.mapper.LinkMapper.update.debug:159 -==>  Preparing: update bl_link set version = version+1 ,link_url = ? where link_id = ? and version = ? 
2020-05-19 14:06:06.988 DEBUG [http-nio-1001-exec-3]com.jg.blog.mapper.LinkMapper.update.debug:159 -==> Parameters: http://www.baidu.com(String), 1(Integer), null
2020-05-19 14:06:07.081 DEBUG [http-nio-1001-exec-3]com.jg.blog.mapper.LinkMapper.update.debug:159 -<==    Updates: 0
2020-05-19 14:06:07.139 DEBUG [http-nio-1001-exec-3]com.jg.blog.mapper.LogMapper.save.debug:159 -==>  Preparing: insert into bl_log( log_url, log_params, log_status, log_message, log_method, log_time, log_result, log_ip ) values ( ?, ?, ?, ?, ?, ?, ?, ? ) 
2020-05-19 14:06:07.141 DEBUG [http-nio-1001-exec-3]com.jg.blog.mapper.LogMapper.save.debug:159 -==> Parameters: /link/update(String), [Link(linkId=1, linkName=null, linkUrl=http://www.baidu.com, createdTime=null, updateTime=null, version=null, deleted=null)](String), 1(Integer), null, PUT(String), 166(Long), {"code":20000,"msg":"更新成功"}(String), 0:0:0:0:0:0:0:1(String)
2020-05-19 14:06:07.235 DEBUG [http-nio-1001-exec-3]com.jg.blog.mapper.LogMapper.save.debug:159 -<==    Updates: 1
2020-05-19 14:06:10.985 DEBUG [http-nio-1001-exec-5]com.jg.blog.mapper.LinkMapper.getAll.debug:159 -==>  Preparing: select link_id, link_name, link_url, created_time, update_time from bl_link where deleted = 0 
2020-05-19 14:06:10.986 DEBUG [http-nio-1001-exec-5]com.jg.blog.mapper.LinkMapper.getAll.debug:159 -==> Parameters: 
2020-05-19 14:06:11.034 DEBUG [http-nio-1001-exec-5]com.jg.blog.mapper.LinkMapper.getAll.debug:159 -<==      Total: 1
2020-05-19 14:06:11.088 DEBUG [http-nio-1001-exec-5]com.jg.blog.mapper.LogMapper.save.debug:159 -==>  Preparing: insert into bl_log( log_url, log_params, log_status, log_message, log_method, log_time, log_result, log_ip ) values ( ?, ?, ?, ?, ?, ?, ?, ? ) 
2020-05-19 14:06:11.089 DEBUG [http-nio-1001-exec-5]com.jg.blog.mapper.LogMapper.save.debug:159 -==> Parameters: /link/list(String), [](String), 1(Integer), null, GET(String), 111(Long), {"code":20000,"data":[{"createdTime":"2020-05-19 05:55:36","linkId":1,"linkName":"baidu","linkUrl":"www.baidu.com","updateTime":"2020-05-19 05:55:36"}],"msg":"操作成功！"}(String), 0:0:0:0:0:0:0:1(String)
2020-05-19 14:06:11.185 DEBUG [http-nio-1001-exec-5]com.jg.blog.mapper.LogMapper.save.debug:159 -<==    Updates: 1
2020-05-19 14:07:40.089 DEBUG [http-nio-1001-exec-8]com.jg.blog.mapper.LinkMapper.update.debug:159 -==>  Preparing: update bl_link set version = version+1 ,link_url = ? where link_id = ? and version = ? 
2020-05-19 14:07:40.091 DEBUG [http-nio-1001-exec-8]com.jg.blog.mapper.LinkMapper.update.debug:159 -==> Parameters: http://www.baidu.com(String), 1(Integer), 1(Integer)
2020-05-19 14:07:40.442 DEBUG [http-nio-1001-exec-8]com.jg.blog.mapper.LinkMapper.update.debug:159 -<==    Updates: 1
2020-05-19 14:07:40.502 DEBUG [http-nio-1001-exec-8]com.jg.blog.mapper.LogMapper.save.debug:159 -==>  Preparing: insert into bl_log( log_url, log_params, log_status, log_message, log_method, log_time, log_result, log_ip ) values ( ?, ?, ?, ?, ?, ?, ?, ? ) 
2020-05-19 14:07:40.504 DEBUG [http-nio-1001-exec-8]com.jg.blog.mapper.LogMapper.save.debug:159 -==> Parameters: /link/update(String), [Link(linkId=1, linkName=null, linkUrl=http://www.baidu.com, createdTime=null, updateTime=null, version=1, deleted=null)](String), 1(Integer), null, PUT(String), 414(Long), {"code":20000,"msg":"更新成功"}(String), 0:0:0:0:0:0:0:1(String)
2020-05-19 14:07:40.593 DEBUG [http-nio-1001-exec-8]com.jg.blog.mapper.LogMapper.save.debug:159 -<==    Updates: 1
2020-05-19 14:07:43.164 DEBUG [http-nio-1001-exec-9]com.jg.blog.mapper.LinkMapper.getAll.debug:159 -==>  Preparing: select link_id, link_name, link_url, created_time, update_time from bl_link where deleted = 0 
2020-05-19 14:07:43.165 DEBUG [http-nio-1001-exec-9]com.jg.blog.mapper.LinkMapper.getAll.debug:159 -==> Parameters: 
2020-05-19 14:07:43.212 DEBUG [http-nio-1001-exec-9]com.jg.blog.mapper.LinkMapper.getAll.debug:159 -<==      Total: 1
2020-05-19 14:07:43.265 DEBUG [http-nio-1001-exec-9]com.jg.blog.mapper.LogMapper.save.debug:159 -==>  Preparing: insert into bl_log( log_url, log_params, log_status, log_message, log_method, log_time, log_result, log_ip ) values ( ?, ?, ?, ?, ?, ?, ?, ? ) 
2020-05-19 14:07:43.267 DEBUG [http-nio-1001-exec-9]com.jg.blog.mapper.LogMapper.save.debug:159 -==> Parameters: /link/list(String), [](String), 1(Integer), null, GET(String), 105(Long), {"code":20000,"data":[{"createdTime":"2020-05-19 05:55:36","linkId":1,"linkName":"baidu","linkUrl":"http://www.baidu.com","updateTime":"2020-05-19 06:07:42"}],"msg":"操作成功！"}(String), 0:0:0:0:0:0:0:1(String)
2020-05-19 14:07:43.367 DEBUG [http-nio-1001-exec-9]com.jg.blog.mapper.LogMapper.save.debug:159 -<==    Updates: 1
2020-05-19 14:09:15.994 DEBUG [http-nio-1001-exec-3]com.jg.blog.mapper.LinkMapper.getById.debug:159 -==>  Preparing: select link_id, link_name, link_url, version from bl_link where link_id = ? and deleted = 0 
2020-05-19 14:09:15.996 DEBUG [http-nio-1001-exec-3]com.jg.blog.mapper.LinkMapper.getById.debug:159 -==> Parameters: 1(Integer)
2020-05-19 14:09:16.041 DEBUG [http-nio-1001-exec-3]com.jg.blog.mapper.LinkMapper.getById.debug:159 -<==      Total: 1
2020-05-19 14:09:16.095 DEBUG [http-nio-1001-exec-3]com.jg.blog.mapper.LogMapper.save.debug:159 -==>  Preparing: insert into bl_log( log_url, log_params, log_status, log_message, log_method, log_time, log_result, log_ip ) values ( ?, ?, ?, ?, ?, ?, ?, ? ) 
2020-05-19 14:09:16.096 DEBUG [http-nio-1001-exec-3]com.jg.blog.mapper.LogMapper.save.debug:159 -==> Parameters: /link/get/1(String), [1](String), 1(Integer), null, POST(String), 105(Long), {"code":20000,"data":{"linkId":1,"linkName":"baidu","linkUrl":"http://www.baidu.com","version":2},"msg":"操作成功！"}(String), 0:0:0:0:0:0:0:1(String)
2020-05-19 14:09:16.187 DEBUG [http-nio-1001-exec-3]com.jg.blog.mapper.LogMapper.save.debug:159 -<==    Updates: 1
2020-05-19 14:51:47.983 DEBUG [main]com.jg.blog.BlogApplication.logStarting:56 -Running with Spring Boot v2.3.0.RELEASE, Spring v5.2.6.RELEASE
2020-05-19 14:53:06.920 DEBUG [http-nio-1001-exec-1]com.jg.blog.mapper.AdminMapper.getByUsername.debug:159 -==>  Preparing: select name, header, signature, username, password from bl_admin where username = ? 
2020-05-19 14:53:06.957 DEBUG [http-nio-1001-exec-1]com.jg.blog.mapper.AdminMapper.getByUsername.debug:159 -==> Parameters: admin(String)
2020-05-19 14:53:07.049 DEBUG [http-nio-1001-exec-1]com.jg.blog.mapper.AdminMapper.getByUsername.debug:159 -<==      Total: 1
2020-05-19 14:53:07.201 DEBUG [http-nio-1001-exec-1]com.jg.blog.mapper.LogMapper.save.debug:159 -==>  Preparing: insert into bl_log( log_url, log_params, log_status, log_message, log_method, log_time, log_result, log_ip ) values ( ?, ?, ?, ?, ?, ?, ?, ? ) 
2020-05-19 14:53:07.210 DEBUG [http-nio-1001-exec-1]com.jg.blog.mapper.LogMapper.save.debug:159 -==> Parameters: /admin/login(String), [Admin(id=null, name=null, header=null, signature=null, comment=null, username=admin, password=e10adc3949ba59abbe56e057f20f883e)](String), 1(Integer), null, POST(String), 262(Long), {"code":20000,"data":{"token":"AC9A13D507DDD0E1CE5AF9E9069EDD63"},"msg":"操作成功！"}(String), 0:0:0:0:0:0:0:1(String)
2020-05-19 14:53:07.296 DEBUG [http-nio-1001-exec-1]com.jg.blog.mapper.LogMapper.save.debug:159 -<==    Updates: 1
2020-05-19 14:53:28.012 DEBUG [http-nio-1001-exec-3]com.jg.blog.mapper.AdminMapper.getAdmin.debug:159 -==>  Preparing: select id, name, header, signature, comment, username from bl_admin limit 1 
2020-05-19 14:53:28.013 DEBUG [http-nio-1001-exec-3]com.jg.blog.mapper.AdminMapper.getAdmin.debug:159 -==> Parameters: 
2020-05-19 14:53:28.057 DEBUG [http-nio-1001-exec-3]com.jg.blog.mapper.AdminMapper.getAdmin.debug:159 -<==      Total: 1
2020-05-19 14:53:28.114 DEBUG [http-nio-1001-exec-3]com.jg.blog.mapper.LogMapper.save.debug:159 -==>  Preparing: insert into bl_log( log_url, log_params, log_status, log_message, log_method, log_time, log_result, log_ip ) values ( ?, ?, ?, ?, ?, ?, ?, ? ) 
2020-05-19 14:53:28.116 DEBUG [http-nio-1001-exec-3]com.jg.blog.mapper.LogMapper.save.debug:159 -==> Parameters: /admin/getAdmin(String), [](String), 1(Integer), null, GET(String), 100(Long), {"code":20000,"data":{"comment":"666","id":1,"name":"稽哥","signature":"热肠溶","username":"admin"},"msg":"操作成功！"}(String), 0:0:0:0:0:0:0:1(String)
2020-05-19 14:53:28.206 DEBUG [http-nio-1001-exec-3]com.jg.blog.mapper.LogMapper.save.debug:159 -<==    Updates: 1
2020-05-19 14:57:19.775 DEBUG [http-nio-1001-exec-6]com.jg.blog.mapper.AdminMapper.update.debug:159 -==>  Preparing: update bl_admin SET signature = ? where id = ? 
2020-05-19 14:57:19.782 DEBUG [http-nio-1001-exec-6]com.jg.blog.mapper.AdminMapper.update.debug:159 -==> Parameters: 1213343(String), 1(Integer)
2020-05-19 14:57:19.878 DEBUG [http-nio-1001-exec-6]com.jg.blog.mapper.AdminMapper.update.debug:159 -<==    Updates: 1
2020-05-19 14:57:19.939 DEBUG [http-nio-1001-exec-6]com.jg.blog.mapper.LogMapper.save.debug:159 -==>  Preparing: insert into bl_log( log_url, log_params, log_status, log_message, log_method, log_time, log_result, log_ip ) values ( ?, ?, ?, ?, ?, ?, ?, ? ) 
2020-05-19 14:57:19.942 DEBUG [http-nio-1001-exec-6]com.jg.blog.mapper.LogMapper.save.debug:159 -==> Parameters: /admin/updateInfo(String), [Admin(id=1, name=null, header=null, signature=1213343, comment=null, username=null, password=null)](String), 1(Integer), null, PUT(String), 232(Long), {"code":20000,"msg":"更新成功"}(String), 0:0:0:0:0:0:0:1(String)
2020-05-19 14:57:20.029 DEBUG [http-nio-1001-exec-6]com.jg.blog.mapper.LogMapper.save.debug:159 -<==    Updates: 1
2020-05-19 15:00:28.974 DEBUG [http-nio-1001-exec-8]com.jg.blog.mapper.AdminMapper.update.debug:159 -==>  Preparing: update bl_admin SET password = ? where id = ? 
2020-05-19 15:00:28.981 DEBUG [http-nio-1001-exec-8]com.jg.blog.mapper.AdminMapper.update.debug:159 -==> Parameters: e10adc3949ba59abbe56e057f20f883e(String), 1(Integer)
2020-05-19 15:00:29.072 DEBUG [http-nio-1001-exec-8]com.jg.blog.mapper.AdminMapper.update.debug:159 -<==    Updates: 1
2020-05-19 15:00:29.128 DEBUG [http-nio-1001-exec-8]com.jg.blog.mapper.LogMapper.save.debug:159 -==>  Preparing: insert into bl_log( log_url, log_params, log_status, log_message, log_method, log_time, log_result, log_ip ) values ( ?, ?, ?, ?, ?, ?, ?, ? ) 
2020-05-19 15:00:29.130 DEBUG [http-nio-1001-exec-8]com.jg.blog.mapper.LogMapper.save.debug:159 -==> Parameters: /admin/updateInfo(String), [Admin(id=1, name=null, header=null, signature=null, comment=null, username=null, password=e10adc3949ba59abbe56e057f20f883e)](String), 1(Integer), null, PUT(String), 195(Long), {"code":20000,"msg":"更新成功"}(String), 0:0:0:0:0:0:0:1(String)
2020-05-19 15:00:29.217 DEBUG [http-nio-1001-exec-8]com.jg.blog.mapper.LogMapper.save.debug:159 -<==    Updates: 1
2020-05-19 19:24:52.372 DEBUG [main]com.jg.blog.BlogApplication.logStarting:56 -Running with Spring Boot v2.3.0.RELEASE, Spring v5.2.6.RELEASE
2020-05-19 19:26:55.722 DEBUG [http-nio-1001-exec-1]com.jg.blog.mapper.AdminMapper.getByUsername.debug:159 -==>  Preparing: select name, header, signature, username, password from bl_admin where username = ? 
2020-05-19 19:26:55.762 DEBUG [http-nio-1001-exec-1]com.jg.blog.mapper.AdminMapper.getByUsername.debug:159 -==> Parameters: admin(String)
2020-05-19 19:26:55.848 DEBUG [http-nio-1001-exec-1]com.jg.blog.mapper.AdminMapper.getByUsername.debug:159 -<==      Total: 1
2020-05-19 19:26:56.022 DEBUG [http-nio-1001-exec-1]com.jg.blog.mapper.LogMapper.save.debug:159 -==>  Preparing: insert into bl_log( log_url, log_params, log_status, log_message, log_method, log_time, log_result, log_ip ) values ( ?, ?, ?, ?, ?, ?, ?, ? ) 
2020-05-19 19:26:56.028 DEBUG [http-nio-1001-exec-1]com.jg.blog.mapper.LogMapper.save.debug:159 -==> Parameters: /admin/login(String), [Admin(id=null, name=null, header=null, signature=null, comment=null, username=admin, password=e10adc3949ba59abbe56e057f20f883e)](String), 1(Integer), null, POST(String), 251(Long), {"code":20000,"data":{"token":"0F49FCA0B0757A9FCB271C6B1BB07B55"},"msg":"操作成功！"}(String), 0:0:0:0:0:0:0:1(String)
2020-05-19 19:26:56.114 DEBUG [http-nio-1001-exec-1]com.jg.blog.mapper.LogMapper.save.debug:159 -<==    Updates: 1
2020-05-19 19:33:16.065 DEBUG [http-nio-1001-exec-4]com.jg.blog.mapper.BlogMapper.save.debug:159 -==>  Preparing: insert into bl_blog( blog_id, blog_title,blog_image, blog_content, blog_type, blog_remark, blog_source ) values ( ?, ?, ?, ?, ?, ?, ? ) 
2020-05-19 19:33:16.073 DEBUG [http-nio-1001-exec-4]com.jg.blog.mapper.BlogMapper.save.debug:159 -==> Parameters: null, 博客(String), null, 内容(String), 6(Integer), null, null
2020-05-19 19:33:16.786 DEBUG [http-nio-1001-exec-4]com.jg.blog.mapper.LogMapper.save.debug:159 -==>  Preparing: insert into bl_log( log_url, log_params, log_status, log_message, log_method, log_time, log_result, log_ip ) values ( ?, ?, ?, ?, ?, ?, ?, ? ) 
2020-05-19 19:33:16.788 DEBUG [http-nio-1001-exec-4]com.jg.blog.mapper.LogMapper.save.debug:159 -==> Parameters: /blog/save(String), [Blog(blogId=null, blogTitle=博客, blogImage=null, blogContent=内容, blogGoods=null, blogRead=null, blogCollection=null, blogType=6, blogRemark=null, blogComment=null, blogSource=null, createdTime=null, updateTime=null, version=null, deleted=null)](String), 0(Integer), org.springframework.dao.DataIntegrityViolationException: 
### Error updating database.  Cause: java.sql.SQLIntegrityConstraintViolationException: Column 'blog_id' cannot be null
### The error may involve com.jg.blog.mapper.BlogMapper.save-Inline
### Cause: java.sql.SQLIntegrityConstraintViolationException: Column 'blog_id' cannot be null
; Column 'blog_id' cannot be null; nested exception is java.sql.SQLIntegrityConstraintViolationException: Column 'blog_id' cannot be null
	at com.jg.blog.service.impl.BlogServiceImpl.save(BlogServiceImpl.java:39)
	at com.jg.blog.service.impl.BlogServiceImpl$$FastClassBySpringCGLIB$$ad9b5dc6.invoke(<generated>)
	at com.jg.blog.service.impl.BlogServiceImpl$$EnhancerBySpringCGLIB$$624227da.save(<generated>)
	at com.jg.blog.service.impl.BlogServiceImpl$$FastClassBySpringCGLIB$$ad9b5dc6.invoke(<generated>)
	at com.jg.blog.service.impl.BlogServiceImpl$$EnhancerBySpringCGLIB$$e42bbdbc.save(<generated>)
	at com.jg.blog.controller.BlogController.save(BlogController.java:38)
	at com.jg.blog.controller.BlogController$$FastClassBySpringCGLIB$$5aabfe8.invoke(<generated>)
	at com.jg.blog.aspect.RequestAspect.doAround(RequestAspect.java:66)
	at com.jg.blog.controller.BlogController$$EnhancerBySpringCGLIB$$6b705000.save(<generated>)
Caused by: java.sql.SQLIntegrityConstraintViolationException: Column 'blog_id' cannot be null
(String), POST(String), 0(Long), null, 0:0:0:0:0:0:0:1(String)
2020-05-19 19:33:16.877 DEBUG [http-nio-1001-exec-4]com.jg.blog.mapper.LogMapper.save.debug:159 -<==    Updates: 1
2020-05-19 19:37:30.928 DEBUG [main]com.jg.blog.BlogApplication.logStarting:56 -Running with Spring Boot v2.3.0.RELEASE, Spring v5.2.6.RELEASE
2020-05-19 19:37:55.705 DEBUG [http-nio-1001-exec-1]com.jg.blog.mapper.AdminMapper.getByUsername.debug:159 -==>  Preparing: select name, header, signature, username, password from bl_admin where username = ? 
2020-05-19 19:37:55.753 DEBUG [http-nio-1001-exec-1]com.jg.blog.mapper.AdminMapper.getByUsername.debug:159 -==> Parameters: admin(String)
2020-05-19 19:37:55.852 DEBUG [http-nio-1001-exec-1]com.jg.blog.mapper.AdminMapper.getByUsername.debug:159 -<==      Total: 1
2020-05-19 19:37:56.056 DEBUG [http-nio-1001-exec-1]com.jg.blog.mapper.LogMapper.save.debug:159 -==>  Preparing: insert into bl_log( log_url, log_params, log_status, log_message, log_method, log_time, log_result, log_ip ) values ( ?, ?, ?, ?, ?, ?, ?, ? ) 
2020-05-19 19:37:56.061 DEBUG [http-nio-1001-exec-1]com.jg.blog.mapper.LogMapper.save.debug:159 -==> Parameters: /admin/login(String), [Admin(id=null, name=null, header=null, signature=null, comment=null, username=admin, password=e10adc3949ba59abbe56e057f20f883e)](String), 1(Integer), null, POST(String), 293(Long), {"code":20000,"data":{"token":"866A00AF6F094FC7C27C005E5A329DAE"},"msg":"操作成功！"}(String), 0:0:0:0:0:0:0:1(String)
2020-05-19 19:37:56.150 DEBUG [http-nio-1001-exec-1]com.jg.blog.mapper.LogMapper.save.debug:159 -<==    Updates: 1
2020-05-19 19:38:19.351 DEBUG [http-nio-1001-exec-3]com.jg.blog.mapper.BlogMapper.save.debug:159 -==>  Preparing: insert into bl_blog( blog_id, blog_title,blog_image, blog_content, blog_type, blog_remark, blog_source ) values ( ?, ?, ?, ?, ?, ?, ? ) 
2020-05-19 19:38:19.352 DEBUG [http-nio-1001-exec-3]com.jg.blog.mapper.BlogMapper.save.debug:159 -==> Parameters: 1262709163762089984(String), 博客(String), null, 内容(String), 6(Integer), null, null
2020-05-19 19:38:19.446 DEBUG [http-nio-1001-exec-3]com.jg.blog.mapper.BlogMapper.save.debug:159 -<==    Updates: 1
2020-05-19 19:38:19.601 DEBUG [http-nio-1001-exec-3]com.jg.blog.mapper.LogMapper.save.debug:159 -==>  Preparing: insert into bl_log( log_url, log_params, log_status, log_message, log_method, log_time, log_result, log_ip ) values ( ?, ?, ?, ?, ?, ?, ?, ? ) 
2020-05-19 19:38:19.602 DEBUG [http-nio-1001-exec-3]com.jg.blog.mapper.LogMapper.save.debug:159 -==> Parameters: /blog/save(String), [Blog(blogId=null, blogTitle=博客, blogImage=null, blogContent=内容, blogGoods=null, blogRead=null, blogCollection=null, blogType=6, blogRemark=null, blogComment=null, blogSource=null, createdTime=null, updateTime=null, version=null, deleted=null)](String), 1(Integer), null, POST(String), 167(Long), {"code":20000,"msg":"添加成功"}(String), 0:0:0:0:0:0:0:1(String)
2020-05-19 19:38:19.693 DEBUG [http-nio-1001-exec-3]com.jg.blog.mapper.LogMapper.save.debug:159 -<==    Updates: 1
2020-05-19 19:39:48.176 DEBUG [main]com.jg.blog.BlogApplication.logStarting:56 -Running with Spring Boot v2.3.0.RELEASE, Spring v5.2.6.RELEASE
2020-05-19 19:40:05.761 DEBUG [http-nio-1001-exec-1]com.jg.blog.mapper.AdminMapper.getByUsername.debug:159 -==>  Preparing: select name, header, signature, username, password from bl_admin where username = ? 
2020-05-19 19:40:05.806 DEBUG [http-nio-1001-exec-1]com.jg.blog.mapper.AdminMapper.getByUsername.debug:159 -==> Parameters: admin(String)
2020-05-19 19:40:05.884 DEBUG [http-nio-1001-exec-1]com.jg.blog.mapper.AdminMapper.getByUsername.debug:159 -<==      Total: 1
2020-05-19 19:40:06.058 DEBUG [http-nio-1001-exec-1]com.jg.blog.mapper.LogMapper.save.debug:159 -==>  Preparing: insert into bl_log( log_url, log_params, log_status, log_message, log_method, log_time, log_result, log_ip ) values ( ?, ?, ?, ?, ?, ?, ?, ? ) 
2020-05-19 19:40:06.063 DEBUG [http-nio-1001-exec-1]com.jg.blog.mapper.LogMapper.save.debug:159 -==> Parameters: /admin/login(String), [Admin(id=null, name=null, header=null, signature=null, comment=null, username=admin, password=e10adc3949ba59abbe56e057f20f883e)](String), 1(Integer), null, POST(String), 241(Long), {"code":20000,"data":{"token":"F590509D5B57290B5DF9B7A710FD8931"},"msg":"操作成功！"}(String), 0:0:0:0:0:0:0:1(String)
2020-05-19 19:40:06.152 DEBUG [http-nio-1001-exec-1]com.jg.blog.mapper.LogMapper.save.debug:159 -<==    Updates: 1
2020-05-19 19:40:59.878 DEBUG [http-nio-1001-exec-3]com.jg.blog.mapper.BlogMapper.save.debug:159 -==>  Preparing: insert into bl_blog( blog_id, blog_title,blog_image, blog_content, blog_type, blog_remark, blog_source ) values ( ?, ?, ?, ?, ?, ?, ? ) 
2020-05-19 19:40:59.881 DEBUG [http-nio-1001-exec-3]com.jg.blog.mapper.BlogMapper.save.debug:159 -==> Parameters: 1262709837061111808(String), 博客2(String), null, 内容2(String), 6(Integer), null, null
2020-05-19 19:40:59.969 DEBUG [http-nio-1001-exec-3]com.jg.blog.mapper.BlogMapper.save.debug:159 -<==    Updates: 1
2020-05-19 19:41:00.021 DEBUG [http-nio-1001-exec-3]com.jg.blog.mapper.LogMapper.save.debug:159 -==>  Preparing: insert into bl_log( log_url, log_params, log_status, log_message, log_method, log_time, log_result, log_ip ) values ( ?, ?, ?, ?, ?, ?, ?, ? ) 
2020-05-19 19:41:00.023 DEBUG [http-nio-1001-exec-3]com.jg.blog.mapper.LogMapper.save.debug:159 -==> Parameters: /blog/save(String), [Blog(blogId=null, blogTitle=博客2, blogImage=null, blogContent=内容2, blogGoods=null, blogRead=null, blogCollection=null, blogType=6, blogRemark=null, blogComment=null, blogSource=null, createdTime=null, updateTime=null, version=null, deleted=null)](String), 1(Integer), null, POST(String), 172(Long), {"code":20000,"msg":"添加成功"}(String), 0:0:0:0:0:0:0:1(String)
2020-05-19 19:41:00.470 DEBUG [http-nio-1001-exec-3]com.jg.blog.mapper.LogMapper.save.debug:159 -<==    Updates: 1
2020-05-19 19:41:06.880 DEBUG [http-nio-1001-exec-4]com.jg.blog.mapper.BlogMapper.save.debug:159 -==>  Preparing: insert into bl_blog( blog_id, blog_title,blog_image, blog_content, blog_type, blog_remark, blog_source ) values ( ?, ?, ?, ?, ?, ?, ? ) 
2020-05-19 19:41:06.885 DEBUG [http-nio-1001-exec-4]com.jg.blog.mapper.BlogMapper.save.debug:159 -==> Parameters: 1262709865968254976(String), 博客3(String), null, 内容3(String), 6(Integer), null, null
2020-05-19 19:41:06.973 DEBUG [http-nio-1001-exec-4]com.jg.blog.mapper.BlogMapper.save.debug:159 -<==    Updates: 1
2020-05-19 19:41:07.024 DEBUG [http-nio-1001-exec-4]com.jg.blog.mapper.LogMapper.save.debug:159 -==>  Preparing: insert into bl_log( log_url, log_params, log_status, log_message, log_method, log_time, log_result, log_ip ) values ( ?, ?, ?, ?, ?, ?, ?, ? ) 
2020-05-19 19:41:07.026 DEBUG [http-nio-1001-exec-4]com.jg.blog.mapper.LogMapper.save.debug:159 -==> Parameters: /blog/save(String), [Blog(blogId=null, blogTitle=博客3, blogImage=null, blogContent=内容3, blogGoods=null, blogRead=null, blogCollection=null, blogType=6, blogRemark=null, blogComment=null, blogSource=null, createdTime=null, updateTime=null, version=null, deleted=null)](String), 1(Integer), null, POST(String), 259(Long), {"code":20000,"msg":"添加成功"}(String), 0:0:0:0:0:0:0:1(String)
2020-05-19 19:41:07.117 DEBUG [http-nio-1001-exec-4]com.jg.blog.mapper.LogMapper.save.debug:159 -<==    Updates: 1
2020-05-19 19:41:14.118 DEBUG [http-nio-1001-exec-5]com.jg.blog.mapper.BlogMapper.save.debug:159 -==>  Preparing: insert into bl_blog( blog_id, blog_title,blog_image, blog_content, blog_type, blog_remark, blog_source ) values ( ?, ?, ?, ?, ?, ?, ? ) 
2020-05-19 19:41:14.119 DEBUG [http-nio-1001-exec-5]com.jg.blog.mapper.BlogMapper.save.debug:159 -==> Parameters: 1262709896800583680(String), 博客4(String), null, 内容4(String), 6(Integer), null, null
2020-05-19 19:41:14.212 DEBUG [http-nio-1001-exec-5]com.jg.blog.mapper.BlogMapper.save.debug:159 -<==    Updates: 1
2020-05-19 19:41:14.265 DEBUG [http-nio-1001-exec-5]com.jg.blog.mapper.LogMapper.save.debug:159 -==>  Preparing: insert into bl_log( log_url, log_params, log_status, log_message, log_method, log_time, log_result, log_ip ) values ( ?, ?, ?, ?, ?, ?, ?, ? ) 
2020-05-19 19:41:14.266 DEBUG [http-nio-1001-exec-5]com.jg.blog.mapper.LogMapper.save.debug:159 -==> Parameters: /blog/save(String), [Blog(blogId=null, blogTitle=博客4, blogImage=null, blogContent=内容4, blogGoods=null, blogRead=null, blogCollection=null, blogType=6, blogRemark=null, blogComment=null, blogSource=null, createdTime=null, updateTime=null, version=null, deleted=null)](String), 1(Integer), null, POST(String), 148(Long), {"code":20000,"msg":"添加成功"}(String), 0:0:0:0:0:0:0:1(String)
2020-05-19 19:41:14.358 DEBUG [http-nio-1001-exec-5]com.jg.blog.mapper.LogMapper.save.debug:159 -<==    Updates: 1
2020-05-19 19:41:41.753 DEBUG [http-nio-1001-exec-6]com.jg.blog.mapper.BlogMapper.save.debug:159 -==>  Preparing: insert into bl_blog( blog_id, blog_title,blog_image, blog_content, blog_type, blog_remark, blog_source ) values ( ?, ?, ?, ?, ?, ?, ? ) 
2020-05-19 19:41:41.758 DEBUG [http-nio-1001-exec-6]com.jg.blog.mapper.BlogMapper.save.debug:159 -==> Parameters: 1262710012693397504(String), 博客5(String), null, 内容5(String), 7(Integer), null, null
2020-05-19 19:41:41.851 DEBUG [http-nio-1001-exec-6]com.jg.blog.mapper.BlogMapper.save.debug:159 -<==    Updates: 1
2020-05-19 19:41:41.904 DEBUG [http-nio-1001-exec-6]com.jg.blog.mapper.LogMapper.save.debug:159 -==>  Preparing: insert into bl_log( log_url, log_params, log_status, log_message, log_method, log_time, log_result, log_ip ) values ( ?, ?, ?, ?, ?, ?, ?, ? ) 
2020-05-19 19:41:41.906 DEBUG [http-nio-1001-exec-6]com.jg.blog.mapper.LogMapper.save.debug:159 -==> Parameters: /blog/save(String), [Blog(blogId=null, blogTitle=博客5, blogImage=null, blogContent=内容5, blogGoods=null, blogRead=null, blogCollection=null, blogType=7, blogRemark=null, blogComment=null, blogSource=null, createdTime=null, updateTime=null, version=null, deleted=null)](String), 1(Integer), null, POST(String), 157(Long), {"code":20000,"msg":"添加成功"}(String), 0:0:0:0:0:0:0:1(String)
2020-05-19 19:41:41.999 DEBUG [http-nio-1001-exec-6]com.jg.blog.mapper.LogMapper.save.debug:159 -<==    Updates: 1
2020-05-19 19:47:12.126 DEBUG [http-nio-1001-exec-9]com.jg.blog.mapper.AdminMapper.getByUsername.debug:159 -==>  Preparing: select name, header, signature, username, password from bl_admin where username = ? 
2020-05-19 19:47:12.130 DEBUG [http-nio-1001-exec-9]com.jg.blog.mapper.AdminMapper.getByUsername.debug:159 -==> Parameters: admin(String)
2020-05-19 19:47:12.181 DEBUG [http-nio-1001-exec-9]com.jg.blog.mapper.AdminMapper.getByUsername.debug:159 -<==      Total: 1
2020-05-19 19:47:12.240 DEBUG [http-nio-1001-exec-9]com.jg.blog.mapper.LogMapper.save.debug:159 -==>  Preparing: insert into bl_log( log_url, log_params, log_status, log_message, log_method, log_time, log_result, log_ip ) values ( ?, ?, ?, ?, ?, ?, ?, ? ) 
2020-05-19 19:47:12.242 DEBUG [http-nio-1001-exec-9]com.jg.blog.mapper.LogMapper.save.debug:159 -==> Parameters: /admin/login(String), [Admin(id=null, name=null, header=null, signature=null, comment=null, username=admin, password=e10adc3949ba59abbe56e057f20f883e)](String), 1(Integer), null, POST(String), 152(Long), {"code":20000,"data":{"token":"E8553A29993AA9F0450D76F419293CF4"},"msg":"操作成功！"}(String), 0:0:0:0:0:0:0:1(String)
2020-05-19 19:47:12.333 DEBUG [http-nio-1001-exec-9]com.jg.blog.mapper.LogMapper.save.debug:159 -<==    Updates: 1
2020-05-19 19:48:05.643 DEBUG [http-nio-1001-exec-10]com.jg.blog.mapper.BlogMapper.save.debug:159 -==>  Preparing: insert into bl_blog( blog_id, blog_title,blog_image, blog_content, blog_type, blog_remark, blog_source ) values ( ?, ?, ?, ?, ?, ?, ? ) 
2020-05-19 19:48:05.646 DEBUG [http-nio-1001-exec-10]com.jg.blog.mapper.BlogMapper.save.debug:159 -==> Parameters: 1262711622848954368(String), 博客6(String), null, 内容6(String), 7(Integer), null, null
2020-05-19 19:48:05.993 DEBUG [http-nio-1001-exec-10]com.jg.blog.mapper.BlogMapper.save.debug:159 -<==    Updates: 1
2020-05-19 19:48:06.045 DEBUG [http-nio-1001-exec-10]com.jg.blog.mapper.LogMapper.save.debug:159 -==>  Preparing: insert into bl_log( log_url, log_params, log_status, log_message, log_method, log_time, log_result, log_ip ) values ( ?, ?, ?, ?, ?, ?, ?, ? ) 
2020-05-19 19:48:06.047 DEBUG [http-nio-1001-exec-10]com.jg.blog.mapper.LogMapper.save.debug:159 -==> Parameters: /blog/save(String), [Blog(blogId=null, blogTitle=博客6, blogImage=null, blogContent=内容6, blogGoods=null, blogRead=null, blogCollection=null, blogType=7, blogRemark=null, blogComment=null, blogSource=null, createdTime=null, updateTime=null, version=null, deleted=null)](String), 1(Integer), null, POST(String), 410(Long), {"code":20000,"msg":"添加成功"}(String), 0:0:0:0:0:0:0:1(String)
2020-05-19 19:48:06.136 DEBUG [http-nio-1001-exec-10]com.jg.blog.mapper.LogMapper.save.debug:159 -<==    Updates: 1
2020-05-19 19:48:17.043 DEBUG [http-nio-1001-exec-2]com.jg.blog.mapper.BlogMapper.getByPage.debug:159 -==>  Preparing: select blog_id, blog_title, blog_image,blog_goods, blog_read, blog_collection, blog_remark, blog_comment, blog_source, created_time, update_time,type_name from bl_blog as b inner join bl_type as t on type_id = blog_type where t.deleted = 0 and b.deleted = 0 limit ?, ? 
2020-05-19 19:48:17.044 DEBUG [http-nio-1001-exec-2]com.jg.blog.mapper.BlogMapper.getByPage.debug:159 -==> Parameters: 0(Integer), 2(Integer)
2020-05-19 19:48:17.090 DEBUG [http-nio-1001-exec-2]com.jg.blog.mapper.BlogMapper.getByPage.debug:159 -<==      Total: 2
2020-05-19 19:48:17.094 DEBUG [http-nio-1001-exec-2]com.jg.blog.mapper.BlogMapper.getCountByPage.debug:159 -==>  Preparing: select count(*) from bl_blog as b inner join bl_type as t on type_id = blog_type where t.deleted = 0 and b.deleted = 0 
2020-05-19 19:48:17.096 DEBUG [http-nio-1001-exec-2]com.jg.blog.mapper.BlogMapper.getCountByPage.debug:159 -==> Parameters: 
2020-05-19 19:48:17.141 DEBUG [http-nio-1001-exec-2]com.jg.blog.mapper.BlogMapper.getCountByPage.debug:159 -<==      Total: 1
2020-05-19 19:48:17.322 DEBUG [http-nio-1001-exec-2]com.jg.blog.mapper.LogMapper.save.debug:159 -==>  Preparing: insert into bl_log( log_url, log_params, log_status, log_message, log_method, log_time, log_result, log_ip ) values ( ?, ?, ?, ?, ?, ?, ?, ? ) 
2020-05-19 19:48:17.324 DEBUG [http-nio-1001-exec-2]com.jg.blog.mapper.LogMapper.save.debug:159 -==> Parameters: /blog/getByPage(String), [Page(currentPage=1, pageSize=2, totalPage=0, totalCount=0, list=null, params={}, sortColumn=null, sortMethod=asc)](String), 1(Integer), null, POST(String), 406(Long), {"code":20000,"data":{"currentPage":1,"index":0,"list":[null,null],"pageSize":2,"params":{},"sortMethod":"asc","totalCount":6,"totalPage":3},"msg":"操作成功！"}(String), 0:0:0:0:0:0:0:1(String)
2020-05-19 19:48:17.412 DEBUG [http-nio-1001-exec-2]com.jg.blog.mapper.LogMapper.save.debug:159 -<==    Updates: 1
2020-05-19 19:50:37.366 DEBUG [main]com.jg.blog.BlogApplication.logStarting:56 -Running with Spring Boot v2.3.0.RELEASE, Spring v5.2.6.RELEASE
2020-05-19 19:51:07.313 DEBUG [http-nio-1001-exec-1]com.jg.blog.mapper.AdminMapper.getByUsername.debug:159 -==>  Preparing: select name, header, signature, username, password from bl_admin where username = ? 
2020-05-19 19:51:07.355 DEBUG [http-nio-1001-exec-1]com.jg.blog.mapper.AdminMapper.getByUsername.debug:159 -==> Parameters: admin(String)
2020-05-19 19:51:07.451 DEBUG [http-nio-1001-exec-1]com.jg.blog.mapper.AdminMapper.getByUsername.debug:159 -<==      Total: 1
2020-05-19 19:51:07.625 DEBUG [http-nio-1001-exec-1]com.jg.blog.mapper.LogMapper.save.debug:159 -==>  Preparing: insert into bl_log( log_url, log_params, log_status, log_message, log_method, log_time, log_result, log_ip ) values ( ?, ?, ?, ?, ?, ?, ?, ? ) 
2020-05-19 19:51:07.630 DEBUG [http-nio-1001-exec-1]com.jg.blog.mapper.LogMapper.save.debug:159 -==> Parameters: /admin/login(String), [Admin(id=null, name=null, header=null, signature=null, comment=null, username=admin, password=e10adc3949ba59abbe56e057f20f883e)](String), 1(Integer), null, POST(String), 292(Long), {"code":20000,"data":{"token":"7AD2AE64DCD1E92FE4D7680713F15A85"},"msg":"操作成功！"}(String), 0:0:0:0:0:0:0:1(String)
2020-05-19 19:51:07.722 DEBUG [http-nio-1001-exec-1]com.jg.blog.mapper.LogMapper.save.debug:159 -<==    Updates: 1
2020-05-19 19:51:30.686 DEBUG [http-nio-1001-exec-3]com.jg.blog.mapper.BlogMapper.getByPage.debug:159 -==>  Preparing: select blog_id, blog_title, blog_image,blog_goods, blog_read, blog_collection, blog_remark, blog_comment, blog_source, created_time, update_time,type_name from bl_blog as b inner join bl_type as t on type_id = blog_type where t.deleted = 0 and b.deleted = 0 limit ?, ? 
2020-05-19 19:51:30.687 DEBUG [http-nio-1001-exec-3]com.jg.blog.mapper.BlogMapper.getByPage.debug:159 -==> Parameters: 0(Integer), 2(Integer)
2020-05-19 19:51:30.746 DEBUG [http-nio-1001-exec-3]com.jg.blog.mapper.BlogMapper.getByPage.debug:159 -<==      Total: 2
2020-05-19 19:51:30.750 DEBUG [http-nio-1001-exec-3]com.jg.blog.mapper.BlogMapper.getCountByPage.debug:159 -==>  Preparing: select count(*) from bl_blog as b inner join bl_type as t on type_id = blog_type where t.deleted = 0 and b.deleted = 0 
2020-05-19 19:51:30.751 DEBUG [http-nio-1001-exec-3]com.jg.blog.mapper.BlogMapper.getCountByPage.debug:159 -==> Parameters: 
2020-05-19 19:51:30.796 DEBUG [http-nio-1001-exec-3]com.jg.blog.mapper.BlogMapper.getCountByPage.debug:159 -<==      Total: 1
2020-05-19 19:51:30.963 DEBUG [http-nio-1001-exec-3]com.jg.blog.mapper.LogMapper.save.debug:159 -==>  Preparing: insert into bl_log( log_url, log_params, log_status, log_message, log_method, log_time, log_result, log_ip ) values ( ?, ?, ?, ?, ?, ?, ?, ? ) 
2020-05-19 19:51:30.966 DEBUG [http-nio-1001-exec-3]com.jg.blog.mapper.LogMapper.save.debug:159 -==> Parameters: /blog/getByPage(String), [Page(currentPage=1, pageSize=2, totalPage=0, totalCount=0, list=null, params={}, sortColumn=null, sortMethod=asc)](String), 1(Integer), null, POST(String), 371(Long), {"code":20000,"data":{"currentPage":1,"index":0,"list":[{"blogCollection":0,"blogComment":0,"blogGoods":0,"blogId":"1262709163762089984","blogRead":0,"blogTitle":"博客","createdTime":"2020-05-19 11:38:19","typeName":"JavaBoot","updateTime":"2020-05-19 11:38:19"},{"blogCollection":0,"blogComment":0,"blogGoods":0,"blogId":"1262709837061111808","blogRead":0,"blogTitle":"博客2","createdTime":"2020-05-19 11:40:59","typeName":"JavaBoot","updateTime":"2020-05-19 11:40:59"}],"pageSize":2,"params":{},"sortMethod":"asc","totalCount":6,"totalPage":3},"msg":"操作成功！"}(String), 0:0:0:0:0:0:0:1(String)
2020-05-19 19:51:31.067 DEBUG [http-nio-1001-exec-3]com.jg.blog.mapper.LogMapper.save.debug:159 -<==    Updates: 1
2020-05-19 20:00:42.775 DEBUG [http-nio-1001-exec-6]com.jg.blog.mapper.BlogMapper.getById.debug:159 -==>  Preparing: select blog_id, blog_title, blog_content, blog_goods, blog_image, blog_read, blog_collection, blog_type, blog_remark, blog_comment, blog_source, created_time, version from bl_blog where blog_id = ? and deleted = 0 
2020-05-19 20:00:42.783 DEBUG [http-nio-1001-exec-6]com.jg.blog.mapper.BlogMapper.getById.debug:159 -==> Parameters: 1262709163762089984(String)
2020-05-19 20:00:42.867 DEBUG [http-nio-1001-exec-6]com.jg.blog.mapper.BlogMapper.getById.debug:159 -<==      Total: 1
2020-05-19 20:00:42.948 DEBUG [http-nio-1001-exec-6]com.jg.blog.mapper.LogMapper.save.debug:159 -==>  Preparing: insert into bl_log( log_url, log_params, log_status, log_message, log_method, log_time, log_result, log_ip ) values ( ?, ?, ?, ?, ?, ?, ?, ? ) 
2020-05-19 20:00:42.954 DEBUG [http-nio-1001-exec-6]com.jg.blog.mapper.LogMapper.save.debug:159 -==> Parameters: /blog/get/1262709163762089984(String), [1262709163762089984](String), 1(Integer), null, POST(String), 189(Long), {"code":20000,"data":{"blogCollection":0,"blogComment":0,"blogContent":"内容","blogGoods":0,"blogId":"1262709163762089984","blogRead":0,"blogTitle":"博客","blogType":6,"createdTime":"2020-05-19 11:38:19","version":1},"msg":"操作成功！"}(String), 0:0:0:0:0:0:0:1(String)
2020-05-19 20:00:43.044 DEBUG [http-nio-1001-exec-6]com.jg.blog.mapper.LogMapper.save.debug:159 -<==    Updates: 1
2020-05-19 20:02:24.368 DEBUG [http-nio-1001-exec-10]com.jg.blog.mapper.BlogMapper.deleteById.debug:159 -==>  Preparing: update bl_blog set deleted = 1 where blog_id = ? 
2020-05-19 20:02:24.371 DEBUG [http-nio-1001-exec-10]com.jg.blog.mapper.BlogMapper.deleteById.debug:159 -==> Parameters: 1262709163762089984(String)
2020-05-19 20:02:24.457 DEBUG [http-nio-1001-exec-10]com.jg.blog.mapper.BlogMapper.deleteById.debug:159 -<==    Updates: 1
2020-05-19 20:02:24.554 DEBUG [http-nio-1001-exec-10]com.jg.blog.mapper.LogMapper.save.debug:159 -==>  Preparing: insert into bl_log( log_url, log_params, log_status, log_message, log_method, log_time, log_result, log_ip ) values ( ?, ?, ?, ?, ?, ?, ?, ? ) 
2020-05-19 20:02:24.556 DEBUG [http-nio-1001-exec-10]com.jg.blog.mapper.LogMapper.save.debug:159 -==> Parameters: /blog/delete/1262709163762089984(String), [1262709163762089984](String), 1(Integer), null, DELETE(String), 194(Long), {"code":20000,"msg":"删除成功"}(String), 0:0:0:0:0:0:0:1(String)
2020-05-19 20:02:24.658 DEBUG [http-nio-1001-exec-10]com.jg.blog.mapper.LogMapper.save.debug:159 -<==    Updates: 1
2020-05-19 20:02:48.750 DEBUG [http-nio-1001-exec-2]com.jg.blog.mapper.BlogMapper.getById.debug:159 -==>  Preparing: select blog_id, blog_title, blog_content, blog_goods, blog_image, blog_read, blog_collection, blog_type, blog_remark, blog_comment, blog_source, created_time, version from bl_blog where blog_id = ? and deleted = 0 
2020-05-19 20:02:48.752 DEBUG [http-nio-1001-exec-2]com.jg.blog.mapper.BlogMapper.getById.debug:159 -==> Parameters: 1262709163762089984(String)
2020-05-19 20:02:48.806 DEBUG [http-nio-1001-exec-2]com.jg.blog.mapper.BlogMapper.getById.debug:159 -<==      Total: 0
2020-05-19 20:02:48.878 DEBUG [http-nio-1001-exec-2]com.jg.blog.mapper.LogMapper.save.debug:159 -==>  Preparing: insert into bl_log( log_url, log_params, log_status, log_message, log_method, log_time, log_result, log_ip ) values ( ?, ?, ?, ?, ?, ?, ?, ? ) 
2020-05-19 20:02:48.882 DEBUG [http-nio-1001-exec-2]com.jg.blog.mapper.LogMapper.save.debug:159 -==> Parameters: /blog/get/1262709163762089984(String), [1262709163762089984](String), 1(Integer), null, POST(String), 122(Long), {"code":20000,"msg":"操作成功！"}(String), 0:0:0:0:0:0:0:1(String)
2020-05-19 20:02:48.980 DEBUG [http-nio-1001-exec-2]com.jg.blog.mapper.LogMapper.save.debug:159 -<==    Updates: 1
